#
# There is insufficient memory for the Java Runtime Environment to continue.
# Native memory allocation (malloc) failed to allocate 1132928 bytes for Chunk::new
# Possible reasons:
#   The system is out of physical RAM or swap space
#   The process is running with CompressedOops enabled, and the Java Heap may be blocking the growth of the native heap
# Possible solutions:
#   Reduce memory load on the system
#   Increase physical memory or swap space
#   Check if swap backing store is full
#   Decrease Java heap size (-Xmx/-Xms)
#   Decrease number of Java threads
#   Decrease Java thread stack sizes (-Xss)
#   Set larger code cache with -XX:ReservedCodeCacheSize=
#   JVM is running with Unscaled Compressed Oops mode in which the Java heap is
#     placed in the first 4GB address space. The Java Heap base address is the
#     maximum limit for the native heap growth. Please use -XX:HeapBaseMinAddress
#     to set the Java Heap base and to place the Java Heap above 4GB virtual address.
# This output file may be truncated or incomplete.
#
#  Out of Memory Error (arena.cpp:191), pid=45808, tid=43508
#
# JRE version: OpenJDK Runtime Environment Microsoft-8902769 (17.0.10+7) (build 17.0.10+7-LTS)
# Java VM: OpenJDK 64-Bit Server VM Microsoft-8902769 (17.0.10+7-LTS, mixed mode, sharing, tiered, compressed oops, compressed class ptrs, g1 gc, windows-amd64)
# No core dump will be written. Minidumps are not enabled by default on client versions of Windows
#

---------------  S U M M A R Y ------------

Command Line: -XX:MaxMetaspaceSize=512m --add-opens=java.base/java.util=ALL-UNNAMED --add-opens=java.base/java.lang=ALL-UNNAMED --add-opens=java.base/java.lang.invoke=ALL-UNNAMED --add-opens=java.prefs/java.util.prefs=ALL-UNNAMED --add-opens=java.base/java.nio.charset=ALL-UNNAMED --add-opens=java.base/java.net=ALL-UNNAMED --add-opens=java.base/java.util.concurrent.atomic=ALL-UNNAMED -Xmx2048m -Dfile.encoding=utf8 -Duser.country=IN -Duser.language=en -Duser.variant -javaagent:C:\Users\abhinav dhanala\.gradle\wrapper\dists\gradle-8.3-all\6en3ugtfdg5xnpx44z4qbwgas\gradle-8.3\lib\agents\gradle-instrumentation-agent-8.3.jar org.gradle.launcher.daemon.bootstrap.GradleDaemon 8.3

Host: AMD Ryzen 5 3550H with Radeon Vega Mobile Gfx  , 8 cores, 5G,  Windows 11 , 64 bit Build 22621 (10.0.22621.3958)
Time: Tue Aug 27 22:26:46 2024 India Standard Time elapsed time: 247.710858 seconds (0d 0h 4m 7s)

---------------  T H R E A D  ---------------

Current thread (0x000001f6f6227030):  JavaThread "C2 CompilerThread0" daemon [_thread_in_native, id=43508, stack(0x000000685d400000,0x000000685d500000)]


Current CompileTask:
C2: 247736 14113       4       org.objectweb.asm.SymbolTable::addConstant (330 bytes)

Stack: [0x000000685d400000,0x000000685d500000]
Native frames: (J=compiled Java code, j=interpreted, Vv=VM code, C=native code)
V  [jvm.dll+0x67f829]
V  [jvm.dll+0x83750a]
V  [jvm.dll+0x838fce]
V  [jvm.dll+0x839633]
V  [jvm.dll+0x247cbf]
V  [jvm.dll+0xac524]
V  [jvm.dll+0xacb6c]
V  [jvm.dll+0x368cf7]
V  [jvm.dll+0x33311a]
V  [jvm.dll+0x3325ba]
V  [jvm.dll+0x21a401]
V  [jvm.dll+0x219821]
V  [jvm.dll+0x1a5176]
V  [jvm.dll+0x22957e]
V  [jvm.dll+0x22774c]
V  [jvm.dll+0x7ec5d7]
V  [jvm.dll+0x7e69da]
V  [jvm.dll+0x67e715]
C  [ucrtbase.dll+0x29333]
C  [KERNEL32.DLL+0x1257d]
C  [ntdll.dll+0x5af28]


---------------  P R O C E S S  ---------------

Threads class SMR info:
_java_thread_list=0x000001f6ff649670, length=106, elements={
0x000001f6d83107c0, 0x000001f6f6208210, 0x000001f6f6209090, 0x000001f6f621a2c0,
0x000001f6f621be90, 0x000001f6f6220970, 0x000001f6f6223340, 0x000001f6f6227030,
0x000001f6f6234f10, 0x000001f6f623bc50, 0x000001f6f61f4cc0, 0x000001f6f6a5da80,
0x000001f6fc6a9250, 0x000001f6fc45c0a0, 0x000001f6fb91e630, 0x000001f6f6a51ac0,
0x000001f6fbd68430, 0x000001f6fbd1fb80, 0x000001f6fbd21d00, 0x000001f6fb864500,
0x000001f6fb865430, 0x000001f6fb864a10, 0x000001f6fb864f20, 0x000001f6fb865e50,
0x000001f6fb8677a0, 0x000001f6fb866360, 0x000001f6fb866d80, 0x000001f6fb863ff0,
0x000001f6fbb374f0, 0x000001f6fbb38930, 0x000001f6fbb38420, 0x000001f6fbb35ba0,
0x000001f6fbb33d40, 0x000001f6fbb35180, 0x000001f6fbb31ee0, 0x000001f6fbb38e40,
0x000001f6fbb34250, 0x000001f6fbb319d0, 0x000001f6fbb360b0, 0x000001f6fbb35690,
0x000001f6fbb33320, 0x000001f6fbb34760, 0x000001f6fbb34c70, 0x000001f6fbb36ad0,
0x000001f6fbb37a00, 0x000001f6fbb36fe0, 0x000001f6fbb323f0, 0x000001f6fbb33830,
0x000001f6fbb39350, 0x000001f6fbb32e10, 0x000001f6fb865940, 0x000001f6fd778820,
0x000001f6fd777e00, 0x000001f6fd778d30, 0x000001f6fd779750, 0x000001f6fd779c60,
0x000001f6fd776ed0, 0x000001f6fd7764b0, 0x000001f6fd778310, 0x000001f6fd77b0a0,
0x000001f6fd7778f0, 0x000001f6fd77ab90, 0x000001f6fd77c4e0, 0x000001f6fd77cf00,
0x000001f6fd77d410, 0x000001f6fd775fa0, 0x000001f6fd77d920, 0x000001f6fea57670,
0x000001f6fea57160, 0x000001f6fea585a0, 0x000001f6fea57b80, 0x000001f6fea5b840,
0x000001f6fea58090, 0x000001f6fea58ab0, 0x000001f6fea5a910, 0x000001f6fea5c770,
0x000001f6fea56c50, 0x000001f6fea56740, 0x000001f6fea5cc80, 0x000001f6fea5b330,
0x000001f6fea5a400, 0x000001f6fea5d190, 0x000001f6fea58fc0, 0x000001f6fea599e0,
0x000001f6fea59ef0, 0x000001f6fea5dbb0, 0x000001f6fea5ae20, 0x000001f6fea5bd50,
0x000001f6fea5e0c0, 0x000001f6fea5c260, 0x000001f6fd77a680, 0x000001f6a1694540,
0x000001f6a1699b50, 0x000001f6a169a570, 0x000001f6a1695470, 0x000001f6a1694a50,
0x000001f6a1698710, 0x000001f6a1695980, 0x000001f6a1695e90, 0x000001f6a16968b0,
0x000001f6a1696dc0, 0x000001f6a169a060, 0x000001f6a169aa80, 0x000001f6a169af90,
0x000001f6a1698c20, 0x000001f6a1693b20
}

Java Threads: ( => current thread )
  0x000001f6d83107c0 JavaThread "main" [_thread_blocked, id=45524, stack(0x000000685c700000,0x000000685c800000)]
  0x000001f6f6208210 JavaThread "Reference Handler" daemon [_thread_blocked, id=35268, stack(0x000000685ce00000,0x000000685cf00000)]
  0x000001f6f6209090 JavaThread "Finalizer" daemon [_thread_blocked, id=45244, stack(0x000000685cf00000,0x000000685d000000)]
  0x000001f6f621a2c0 JavaThread "Signal Dispatcher" daemon [_thread_blocked, id=44588, stack(0x000000685d000000,0x000000685d100000)]
  0x000001f6f621be90 JavaThread "Attach Listener" daemon [_thread_blocked, id=32048, stack(0x000000685d100000,0x000000685d200000)]
  0x000001f6f6220970 JavaThread "Service Thread" daemon [_thread_blocked, id=44660, stack(0x000000685d200000,0x000000685d300000)]
  0x000001f6f6223340 JavaThread "Monitor Deflation Thread" daemon [_thread_blocked, id=28212, stack(0x000000685d300000,0x000000685d400000)]
=>0x000001f6f6227030 JavaThread "C2 CompilerThread0" daemon [_thread_in_native, id=43508, stack(0x000000685d400000,0x000000685d500000)]
  0x000001f6f6234f10 JavaThread "C1 CompilerThread0" daemon [_thread_blocked, id=22944, stack(0x000000685d500000,0x000000685d600000)]
  0x000001f6f623bc50 JavaThread "Sweeper thread" daemon [_thread_blocked, id=15372, stack(0x000000685d600000,0x000000685d700000)]
  0x000001f6f61f4cc0 JavaThread "Common-Cleaner" daemon [_thread_blocked, id=39796, stack(0x000000685d700000,0x000000685d800000)]
  0x000001f6f6a5da80 JavaThread "Notification Thread" daemon [_thread_blocked, id=30772, stack(0x000000685d800000,0x000000685d900000)]
  0x000001f6fc6a9250 JavaThread "Daemon health stats" [_thread_blocked, id=45720, stack(0x000000685de00000,0x000000685df00000)]
  0x000001f6fc45c0a0 JavaThread "Incoming local TCP Connector on port 53643" [_thread_in_native, id=30316, stack(0x000000685df00000,0x000000685e000000)]
  0x000001f6fb91e630 JavaThread "Daemon periodic checks" [_thread_blocked, id=42308, stack(0x000000685e000000,0x000000685e100000)]
  0x000001f6f6a51ac0 JavaThread "Daemon" [_thread_blocked, id=45468, stack(0x000000685e100000,0x000000685e200000)]
  0x000001f6fbd68430 JavaThread "Handler for socket connection from /127.0.0.1:53643 to /127.0.0.1:53644" [_thread_in_native, id=45612, stack(0x000000685e200000,0x000000685e300000)]
  0x000001f6fbd1fb80 JavaThread "Cancel handler" [_thread_blocked, id=44308, stack(0x000000685e300000,0x000000685e400000)]
  0x000001f6fbd21d00 JavaThread "Daemon worker" [_thread_blocked, id=45336, stack(0x000000685e400000,0x000000685e500000)]
  0x000001f6fb864500 JavaThread "Asynchronous log dispatcher for DefaultDaemonConnection: socket connection from /127.0.0.1:53643 to /127.0.0.1:53644" [_thread_blocked, id=29176, stack(0x000000685e500000,0x000000685e600000)]
  0x000001f6fb865430 JavaThread "Daemon client event forwarder" [_thread_blocked, id=25572, stack(0x000000685e700000,0x000000685e800000)]
  0x000001f6fb864a10 JavaThread "Cache worker for journal cache (C:\Users\abhinav dhanala\.gradle\caches\journal-1)" [_thread_blocked, id=44400, stack(0x000000685eb00000,0x000000685ec00000)]
  0x000001f6fb864f20 JavaThread "File lock request listener" [_thread_in_native, id=23808, stack(0x000000685ec00000,0x000000685ed00000)]
  0x000001f6fb865e50 JavaThread "Cache worker for file hash cache (C:\Users\abhinav dhanala\.gradle\caches\8.3\fileHashes)" [_thread_blocked, id=45812, stack(0x000000685ed00000,0x000000685ee00000)]
  0x000001f6fb8677a0 JavaThread "File watcher server" daemon [_thread_in_native, id=14524, stack(0x000000685ee00000,0x000000685ef00000)]
  0x000001f6fb866360 JavaThread "File watcher consumer" daemon [_thread_blocked, id=32116, stack(0x000000685ef00000,0x000000685f000000)]
  0x000001f6fb866d80 JavaThread "jar transforms" [_thread_blocked, id=44132, stack(0x000000685f100000,0x000000685f200000)]
  0x000001f6fb863ff0 JavaThread "jar transforms Thread 2" [_thread_blocked, id=37896, stack(0x000000685f200000,0x000000685f300000)]
  0x000001f6fbb374f0 JavaThread "jar transforms Thread 3" [_thread_blocked, id=38060, stack(0x000000685f300000,0x000000685f400000)]
  0x000001f6fbb38930 JavaThread "Cache worker for checksums cache (C:\Users\abhinav dhanala\StartUp-main\android\.gradle\8.3\checksums)" [_thread_blocked, id=21164, stack(0x000000685f500000,0x000000685f600000)]
  0x000001f6fbb38420 JavaThread "Cache worker for file hash cache (C:\Users\abhinav dhanala\StartUp-main\android\.gradle\8.3\fileHashes)" [_thread_blocked, id=37628, stack(0x000000685f600000,0x000000685f700000)]
  0x000001f6fbb35ba0 JavaThread "Cache worker for cache directory md-supplier (C:\Users\abhinav dhanala\.gradle\caches\8.3\md-supplier)" [_thread_blocked, id=37768, stack(0x000000685f700000,0x000000685f800000)]
  0x000001f6fbb33d40 JavaThread "Cache worker for file content cache (C:\Users\abhinav dhanala\.gradle\caches\8.3\fileContent)" [_thread_blocked, id=20560, stack(0x000000685f800000,0x000000685f900000)]
  0x000001f6fbb35180 JavaThread "Cache worker for cache directory md-rule (C:\Users\abhinav dhanala\.gradle\caches\8.3\md-rule)" [_thread_blocked, id=38496, stack(0x000000685f900000,0x000000685fa00000)]
  0x000001f6fbb31ee0 JavaThread "Cache worker for execution history cache (C:\Users\abhinav dhanala\.gradle\caches\8.3\executionHistory)" [_thread_blocked, id=31960, stack(0x000000685fa00000,0x000000685fb00000)]
  0x000001f6fbb38e40 JavaThread "jar transforms Thread 4" [_thread_blocked, id=40924, stack(0x000000685fc00000,0x000000685fd00000)]
  0x000001f6fbb34250 JavaThread "jar transforms Thread 5" [_thread_blocked, id=45072, stack(0x000000685fd00000,0x000000685fe00000)]
  0x000001f6fbb319d0 JavaThread "jar transforms Thread 6" [_thread_blocked, id=38152, stack(0x000000685fe00000,0x000000685ff00000)]
  0x000001f6fbb360b0 JavaThread "jar transforms Thread 7" [_thread_blocked, id=45924, stack(0x000000685ff00000,0x0000006860000000)]
  0x000001f6fbb35690 JavaThread "jar transforms Thread 8" [_thread_blocked, id=27336, stack(0x0000006860000000,0x0000006860100000)]
  0x000001f6fbb33320 JavaThread "Cache worker for kotlin-dsl (C:\Users\abhinav dhanala\.gradle\caches\8.3\kotlin-dsl)" [_thread_blocked, id=30468, stack(0x000000685c300000,0x000000685c400000)]
  0x000001f6fbb34760 JavaThread "Unconstrained build operations" [_thread_blocked, id=43720, stack(0x000000685c400000,0x000000685c500000)]
  0x000001f6fbb34c70 JavaThread "Unconstrained build operations Thread 2" [_thread_blocked, id=44396, stack(0x000000685c500000,0x000000685c600000)]
  0x000001f6fbb36ad0 JavaThread "Cache worker for dependencies-accessors (C:\Users\abhinav dhanala\StartUp-main\android\.gradle\8.3\dependencies-accessors)" [_thread_blocked, id=27884, stack(0x000000685e600000,0x000000685e700000)]
  0x000001f6fbb37a00 JavaThread "Cache worker for Build Output Cleanup Cache (C:\Users\abhinav dhanala\StartUp-main\node_modules\@react-native\gradle-plugin\.gradle\buildOutputCleanup)" [_thread_blocked, id=7064, stack(0x0000006860300000,0x0000006860400000)]
  0x000001f6fbb36fe0 JavaThread "Unconstrained build operations Thread 3" [_thread_blocked, id=27080, stack(0x0000006860400000,0x0000006860500000)]
  0x000001f6fbb323f0 JavaThread "Unconstrained build operations Thread 4" [_thread_blocked, id=37212, stack(0x0000006860500000,0x0000006860600000)]
  0x000001f6fbb33830 JavaThread "Unconstrained build operations Thread 5" [_thread_blocked, id=27612, stack(0x0000006860600000,0x0000006860700000)]
  0x000001f6fbb39350 JavaThread "Unconstrained build operations Thread 6" [_thread_blocked, id=26320, stack(0x0000006860700000,0x0000006860800000)]
  0x000001f6fbb32e10 JavaThread "Unconstrained build operations Thread 7" [_thread_blocked, id=31100, stack(0x0000006860800000,0x0000006860900000)]
  0x000001f6fb865940 JavaThread "Unconstrained build operations Thread 8" [_thread_blocked, id=42136, stack(0x0000006860900000,0x0000006860a00000)]
  0x000001f6fd778820 JavaThread "Unconstrained build operations Thread 9" [_thread_blocked, id=39440, stack(0x0000006860a00000,0x0000006860b00000)]
  0x000001f6fd777e00 JavaThread "Memory manager" [_thread_blocked, id=42616, stack(0x0000006860c00000,0x0000006860d00000)]
  0x000001f6fd778d30 JavaThread "Cache worker for Build Output Cleanup Cache (C:\Users\abhinav dhanala\StartUp-main\android\.gradle\buildOutputCleanup)" [_thread_blocked, id=38016, stack(0x0000006860b00000,0x0000006860c00000)]
  0x000001f6fd779750 JavaThread "ForkJoinPool.commonPool-worker-1" daemon [_thread_blocked, id=40460, stack(0x0000006860e00000,0x0000006860f00000)]
  0x000001f6fd779c60 JavaThread "ForkJoinPool.commonPool-worker-2" daemon [_thread_blocked, id=45904, stack(0x0000006860f00000,0x0000006861000000)]
  0x000001f6fd776ed0 JavaThread "ForkJoinPool.commonPool-worker-4" daemon [_thread_blocked, id=45392, stack(0x0000006861100000,0x0000006861200000)]
  0x000001f6fd7764b0 JavaThread "ForkJoinPool.commonPool-worker-5" daemon [_thread_blocked, id=44348, stack(0x0000006861200000,0x0000006861300000)]
  0x000001f6fd778310 JavaThread "ForkJoinPool.commonPool-worker-7" daemon [_thread_blocked, id=43816, stack(0x0000006861400000,0x0000006861500000)]
  0x000001f6fd77b0a0 JavaThread "Execution worker" [_thread_blocked, id=44464, stack(0x0000006861800000,0x0000006861900000)]
  0x000001f6fd7778f0 JavaThread "Execution worker Thread 2" [_thread_blocked, id=42752, stack(0x0000006861900000,0x0000006861a00000)]
  0x000001f6fd77ab90 JavaThread "Execution worker Thread 3" [_thread_blocked, id=34116, stack(0x0000006861a00000,0x0000006861b00000)]
  0x000001f6fd77c4e0 JavaThread "Execution worker Thread 4" [_thread_blocked, id=42648, stack(0x0000006861b00000,0x0000006861c00000)]
  0x000001f6fd77cf00 JavaThread "Execution worker Thread 5" [_thread_blocked, id=36196, stack(0x0000006861c00000,0x0000006861d00000)]
  0x000001f6fd77d410 JavaThread "Execution worker Thread 6" [_thread_blocked, id=39532, stack(0x0000006861d00000,0x0000006861e00000)]
  0x000001f6fd775fa0 JavaThread "Execution worker Thread 7" [_thread_blocked, id=43664, stack(0x0000006861e00000,0x0000006861f00000)]
  0x000001f6fd77d920 JavaThread "Cache worker for execution history cache (C:\Users\abhinav dhanala\StartUp-main\node_modules\@react-native\gradle-plugin\.gradle\8.3\executionHistory)" [_thread_blocked, id=45844, stack(0x0000006861f00000,0x0000006862000000)]
  0x000001f6fea57670 JavaThread "Unconstrained build operations Thread 10" [_thread_blocked, id=39128, stack(0x0000006862000000,0x0000006862100000)]
  0x000001f6fea57160 JavaThread "Unconstrained build operations Thread 11" [_thread_blocked, id=44956, stack(0x0000006862100000,0x0000006862200000)]
  0x000001f6fea585a0 JavaThread "Unconstrained build operations Thread 12" [_thread_blocked, id=45160, stack(0x0000006862200000,0x0000006862300000)]
  0x000001f6fea57b80 JavaThread "Unconstrained build operations Thread 13" [_thread_blocked, id=45848, stack(0x0000006862300000,0x0000006862400000)]
  0x000001f6fea5b840 JavaThread "Unconstrained build operations Thread 14" [_thread_blocked, id=32524, stack(0x0000006862400000,0x0000006862500000)]
  0x000001f6fea58090 JavaThread "Unconstrained build operations Thread 15" [_thread_blocked, id=41080, stack(0x0000006862500000,0x0000006862600000)]
  0x000001f6fea58ab0 JavaThread "Unconstrained build operations Thread 16" [_thread_blocked, id=42048, stack(0x0000006862600000,0x0000006862700000)]
  0x000001f6fea5a910 JavaThread "Unconstrained build operations Thread 17" [_thread_blocked, id=36868, stack(0x0000006862700000,0x0000006862800000)]
  0x000001f6fea5c770 JavaThread "Unconstrained build operations Thread 18" [_thread_blocked, id=40572, stack(0x0000006862800000,0x0000006862900000)]
  0x000001f6fea56c50 JavaThread "Unconstrained build operations Thread 19" [_thread_blocked, id=45624, stack(0x0000006862900000,0x0000006862a00000)]
  0x000001f6fea56740 JavaThread "Unconstrained build operations Thread 20" [_thread_blocked, id=45984, stack(0x0000006862a00000,0x0000006862b00000)]
  0x000001f6fea5cc80 JavaThread "Unconstrained build operations Thread 21" [_thread_blocked, id=42676, stack(0x0000006862b00000,0x0000006862c00000)]
  0x000001f6fea5b330 JavaThread "Unconstrained build operations Thread 22" [_thread_blocked, id=39356, stack(0x0000006862c00000,0x0000006862d00000)]
  0x000001f6fea5a400 JavaThread "Unconstrained build operations Thread 23" [_thread_blocked, id=29616, stack(0x0000006862d00000,0x0000006862e00000)]
  0x000001f6fea5d190 JavaThread "Unconstrained build operations Thread 24" [_thread_blocked, id=33244, stack(0x0000006862e00000,0x0000006862f00000)]
  0x000001f6fea58fc0 JavaThread "Unconstrained build operations Thread 25" [_thread_blocked, id=41856, stack(0x0000006862f00000,0x0000006863000000)]
  0x000001f6fea599e0 JavaThread "Unconstrained build operations Thread 26" [_thread_blocked, id=30292, stack(0x000000685f000000,0x000000685f100000)]
  0x000001f6fea59ef0 JavaThread "Unconstrained build operations Thread 27" [_thread_blocked, id=28072, stack(0x0000006860d00000,0x0000006860e00000)]
  0x000001f6fea5dbb0 JavaThread "Unconstrained build operations Thread 28" [_thread_blocked, id=35772, stack(0x0000006861300000,0x0000006861400000)]
  0x000001f6fea5ae20 JavaThread "Unconstrained build operations Thread 29" [_thread_blocked, id=43656, stack(0x0000006861500000,0x0000006861600000)]
  0x000001f6fea5bd50 JavaThread "Unconstrained build operations Thread 30" [_thread_blocked, id=26372, stack(0x0000006861600000,0x0000006861700000)]
  0x000001f6fea5e0c0 JavaThread "Unconstrained build operations Thread 31" [_thread_blocked, id=16592, stack(0x0000006861700000,0x0000006861800000)]
  0x000001f6fea5c260 JavaThread "Unconstrained build operations Thread 32" [_thread_blocked, id=21076, stack(0x0000006863000000,0x0000006863100000)]
  0x000001f6fd77a680 JavaThread "File lock release action executor Thread 2" [_thread_blocked, id=26028, stack(0x0000006863100000,0x0000006863200000)]
  0x000001f6a1694540 JavaThread "Unconstrained build operations Thread 33" [_thread_blocked, id=43956, stack(0x0000006863300000,0x0000006863400000)]
  0x000001f6a1699b50 JavaThread "Unconstrained build operations Thread 34" [_thread_blocked, id=45664, stack(0x0000006863400000,0x0000006863500000)]
  0x000001f6a169a570 JavaThread "Unconstrained build operations Thread 35" [_thread_blocked, id=43612, stack(0x0000006863500000,0x0000006863600000)]
  0x000001f6a1695470 JavaThread "Unconstrained build operations Thread 36" [_thread_blocked, id=38712, stack(0x0000006863600000,0x0000006863700000)]
  0x000001f6a1694a50 JavaThread "Unconstrained build operations Thread 37" [_thread_blocked, id=44432, stack(0x0000006863700000,0x0000006863800000)]
  0x000001f6a1698710 JavaThread "Unconstrained build operations Thread 38" [_thread_blocked, id=45384, stack(0x0000006863800000,0x0000006863900000)]
  0x000001f6a1695980 JavaThread "Unconstrained build operations Thread 39" [_thread_blocked, id=45608, stack(0x0000006863900000,0x0000006863a00000)]
  0x000001f6a1695e90 JavaThread "Unconstrained build operations Thread 40" [_thread_blocked, id=41124, stack(0x0000006863a00000,0x0000006863b00000)]
  0x000001f6a16968b0 JavaThread "Unconstrained build operations Thread 41" [_thread_blocked, id=46156, stack(0x0000006861000000,0x0000006861100000)]
  0x000001f6a1696dc0 JavaThread "Unconstrained build operations Thread 42" [_thread_blocked, id=18804, stack(0x0000006863b00000,0x0000006863c00000)]
  0x000001f6a169a060 JavaThread "Unconstrained build operations Thread 43" [_thread_blocked, id=46560, stack(0x0000006863c00000,0x0000006863d00000)]
  0x000001f6a169aa80 JavaThread "Unconstrained build operations Thread 44" [_thread_blocked, id=46564, stack(0x0000006863d00000,0x0000006863e00000)]
  0x000001f6a169af90 JavaThread "Unconstrained build operations Thread 45" [_thread_blocked, id=46552, stack(0x0000006863e00000,0x0000006863f00000)]
  0x000001f6a1698c20 JavaThread "Unconstrained build operations Thread 46" [_thread_blocked, id=41316, stack(0x0000006863f00000,0x0000006864000000)]
  0x000001f6a1693b20 JavaThread "Unconstrained build operations Thread 47" [_thread_blocked, id=45960, stack(0x0000006864000000,0x0000006864100000)]

Other Threads:
  0x000001f6f62025f0 VMThread "VM Thread" [stack: 0x000000685cd00000,0x000000685ce00000] [id=14284]
  0x000001f6f6abdad0 WatcherThread [stack: 0x000000685d900000,0x000000685da00000] [id=45816]
  0x000001f6d836e4f0 GCTaskThread "GC Thread#0" [stack: 0x000000685c800000,0x000000685c900000] [id=45520]
  0x000001f6fb5cbd80 GCTaskThread "GC Thread#1" [stack: 0x000000685da00000,0x000000685db00000] [id=30176]
  0x000001f6fb5680e0 GCTaskThread "GC Thread#2" [stack: 0x000000685db00000,0x000000685dc00000] [id=45736]
  0x000001f6fb6fc440 GCTaskThread "GC Thread#3" [stack: 0x000000685dc00000,0x000000685dd00000] [id=45804]
  0x000001f6fb7d38b0 GCTaskThread "GC Thread#4" [stack: 0x000000685dd00000,0x000000685de00000] [id=45216]
  0x000001f6fb879d80 GCTaskThread "GC Thread#5" [stack: 0x000000685e800000,0x000000685e900000] [id=44552]
  0x000001f6fc4a33b0 GCTaskThread "GC Thread#6" [stack: 0x000000685e900000,0x000000685ea00000] [id=44376]
  0x000001f6fb83fca0 GCTaskThread "GC Thread#7" [stack: 0x000000685ea00000,0x000000685eb00000] [id=45452]
  0x000001f6d837f440 ConcurrentGCThread "G1 Main Marker" [stack: 0x000000685c900000,0x000000685ca00000] [id=45752]
  0x000001f6d837ffb0 ConcurrentGCThread "G1 Conc#0" [stack: 0x000000685ca00000,0x000000685cb00000] [id=45748]
  0x000001f6fcf58a40 ConcurrentGCThread "G1 Conc#1" [stack: 0x000000685f400000,0x000000685f500000] [id=38552]
  0x000001f6f60bbce0 ConcurrentGCThread "G1 Refine#0" [stack: 0x000000685cb00000,0x000000685cc00000] [id=45740]
  0x000001f6fc5357f0 ConcurrentGCThread "G1 Refine#1" [stack: 0x000000685fb00000,0x000000685fc00000] [id=41608]
  0x000001f6f60bc710 ConcurrentGCThread "G1 Service" [stack: 0x000000685cc00000,0x000000685cd00000] [id=9872]

Threads with active compile tasks:
C2 CompilerThread0   249233 14113       4       org.objectweb.asm.SymbolTable::addConstant (330 bytes)

VM state: at safepoint (normal execution)

VM Mutex/Monitor currently owned by a thread:  ([mutex/lock_event])
[0x000001f6d6029610] Threads_lock - owner thread: 0x000001f6f62025f0
[0x000001f6d830b840] Heap_lock - owner thread: 0x000001f6d837f440

Heap address: 0x0000000080000000, size: 2048 MB, Compressed Oops mode: 32-bit

CDS archive(s) mapped at: [0x000001f680000000-0x000001f680bb0000-0x000001f680bb0000), size 12255232, SharedBaseAddress: 0x000001f680000000, ArchiveRelocationMode: 1.
Compressed class space mapped at: 0x000001f681000000-0x000001f69b000000, reserved size: 436207616
Narrow klass base: 0x000001f680000000, Narrow klass shift: 0, Narrow klass range: 0x100000000

GC Precious Log:
 CPUs: 8 total, 8 available
 Memory: 6081M
 Large Page Support: Disabled
 NUMA Support: Disabled
 Compressed Oops: Enabled (32-bit)
 Heap Region Size: 1M
 Heap Min Capacity: 8M
 Heap Initial Capacity: 96M
 Heap Max Capacity: 2G
 Pre-touch: Disabled
 Parallel Workers: 8
 Concurrent Workers: 2
 Concurrent Refinement Workers: 8
 Periodic GC: Disabled

Heap:
 garbage-first heap   total 260096K, used 189977K [0x0000000080000000, 0x0000000100000000)
  region size 1024K, 43 young (44032K), 2 survivors (2048K)
 Metaspace       used 99917K, committed 100992K, reserved 557056K
  class space    used 13923K, committed 14400K, reserved 425984K

Heap Regions: E=young(eden), S=young(survivor), O=old, HS=humongous(starts), HC=humongous(continues), CS=collection set, F=free, OA=open archive, CA=closed archive, TAMS=top-at-mark-start (previous, next)
|   0|0x0000000080000000, 0x0000000080100000, 0x0000000080100000|100%|HS|  |TAMS 0x0000000080100000, 0x0000000080000000| Complete 
|   1|0x0000000080100000, 0x0000000080200000, 0x0000000080200000|100%|HC|  |TAMS 0x0000000080200000, 0x0000000080100000| Complete 
|   2|0x0000000080200000, 0x0000000080300000, 0x0000000080300000|100%|HC|  |TAMS 0x0000000080300000, 0x0000000080200000| Complete 
|   3|0x0000000080300000, 0x0000000080400000, 0x0000000080400000|100%|HC|  |TAMS 0x0000000080400000, 0x0000000080300000| Complete 
|   4|0x0000000080400000, 0x0000000080500000, 0x0000000080500000|100%| O|  |TAMS 0x0000000080500000, 0x0000000080400000| Untracked 
|   5|0x0000000080500000, 0x0000000080600000, 0x0000000080600000|100%| O|  |TAMS 0x0000000080600000, 0x0000000080500000| Updating 
|   6|0x0000000080600000, 0x0000000080700000, 0x0000000080700000|100%| O|  |TAMS 0x0000000080700000, 0x0000000080600000| Untracked 
|   7|0x0000000080700000, 0x0000000080800000, 0x0000000080800000|100%| O|  |TAMS 0x0000000080800000, 0x0000000080700000| Untracked 
|   8|0x0000000080800000, 0x0000000080900000, 0x0000000080900000|100%| O|  |TAMS 0x0000000080900000, 0x0000000080800000| Untracked 
|   9|0x0000000080900000, 0x0000000080a00000, 0x0000000080a00000|100%| O|  |TAMS 0x0000000080a00000, 0x0000000080900000| Untracked 
|  10|0x0000000080a00000, 0x0000000080b00000, 0x0000000080b00000|100%| O|  |TAMS 0x0000000080b00000, 0x0000000080a00000| Updating 
|  11|0x0000000080b00000, 0x0000000080c00000, 0x0000000080c00000|100%| O|  |TAMS 0x0000000080c00000, 0x0000000080b00000| Untracked 
|  12|0x0000000080c00000, 0x0000000080d00000, 0x0000000080d00000|100%| O|  |TAMS 0x0000000080d00000, 0x0000000080c00000| Untracked 
|  13|0x0000000080d00000, 0x0000000080e00000, 0x0000000080e00000|100%| O|  |TAMS 0x0000000080e00000, 0x0000000080d00000| Updating 
|  14|0x0000000080e00000, 0x0000000080f00000, 0x0000000080f00000|100%| O|  |TAMS 0x0000000080f00000, 0x0000000080e00000| Untracked 
|  15|0x0000000080f00000, 0x0000000081000000, 0x0000000081000000|100%| O|  |TAMS 0x0000000081000000, 0x0000000080f00000| Untracked 
|  16|0x0000000081000000, 0x0000000081100000, 0x0000000081100000|100%| O|  |TAMS 0x0000000081100000, 0x0000000081000000| Untracked 
|  17|0x0000000081100000, 0x0000000081200000, 0x0000000081200000|100%| O|  |TAMS 0x0000000081200000, 0x0000000081100000| Untracked 
|  18|0x0000000081200000, 0x0000000081300000, 0x0000000081300000|100%| O|  |TAMS 0x0000000081300000, 0x0000000081200000| Untracked 
|  19|0x0000000081300000, 0x0000000081400000, 0x0000000081400000|100%| O|  |TAMS 0x0000000081400000, 0x0000000081300000| Untracked 
|  20|0x0000000081400000, 0x0000000081500000, 0x0000000081500000|100%| O|  |TAMS 0x0000000081500000, 0x0000000081400000| Untracked 
|  21|0x0000000081500000, 0x0000000081600000, 0x0000000081600000|100%| O|  |TAMS 0x0000000081600000, 0x0000000081500000| Updating 
|  22|0x0000000081600000, 0x0000000081700000, 0x0000000081700000|100%| O|  |TAMS 0x0000000081700000, 0x0000000081600000| Untracked 
|  23|0x0000000081700000, 0x0000000081800000, 0x0000000081800000|100%| O|  |TAMS 0x0000000081800000, 0x0000000081700000| Updating 
|  24|0x0000000081800000, 0x0000000081900000, 0x0000000081900000|100%| O|  |TAMS 0x0000000081900000, 0x0000000081800000| Updating 
|  25|0x0000000081900000, 0x0000000081a00000, 0x0000000081a00000|100%| O|  |TAMS 0x0000000081a00000, 0x0000000081900000| Untracked 
|  26|0x0000000081a00000, 0x0000000081b00000, 0x0000000081b00000|100%| O|  |TAMS 0x0000000081b00000, 0x0000000081a00000| Untracked 
|  27|0x0000000081b00000, 0x0000000081c00000, 0x0000000081c00000|100%| O|  |TAMS 0x0000000081c00000, 0x0000000081b00000| Untracked 
|  28|0x0000000081c00000, 0x0000000081d00000, 0x0000000081d00000|100%| O|  |TAMS 0x0000000081d00000, 0x0000000081c00000| Untracked 
|  29|0x0000000081d00000, 0x0000000081e00000, 0x0000000081e00000|100%| O|  |TAMS 0x0000000081e00000, 0x0000000081d00000| Untracked 
|  30|0x0000000081e00000, 0x0000000081f00000, 0x0000000081f00000|100%| O|  |TAMS 0x0000000081f00000, 0x0000000081e00000| Untracked 
|  31|0x0000000081f00000, 0x0000000082000000, 0x0000000082000000|100%| O|  |TAMS 0x0000000082000000, 0x0000000081f00000| Untracked 
|  32|0x0000000082000000, 0x0000000082100000, 0x0000000082100000|100%| O|  |TAMS 0x0000000082100000, 0x0000000082000000| Untracked 
|  33|0x0000000082100000, 0x0000000082200000, 0x0000000082200000|100%| O|  |TAMS 0x0000000082200000, 0x0000000082100000| Untracked 
|  34|0x0000000082200000, 0x0000000082300000, 0x0000000082300000|100%| O|  |TAMS 0x0000000082300000, 0x0000000082200000| Untracked 
|  35|0x0000000082300000, 0x0000000082400000, 0x0000000082400000|100%| O|  |TAMS 0x0000000082400000, 0x0000000082300000| Untracked 
|  36|0x0000000082400000, 0x0000000082500000, 0x0000000082500000|100%| O|  |TAMS 0x0000000082500000, 0x0000000082400000| Untracked 
|  37|0x0000000082500000, 0x0000000082600000, 0x0000000082600000|100%| O|  |TAMS 0x0000000082600000, 0x0000000082500000| Untracked 
|  38|0x0000000082600000, 0x0000000082700000, 0x0000000082700000|100%|HS|  |TAMS 0x0000000082700000, 0x0000000082600000| Complete 
|  39|0x0000000082700000, 0x0000000082800000, 0x0000000082800000|100%|HC|  |TAMS 0x0000000082800000, 0x0000000082700000| Complete 
|  40|0x0000000082800000, 0x0000000082900000, 0x0000000082900000|100%|HS|  |TAMS 0x0000000082900000, 0x0000000082800000| Complete 
|  41|0x0000000082900000, 0x0000000082a00000, 0x0000000082a00000|100%|HC|  |TAMS 0x0000000082a00000, 0x0000000082900000| Complete 
|  42|0x0000000082a00000, 0x0000000082b00000, 0x0000000082b00000|100%| O|  |TAMS 0x0000000082b00000, 0x0000000082a00000| Untracked 
|  43|0x0000000082b00000, 0x0000000082c00000, 0x0000000082c00000|100%| O|  |TAMS 0x0000000082c00000, 0x0000000082b00000| Updating 
|  44|0x0000000082c00000, 0x0000000082d00000, 0x0000000082d00000|100%| O|  |TAMS 0x0000000082d00000, 0x0000000082c00000| Untracked 
|  45|0x0000000082d00000, 0x0000000082e00000, 0x0000000082e00000|100%| O|  |TAMS 0x0000000082e00000, 0x0000000082d00000| Untracked 
|  46|0x0000000082e00000, 0x0000000082f00000, 0x0000000082f00000|100%| O|  |TAMS 0x0000000082f00000, 0x0000000082e00000| Untracked 
|  47|0x0000000082f00000, 0x0000000083000000, 0x0000000083000000|100%|HS|  |TAMS 0x0000000083000000, 0x0000000082f00000| Complete 
|  48|0x0000000083000000, 0x0000000083100000, 0x0000000083100000|100%|HC|  |TAMS 0x0000000083100000, 0x0000000083000000| Complete 
|  49|0x0000000083100000, 0x0000000083200000, 0x0000000083200000|100%|HC|  |TAMS 0x0000000083200000, 0x0000000083100000| Complete 
|  50|0x0000000083200000, 0x0000000083300000, 0x0000000083300000|100%|HC|  |TAMS 0x0000000083300000, 0x0000000083200000| Complete 
|  51|0x0000000083300000, 0x0000000083400000, 0x0000000083400000|100%| O|  |TAMS 0x0000000083400000, 0x0000000083300000| Updating 
|  52|0x0000000083400000, 0x0000000083500000, 0x0000000083500000|100%|HS|  |TAMS 0x0000000083500000, 0x0000000083400000| Complete 
|  53|0x0000000083500000, 0x0000000083600000, 0x0000000083600000|100%| O|  |TAMS 0x0000000083600000, 0x0000000083500000| Untracked 
|  54|0x0000000083600000, 0x0000000083700000, 0x0000000083700000|100%| O|  |TAMS 0x0000000083700000, 0x0000000083600000| Updating 
|  55|0x0000000083700000, 0x0000000083800000, 0x0000000083800000|100%| O|  |TAMS 0x0000000083800000, 0x0000000083700000| Updating 
|  56|0x0000000083800000, 0x0000000083900000, 0x0000000083900000|100%|HS|  |TAMS 0x0000000083900000, 0x0000000083800000| Complete 
|  57|0x0000000083900000, 0x0000000083a00000, 0x0000000083a00000|100%|HC|  |TAMS 0x0000000083a00000, 0x0000000083900000| Complete 
|  58|0x0000000083a00000, 0x0000000083b00000, 0x0000000083b00000|100%|HC|  |TAMS 0x0000000083b00000, 0x0000000083a00000| Complete 
|  59|0x0000000083b00000, 0x0000000083c00000, 0x0000000083c00000|100%|HC|  |TAMS 0x0000000083c00000, 0x0000000083b00000| Complete 
|  60|0x0000000083c00000, 0x0000000083d00000, 0x0000000083d00000|100%| O|  |TAMS 0x0000000083d00000, 0x0000000083c00000| Untracked 
|  61|0x0000000083d00000, 0x0000000083e00000, 0x0000000083e00000|100%| O|  |TAMS 0x0000000083e00000, 0x0000000083d00000| Untracked 
|  62|0x0000000083e00000, 0x0000000083f00000, 0x0000000083f00000|100%| O|  |TAMS 0x0000000083f00000, 0x0000000083e00000| Updating 
|  63|0x0000000083f00000, 0x0000000084000000, 0x0000000084000000|100%| O|  |TAMS 0x0000000084000000, 0x0000000083f00000| Updating 
|  64|0x0000000084000000, 0x0000000084100000, 0x0000000084100000|100%| O|  |TAMS 0x0000000084100000, 0x0000000084000000| Untracked 
|  65|0x0000000084100000, 0x0000000084200000, 0x0000000084200000|100%| O|  |TAMS 0x0000000084200000, 0x0000000084100000| Untracked 
|  66|0x0000000084200000, 0x0000000084300000, 0x0000000084300000|100%| O|  |TAMS 0x0000000084300000, 0x0000000084200000| Untracked 
|  67|0x0000000084300000, 0x0000000084400000, 0x0000000084400000|100%|HS|  |TAMS 0x0000000084400000, 0x0000000084300000| Complete 
|  68|0x0000000084400000, 0x0000000084500000, 0x0000000084500000|100%|HS|  |TAMS 0x0000000084500000, 0x0000000084400000| Complete 
|  69|0x0000000084500000, 0x0000000084600000, 0x0000000084600000|100%| O|  |TAMS 0x0000000084600000, 0x0000000084500000| Untracked 
|  70|0x0000000084600000, 0x0000000084700000, 0x0000000084700000|100%|HS|  |TAMS 0x0000000084700000, 0x0000000084600000| Complete 
|  71|0x0000000084700000, 0x0000000084800000, 0x0000000084800000|100%|HS|  |TAMS 0x0000000084800000, 0x0000000084700000| Complete 
|  72|0x0000000084800000, 0x0000000084900000, 0x0000000084900000|100%| O|  |TAMS 0x0000000084900000, 0x0000000084800000| Untracked 
|  73|0x0000000084900000, 0x0000000084a00000, 0x0000000084a00000|100%| O|  |TAMS 0x0000000084a00000, 0x0000000084900000| Untracked 
|  74|0x0000000084a00000, 0x0000000084b00000, 0x0000000084b00000|100%| O|  |TAMS 0x0000000084b00000, 0x0000000084a00000| Untracked 
|  75|0x0000000084b00000, 0x0000000084c00000, 0x0000000084c00000|100%| O|  |TAMS 0x0000000084c00000, 0x0000000084b00000| Untracked 
|  76|0x0000000084c00000, 0x0000000084d00000, 0x0000000084d00000|100%| O|  |TAMS 0x0000000084d00000, 0x0000000084c00000| Untracked 
|  77|0x0000000084d00000, 0x0000000084e00000, 0x0000000084e00000|100%| O|  |TAMS 0x0000000084e00000, 0x0000000084d00000| Untracked 
|  78|0x0000000084e00000, 0x0000000084f00000, 0x0000000084f00000|100%| O|  |TAMS 0x0000000084f00000, 0x0000000084e00000| Untracked 
|  79|0x0000000084f00000, 0x0000000085000000, 0x0000000085000000|100%| O|  |TAMS 0x0000000085000000, 0x0000000084f00000| Untracked 
|  80|0x0000000085000000, 0x0000000085100000, 0x0000000085100000|100%| O|  |TAMS 0x0000000085100000, 0x0000000085000000| Untracked 
|  81|0x0000000085100000, 0x0000000085200000, 0x0000000085200000|100%| O|  |TAMS 0x0000000085200000, 0x0000000085100000| Untracked 
|  82|0x0000000085200000, 0x0000000085300000, 0x0000000085300000|100%| O|  |TAMS 0x0000000085300000, 0x0000000085200000| Updating 
|  83|0x0000000085300000, 0x0000000085400000, 0x0000000085400000|100%| O|  |TAMS 0x0000000085400000, 0x0000000085300000| Untracked 
|  84|0x0000000085400000, 0x0000000085500000, 0x0000000085500000|100%| O|  |TAMS 0x0000000085500000, 0x0000000085400000| Untracked 
|  85|0x0000000085500000, 0x0000000085600000, 0x0000000085600000|100%| O|  |TAMS 0x0000000085600000, 0x0000000085500000| Untracked 
|  86|0x0000000085600000, 0x0000000085700000, 0x0000000085700000|100%| O|  |TAMS 0x0000000085700000, 0x0000000085600000| Untracked 
|  87|0x0000000085700000, 0x0000000085800000, 0x0000000085800000|100%| O|  |TAMS 0x0000000085800000, 0x0000000085700000| Untracked 
|  88|0x0000000085800000, 0x0000000085900000, 0x0000000085900000|100%| O|  |TAMS 0x0000000085900000, 0x0000000085800000| Untracked 
|  89|0x0000000085900000, 0x0000000085a00000, 0x0000000085a00000|100%| O|  |TAMS 0x0000000085a00000, 0x0000000085900000| Untracked 
|  90|0x0000000085a00000, 0x0000000085b00000, 0x0000000085b00000|100%| O|  |TAMS 0x0000000085b00000, 0x0000000085a00000| Untracked 
|  91|0x0000000085b00000, 0x0000000085c00000, 0x0000000085c00000|100%| O|  |TAMS 0x0000000085c00000, 0x0000000085b00000| Untracked 
|  92|0x0000000085c00000, 0x0000000085d00000, 0x0000000085d00000|100%| O|  |TAMS 0x0000000085d00000, 0x0000000085c00000| Untracked 
|  93|0x0000000085d00000, 0x0000000085e00000, 0x0000000085e00000|100%| O|  |TAMS 0x0000000085e00000, 0x0000000085d00000| Untracked 
|  94|0x0000000085e00000, 0x0000000085f00000, 0x0000000085f00000|100%| O|  |TAMS 0x0000000085f00000, 0x0000000085e00000| Untracked 
|  95|0x0000000085f00000, 0x0000000086000000, 0x0000000086000000|100%| O|  |TAMS 0x0000000086000000, 0x0000000085f00000| Untracked 
|  96|0x0000000086000000, 0x0000000086100000, 0x0000000086100000|100%| O|  |TAMS 0x0000000086100000, 0x0000000086000000| Untracked 
|  97|0x0000000086100000, 0x0000000086200000, 0x0000000086200000|100%| O|  |TAMS 0x0000000086200000, 0x0000000086100000| Untracked 
|  98|0x0000000086200000, 0x0000000086300000, 0x0000000086300000|100%| O|  |TAMS 0x0000000086300000, 0x0000000086200000| Updating 
|  99|0x0000000086300000, 0x0000000086400000, 0x0000000086400000|100%|HS|  |TAMS 0x0000000086400000, 0x0000000086300000| Complete 
| 100|0x0000000086400000, 0x0000000086500000, 0x0000000086500000|100%|HS|  |TAMS 0x0000000086500000, 0x0000000086400000| Complete 
| 101|0x0000000086500000, 0x0000000086600000, 0x0000000086600000|100%|HC|  |TAMS 0x0000000086600000, 0x0000000086500000| Complete 
| 102|0x0000000086600000, 0x0000000086700000, 0x0000000086700000|100%| O|  |TAMS 0x0000000086700000, 0x0000000086600000| Untracked 
| 103|0x0000000086700000, 0x0000000086800000, 0x0000000086800000|100%| O|  |TAMS 0x0000000086800000, 0x0000000086700000| Updating 
| 104|0x0000000086800000, 0x0000000086900000, 0x0000000086900000|100%| O|  |TAMS 0x0000000086900000, 0x0000000086800000| Untracked 
| 105|0x0000000086900000, 0x0000000086a00000, 0x0000000086a00000|100%| O|  |TAMS 0x0000000086a00000, 0x0000000086900000| Untracked 
| 106|0x0000000086a00000, 0x0000000086b00000, 0x0000000086b00000|100%| O|  |TAMS 0x0000000086b00000, 0x0000000086a00000| Untracked 
| 107|0x0000000086b00000, 0x0000000086c00000, 0x0000000086c00000|100%| O|  |TAMS 0x0000000086c00000, 0x0000000086b00000| Untracked 
| 108|0x0000000086c00000, 0x0000000086d00000, 0x0000000086d00000|100%| O|  |TAMS 0x0000000086d00000, 0x0000000086c00000| Untracked 
| 109|0x0000000086d00000, 0x0000000086e00000, 0x0000000086e00000|100%| O|  |TAMS 0x0000000086e00000, 0x0000000086d00000| Untracked 
| 110|0x0000000086e00000, 0x0000000086f00000, 0x0000000086f00000|100%| O|  |TAMS 0x0000000086f00000, 0x0000000086e00000| Untracked 
| 111|0x0000000086f00000, 0x0000000087000000, 0x0000000087000000|100%| O|  |TAMS 0x0000000087000000, 0x0000000086f00000| Untracked 
| 112|0x0000000087000000, 0x0000000087100000, 0x0000000087100000|100%| O|  |TAMS 0x0000000087100000, 0x0000000087000000| Untracked 
| 113|0x0000000087100000, 0x0000000087200000, 0x0000000087200000|100%| O|  |TAMS 0x0000000087200000, 0x0000000087100000| Untracked 
| 114|0x0000000087200000, 0x0000000087300000, 0x0000000087300000|100%| O|  |TAMS 0x0000000087300000, 0x0000000087200000| Updating 
| 115|0x0000000087300000, 0x0000000087400000, 0x0000000087400000|100%| O|  |TAMS 0x0000000087400000, 0x0000000087300000| Untracked 
| 116|0x0000000087400000, 0x0000000087500000, 0x0000000087500000|100%| O|  |TAMS 0x0000000087500000, 0x0000000087400000| Untracked 
| 117|0x0000000087500000, 0x0000000087600000, 0x0000000087600000|100%| O|  |TAMS 0x0000000087600000, 0x0000000087500000| Untracked 
| 118|0x0000000087600000, 0x0000000087700000, 0x0000000087700000|100%| O|  |TAMS 0x0000000087700000, 0x0000000087600000| Untracked 
| 119|0x0000000087700000, 0x0000000087800000, 0x0000000087800000|100%| O|  |TAMS 0x0000000087800000, 0x0000000087700000| Untracked 
| 120|0x0000000087800000, 0x0000000087900000, 0x0000000087900000|100%| O|  |TAMS 0x0000000087900000, 0x0000000087800000| Untracked 
| 121|0x0000000087900000, 0x0000000087a00000, 0x0000000087a00000|100%| O|  |TAMS 0x0000000087a00000, 0x0000000087900000| Untracked 
| 122|0x0000000087a00000, 0x0000000087b00000, 0x0000000087b00000|100%| O|  |TAMS 0x0000000087b00000, 0x0000000087a00000| Updating 
| 123|0x0000000087b00000, 0x0000000087c00000, 0x0000000087c00000|100%|HS|  |TAMS 0x0000000087c00000, 0x0000000087b00000| Complete 
| 124|0x0000000087c00000, 0x0000000087d00000, 0x0000000087d00000|100%|HC|  |TAMS 0x0000000087d00000, 0x0000000087c00000| Complete 
| 125|0x0000000087d00000, 0x0000000087e00000, 0x0000000087e00000|100%|HC|  |TAMS 0x0000000087e00000, 0x0000000087d00000| Complete 
| 126|0x0000000087e00000, 0x0000000087f00000, 0x0000000087f00000|100%|HS|  |TAMS 0x0000000087f00000, 0x0000000087e00000| Complete 
| 127|0x0000000087f00000, 0x0000000088000000, 0x0000000088000000|100%|HC|  |TAMS 0x0000000088000000, 0x0000000087f00000| Complete 
| 128|0x0000000088000000, 0x0000000088100000, 0x0000000088100000|100%|HS|  |TAMS 0x0000000088100000, 0x0000000088000000| Complete 
| 129|0x0000000088100000, 0x0000000088200000, 0x0000000088200000|100%| O|  |TAMS 0x0000000088200000, 0x0000000088100000| Untracked 
| 130|0x0000000088200000, 0x0000000088300000, 0x0000000088300000|100%| O|  |TAMS 0x0000000088300000, 0x0000000088200000| Untracked 
| 131|0x0000000088300000, 0x0000000088400000, 0x0000000088400000|100%| O|  |TAMS 0x0000000088400000, 0x0000000088300000| Untracked 
| 132|0x0000000088400000, 0x0000000088500000, 0x0000000088500000|100%| O|  |TAMS 0x0000000088500000, 0x0000000088400000| Untracked 
| 133|0x0000000088500000, 0x0000000088600000, 0x0000000088600000|100%| O|  |TAMS 0x0000000088600000, 0x0000000088500000| Untracked 
| 134|0x0000000088600000, 0x0000000088700000, 0x0000000088700000|100%| O|  |TAMS 0x0000000088700000, 0x0000000088600000| Updating 
| 135|0x0000000088700000, 0x0000000088800000, 0x0000000088800000|100%| O|  |TAMS 0x0000000088800000, 0x0000000088700000| Updating 
| 136|0x0000000088800000, 0x0000000088800000, 0x0000000088900000|  0%| F|  |TAMS 0x0000000088800000, 0x0000000088800000| Untracked 
| 137|0x0000000088900000, 0x0000000088a00000, 0x0000000088a00000|100%| O|  |TAMS 0x0000000088a00000, 0x0000000088900000| Updating 
| 138|0x0000000088a00000, 0x0000000088b00000, 0x0000000088b00000|100%| O|  |TAMS 0x0000000088b00000, 0x0000000088a00000| Untracked 
| 139|0x0000000088b00000, 0x0000000088c00000, 0x0000000088c00000|100%| O|  |TAMS 0x0000000088c00000, 0x0000000088b00000| Updating 
| 140|0x0000000088c00000, 0x0000000088d00000, 0x0000000088d00000|100%| O|  |TAMS 0x0000000088d00000, 0x0000000088c00000| Untracked 
| 141|0x0000000088d00000, 0x0000000088e00000, 0x0000000088e00000|100%| O|  |TAMS 0x0000000088e00000, 0x0000000088d00000| Untracked 
| 142|0x0000000088e00000, 0x0000000088f00000, 0x0000000088f00000|100%| O|  |TAMS 0x0000000088f00000, 0x0000000088e00000| Untracked 
| 143|0x0000000088f00000, 0x0000000089000000, 0x0000000089000000|100%| O|  |TAMS 0x0000000089000000, 0x0000000088f00000| Untracked 
| 144|0x0000000089000000, 0x0000000089100000, 0x0000000089100000|100%| O|  |TAMS 0x0000000089100000, 0x0000000089000000| Updating 
| 145|0x0000000089100000, 0x0000000089100000, 0x0000000089200000|  0%| F|  |TAMS 0x0000000089100000, 0x0000000089100000| Untracked 
| 146|0x0000000089200000, 0x00000000892ebe00, 0x0000000089300000| 92%| O|  |TAMS 0x00000000892ebe00, 0x0000000089200000| Updating 
| 147|0x0000000089300000, 0x0000000089300000, 0x0000000089400000|  0%| F|  |TAMS 0x0000000089300000, 0x0000000089300000| Untracked 
| 148|0x0000000089400000, 0x0000000089400000, 0x0000000089500000|  0%| F|  |TAMS 0x0000000089400000, 0x0000000089400000| Untracked 
| 149|0x0000000089500000, 0x0000000089500000, 0x0000000089600000|  0%| F|  |TAMS 0x0000000089500000, 0x0000000089500000| Untracked 
| 150|0x0000000089600000, 0x0000000089600000, 0x0000000089700000|  0%| F|  |TAMS 0x0000000089600000, 0x0000000089600000| Untracked 
| 151|0x0000000089700000, 0x0000000089700000, 0x0000000089800000|  0%| F|  |TAMS 0x0000000089700000, 0x0000000089700000| Untracked 
| 152|0x0000000089800000, 0x0000000089800000, 0x0000000089900000|  0%| F|  |TAMS 0x0000000089800000, 0x0000000089800000| Untracked 
| 153|0x0000000089900000, 0x0000000089900000, 0x0000000089a00000|  0%| F|  |TAMS 0x0000000089900000, 0x0000000089900000| Untracked 
| 154|0x0000000089a00000, 0x0000000089a00000, 0x0000000089b00000|  0%| F|  |TAMS 0x0000000089a00000, 0x0000000089a00000| Untracked 
| 155|0x0000000089b00000, 0x0000000089b00000, 0x0000000089c00000|  0%| F|  |TAMS 0x0000000089b00000, 0x0000000089b00000| Untracked 
| 156|0x0000000089c00000, 0x0000000089c00000, 0x0000000089d00000|  0%| F|  |TAMS 0x0000000089c00000, 0x0000000089c00000| Untracked 
| 157|0x0000000089d00000, 0x0000000089d00000, 0x0000000089e00000|  0%| F|  |TAMS 0x0000000089d00000, 0x0000000089d00000| Untracked 
| 158|0x0000000089e00000, 0x0000000089e00000, 0x0000000089f00000|  0%| F|  |TAMS 0x0000000089e00000, 0x0000000089e00000| Untracked 
| 159|0x0000000089f00000, 0x0000000089f00000, 0x000000008a000000|  0%| F|  |TAMS 0x0000000089f00000, 0x0000000089f00000| Untracked 
| 160|0x000000008a000000, 0x000000008a000000, 0x000000008a100000|  0%| F|  |TAMS 0x000000008a000000, 0x000000008a000000| Untracked 
| 161|0x000000008a100000, 0x000000008a100000, 0x000000008a200000|  0%| F|  |TAMS 0x000000008a100000, 0x000000008a100000| Untracked 
| 162|0x000000008a200000, 0x000000008a200000, 0x000000008a300000|  0%| F|  |TAMS 0x000000008a200000, 0x000000008a200000| Untracked 
| 163|0x000000008a300000, 0x000000008a300000, 0x000000008a400000|  0%| F|  |TAMS 0x000000008a300000, 0x000000008a300000| Untracked 
| 164|0x000000008a400000, 0x000000008a400000, 0x000000008a500000|  0%| F|  |TAMS 0x000000008a400000, 0x000000008a400000| Untracked 
| 165|0x000000008a500000, 0x000000008a500000, 0x000000008a600000|  0%| F|  |TAMS 0x000000008a500000, 0x000000008a500000| Untracked 
| 166|0x000000008a600000, 0x000000008a600000, 0x000000008a700000|  0%| F|  |TAMS 0x000000008a600000, 0x000000008a600000| Untracked 
| 167|0x000000008a700000, 0x000000008a700000, 0x000000008a800000|  0%| F|  |TAMS 0x000000008a700000, 0x000000008a700000| Untracked 
| 168|0x000000008a800000, 0x000000008a800000, 0x000000008a900000|  0%| F|  |TAMS 0x000000008a800000, 0x000000008a800000| Untracked 
| 169|0x000000008a900000, 0x000000008a900000, 0x000000008aa00000|  0%| F|  |TAMS 0x000000008a900000, 0x000000008a900000| Untracked 
| 170|0x000000008aa00000, 0x000000008aa00000, 0x000000008ab00000|  0%| F|  |TAMS 0x000000008aa00000, 0x000000008aa00000| Untracked 
| 171|0x000000008ab00000, 0x000000008ab00000, 0x000000008ac00000|  0%| F|  |TAMS 0x000000008ab00000, 0x000000008ab00000| Untracked 
| 172|0x000000008ac00000, 0x000000008ac00000, 0x000000008ad00000|  0%| F|  |TAMS 0x000000008ac00000, 0x000000008ac00000| Untracked 
| 173|0x000000008ad00000, 0x000000008ad00000, 0x000000008ae00000|  0%| F|  |TAMS 0x000000008ad00000, 0x000000008ad00000| Untracked 
| 174|0x000000008ae00000, 0x000000008ae00000, 0x000000008af00000|  0%| F|  |TAMS 0x000000008ae00000, 0x000000008ae00000| Untracked 
| 175|0x000000008af00000, 0x000000008af00000, 0x000000008b000000|  0%| F|  |TAMS 0x000000008af00000, 0x000000008af00000| Untracked 
| 176|0x000000008b000000, 0x000000008b000000, 0x000000008b100000|  0%| F|  |TAMS 0x000000008b000000, 0x000000008b000000| Untracked 
| 177|0x000000008b100000, 0x000000008b100000, 0x000000008b200000|  0%| F|  |TAMS 0x000000008b100000, 0x000000008b100000| Untracked 
| 178|0x000000008b200000, 0x000000008b200000, 0x000000008b300000|  0%| F|  |TAMS 0x000000008b200000, 0x000000008b200000| Untracked 
| 179|0x000000008b300000, 0x000000008b300000, 0x000000008b400000|  0%| F|  |TAMS 0x000000008b300000, 0x000000008b300000| Untracked 
| 180|0x000000008b400000, 0x000000008b400000, 0x000000008b500000|  0%| F|  |TAMS 0x000000008b400000, 0x000000008b400000| Untracked 
| 181|0x000000008b500000, 0x000000008b500000, 0x000000008b600000|  0%| F|  |TAMS 0x000000008b500000, 0x000000008b500000| Untracked 
| 182|0x000000008b600000, 0x000000008b600000, 0x000000008b700000|  0%| F|  |TAMS 0x000000008b600000, 0x000000008b600000| Untracked 
| 183|0x000000008b700000, 0x000000008b79a7c8, 0x000000008b800000| 60%| S|CS|TAMS 0x000000008b700000, 0x000000008b700000| Complete 
| 184|0x000000008b800000, 0x000000008b900000, 0x000000008b900000|100%| S|CS|TAMS 0x000000008b800000, 0x000000008b800000| Complete 
| 185|0x000000008b900000, 0x000000008b900000, 0x000000008ba00000|  0%| F|  |TAMS 0x000000008b900000, 0x000000008b900000| Untracked 
| 186|0x000000008ba00000, 0x000000008ba00000, 0x000000008bb00000|  0%| F|  |TAMS 0x000000008ba00000, 0x000000008ba00000| Untracked 
| 187|0x000000008bb00000, 0x000000008bb00000, 0x000000008bc00000|  0%| F|  |TAMS 0x000000008bb00000, 0x000000008bb00000| Untracked 
| 188|0x000000008bc00000, 0x000000008bc00000, 0x000000008bd00000|  0%| F|  |TAMS 0x000000008bc00000, 0x000000008bc00000| Untracked 
| 189|0x000000008bd00000, 0x000000008bd00000, 0x000000008be00000|  0%| F|  |TAMS 0x000000008bd00000, 0x000000008bd00000| Untracked 
| 190|0x000000008be00000, 0x000000008be00000, 0x000000008bf00000|  0%| F|  |TAMS 0x000000008be00000, 0x000000008be00000| Untracked 
| 191|0x000000008bf00000, 0x000000008bf00000, 0x000000008c000000|  0%| F|  |TAMS 0x000000008bf00000, 0x000000008bf00000| Untracked 
| 192|0x000000008c000000, 0x000000008c000000, 0x000000008c100000|  0%| F|  |TAMS 0x000000008c000000, 0x000000008c000000| Untracked 
| 193|0x000000008c100000, 0x000000008c100000, 0x000000008c200000|  0%| F|  |TAMS 0x000000008c100000, 0x000000008c100000| Untracked 
| 194|0x000000008c200000, 0x000000008c200000, 0x000000008c300000|  0%| F|  |TAMS 0x000000008c200000, 0x000000008c200000| Untracked 
| 195|0x000000008c300000, 0x000000008c300000, 0x000000008c400000|  0%| F|  |TAMS 0x000000008c300000, 0x000000008c300000| Untracked 
| 196|0x000000008c400000, 0x000000008c400000, 0x000000008c500000|  0%| F|  |TAMS 0x000000008c400000, 0x000000008c400000| Untracked 
| 197|0x000000008c500000, 0x000000008c500000, 0x000000008c600000|  0%| F|  |TAMS 0x000000008c500000, 0x000000008c500000| Untracked 
| 198|0x000000008c600000, 0x000000008c600000, 0x000000008c700000|  0%| F|  |TAMS 0x000000008c600000, 0x000000008c600000| Untracked 
| 199|0x000000008c700000, 0x000000008c700000, 0x000000008c800000|  0%| F|  |TAMS 0x000000008c700000, 0x000000008c700000| Untracked 
| 200|0x000000008c800000, 0x000000008c800000, 0x000000008c900000|  0%| F|  |TAMS 0x000000008c800000, 0x000000008c800000| Untracked 
| 201|0x000000008c900000, 0x000000008c900000, 0x000000008ca00000|  0%| F|  |TAMS 0x000000008c900000, 0x000000008c900000| Untracked 
| 202|0x000000008ca00000, 0x000000008ca00000, 0x000000008cb00000|  0%| F|  |TAMS 0x000000008ca00000, 0x000000008ca00000| Untracked 
| 203|0x000000008cb00000, 0x000000008cb00000, 0x000000008cc00000|  0%| F|  |TAMS 0x000000008cb00000, 0x000000008cb00000| Untracked 
| 204|0x000000008cc00000, 0x000000008cc00000, 0x000000008cd00000|  0%| F|  |TAMS 0x000000008cc00000, 0x000000008cc00000| Untracked 
| 205|0x000000008cd00000, 0x000000008cd00000, 0x000000008ce00000|  0%| F|  |TAMS 0x000000008cd00000, 0x000000008cd00000| Untracked 
| 206|0x000000008ce00000, 0x000000008ce00000, 0x000000008cf00000|  0%| F|  |TAMS 0x000000008ce00000, 0x000000008ce00000| Untracked 
| 207|0x000000008cf00000, 0x000000008cf00000, 0x000000008d000000|  0%| F|  |TAMS 0x000000008cf00000, 0x000000008cf00000| Untracked 
| 208|0x000000008d000000, 0x000000008d000000, 0x000000008d100000|  0%| F|  |TAMS 0x000000008d000000, 0x000000008d000000| Untracked 
| 209|0x000000008d100000, 0x000000008d100000, 0x000000008d200000|  0%| F|  |TAMS 0x000000008d100000, 0x000000008d100000| Untracked 
| 210|0x000000008d200000, 0x000000008d200000, 0x000000008d300000|  0%| F|  |TAMS 0x000000008d200000, 0x000000008d200000| Untracked 
| 211|0x000000008d300000, 0x000000008d300000, 0x000000008d400000|  0%| F|  |TAMS 0x000000008d300000, 0x000000008d300000| Untracked 
| 212|0x000000008d400000, 0x000000008d400000, 0x000000008d500000|  0%| F|  |TAMS 0x000000008d400000, 0x000000008d400000| Untracked 
| 213|0x000000008d500000, 0x000000008d542b38, 0x000000008d600000| 26%| E|  |TAMS 0x000000008d500000, 0x000000008d500000| Complete 
| 214|0x000000008d600000, 0x000000008d700000, 0x000000008d700000|100%| E|CS|TAMS 0x000000008d600000, 0x000000008d600000| Complete 
| 215|0x000000008d700000, 0x000000008d800000, 0x000000008d800000|100%| E|CS|TAMS 0x000000008d700000, 0x000000008d700000| Complete 
| 216|0x000000008d800000, 0x000000008d900000, 0x000000008d900000|100%| E|CS|TAMS 0x000000008d800000, 0x000000008d800000| Complete 
| 217|0x000000008d900000, 0x000000008da00000, 0x000000008da00000|100%| E|CS|TAMS 0x000000008d900000, 0x000000008d900000| Complete 
| 218|0x000000008da00000, 0x000000008db00000, 0x000000008db00000|100%| E|CS|TAMS 0x000000008da00000, 0x000000008da00000| Complete 
| 219|0x000000008db00000, 0x000000008dc00000, 0x000000008dc00000|100%| E|CS|TAMS 0x000000008db00000, 0x000000008db00000| Complete 
| 220|0x000000008dc00000, 0x000000008dd00000, 0x000000008dd00000|100%| E|CS|TAMS 0x000000008dc00000, 0x000000008dc00000| Complete 
| 221|0x000000008dd00000, 0x000000008de00000, 0x000000008de00000|100%| E|CS|TAMS 0x000000008dd00000, 0x000000008dd00000| Complete 
| 222|0x000000008de00000, 0x000000008df00000, 0x000000008df00000|100%| E|CS|TAMS 0x000000008de00000, 0x000000008de00000| Complete 
| 223|0x000000008df00000, 0x000000008e000000, 0x000000008e000000|100%| E|CS|TAMS 0x000000008df00000, 0x000000008df00000| Complete 
| 224|0x000000008e000000, 0x000000008e100000, 0x000000008e100000|100%| E|CS|TAMS 0x000000008e000000, 0x000000008e000000| Complete 
| 225|0x000000008e100000, 0x000000008e200000, 0x000000008e200000|100%| E|CS|TAMS 0x000000008e100000, 0x000000008e100000| Complete 
| 226|0x000000008e200000, 0x000000008e300000, 0x000000008e300000|100%| E|CS|TAMS 0x000000008e200000, 0x000000008e200000| Complete 
| 227|0x000000008e300000, 0x000000008e400000, 0x000000008e400000|100%| E|CS|TAMS 0x000000008e300000, 0x000000008e300000| Complete 
| 228|0x000000008e400000, 0x000000008e500000, 0x000000008e500000|100%| E|CS|TAMS 0x000000008e400000, 0x000000008e400000| Complete 
| 229|0x000000008e500000, 0x000000008e600000, 0x000000008e600000|100%| E|CS|TAMS 0x000000008e500000, 0x000000008e500000| Complete 
| 230|0x000000008e600000, 0x000000008e700000, 0x000000008e700000|100%| E|CS|TAMS 0x000000008e600000, 0x000000008e600000| Complete 
| 231|0x000000008e700000, 0x000000008e800000, 0x000000008e800000|100%| E|CS|TAMS 0x000000008e700000, 0x000000008e700000| Complete 
| 232|0x000000008e800000, 0x000000008e900000, 0x000000008e900000|100%| E|CS|TAMS 0x000000008e800000, 0x000000008e800000| Complete 
| 233|0x000000008e900000, 0x000000008ea00000, 0x000000008ea00000|100%| E|CS|TAMS 0x000000008e900000, 0x000000008e900000| Complete 
| 234|0x000000008ea00000, 0x000000008eb00000, 0x000000008eb00000|100%| E|CS|TAMS 0x000000008ea00000, 0x000000008ea00000| Complete 
| 235|0x000000008eb00000, 0x000000008ec00000, 0x000000008ec00000|100%| E|CS|TAMS 0x000000008eb00000, 0x000000008eb00000| Complete 
| 236|0x000000008ec00000, 0x000000008ed00000, 0x000000008ed00000|100%| E|CS|TAMS 0x000000008ec00000, 0x000000008ec00000| Complete 
| 237|0x000000008ed00000, 0x000000008ee00000, 0x000000008ee00000|100%| E|CS|TAMS 0x000000008ed00000, 0x000000008ed00000| Complete 
| 238|0x000000008ee00000, 0x000000008ef00000, 0x000000008ef00000|100%| E|CS|TAMS 0x000000008ee00000, 0x000000008ee00000| Complete 
| 239|0x000000008ef00000, 0x000000008f000000, 0x000000008f000000|100%| E|CS|TAMS 0x000000008ef00000, 0x000000008ef00000| Complete 
| 240|0x000000008f000000, 0x000000008f100000, 0x000000008f100000|100%| E|CS|TAMS 0x000000008f000000, 0x000000008f000000| Complete 
| 241|0x000000008f100000, 0x000000008f200000, 0x000000008f200000|100%| E|CS|TAMS 0x000000008f100000, 0x000000008f100000| Complete 
| 242|0x000000008f200000, 0x000000008f300000, 0x000000008f300000|100%| E|CS|TAMS 0x000000008f200000, 0x000000008f200000| Complete 
| 243|0x000000008f300000, 0x000000008f400000, 0x000000008f400000|100%| E|CS|TAMS 0x000000008f300000, 0x000000008f300000| Complete 
| 244|0x000000008f400000, 0x000000008f500000, 0x000000008f500000|100%| E|CS|TAMS 0x000000008f400000, 0x000000008f400000| Complete 
| 245|0x000000008f500000, 0x000000008f600000, 0x000000008f600000|100%| E|CS|TAMS 0x000000008f500000, 0x000000008f500000| Complete 
| 246|0x000000008f600000, 0x000000008f700000, 0x000000008f700000|100%| E|CS|TAMS 0x000000008f600000, 0x000000008f600000| Complete 
| 247|0x000000008f700000, 0x000000008f800000, 0x000000008f800000|100%| E|CS|TAMS 0x000000008f700000, 0x000000008f700000| Complete 
| 248|0x000000008f800000, 0x000000008f900000, 0x000000008f900000|100%| E|CS|TAMS 0x000000008f800000, 0x000000008f800000| Complete 
| 249|0x000000008f900000, 0x000000008fa00000, 0x000000008fa00000|100%| E|CS|TAMS 0x000000008f900000, 0x000000008f900000| Complete 
| 250|0x000000008fa00000, 0x000000008fb00000, 0x000000008fb00000|100%| E|CS|TAMS 0x000000008fa00000, 0x000000008fa00000| Complete 
| 251|0x000000008fb00000, 0x000000008fc00000, 0x000000008fc00000|100%| E|CS|TAMS 0x000000008fb00000, 0x000000008fb00000| Complete 
| 252|0x000000008fc00000, 0x000000008fd00000, 0x000000008fd00000|100%| E|CS|TAMS 0x000000008fc00000, 0x000000008fc00000| Complete 
| 253|0x000000008fd00000, 0x000000008fe00000, 0x000000008fe00000|100%| E|  |TAMS 0x000000008fd00000, 0x000000008fd00000| Complete 

Card table byte_map: [0x000001f6ef520000,0x000001f6ef920000] _byte_map_base: 0x000001f6ef120000

Marking Bits (Prev, Next): (CMBitMap*) 0x000001f6d836eb50, (CMBitMap*) 0x000001f6d836eb10
 Prev Bits: [0x000001f6f1d20000, 0x000001f6f3d20000)
 Next Bits: [0x000001f6efd20000, 0x000001f6f1d20000)

Polling page: 0x000001f6d6250000

Metaspace:

Usage:
  Non-class:     83.98 MB used.
      Class:     13.60 MB used.
       Both:     97.58 MB used.

Virtual space:
  Non-class space:      128.00 MB reserved,      84.56 MB ( 66%) committed,  2 nodes.
      Class space:      416.00 MB reserved,      14.06 MB (  3%) committed,  1 nodes.
             Both:      544.00 MB reserved,      98.62 MB ( 18%) committed. 

Chunk freelists:
   Non-Class:  10.56 MB
       Class:  1.91 MB
        Both:  12.47 MB

MaxMetaspaceSize: 512.00 MB
CompressedClassSpaceSize: 416.00 MB
Initial GC threshold: 21.00 MB
Current GC threshold: 164.38 MB
CDS: on
MetaspaceReclaimPolicy: balanced
 - commit_granule_bytes: 65536.
 - commit_granule_words: 8192.
 - virtual_space_node_default_size: 8388608.
 - enlarge_chunks_in_place: 1.
 - new_chunks_are_fully_committed: 0.
 - uncommit_free_chunks: 1.
 - use_allocation_guard: 0.
 - handle_deallocations: 1.


Internal statistics:

num_allocs_failed_limit: 6.
num_arena_births: 1364.
num_arena_deaths: 0.
num_vsnodes_births: 3.
num_vsnodes_deaths: 0.
num_space_committed: 1578.
num_space_uncommitted: 0.
num_chunks_returned_to_freelist: 6.
num_chunks_taken_from_freelist: 5605.
num_chunk_merges: 3.
num_chunk_splits: 3616.
num_chunks_enlarged: 2295.
num_inconsistent_stats: 0.

CodeHeap 'non-profiled nmethods': size=120000Kb used=6831Kb max_used=7368Kb free=113168Kb
 bounds [0x000001f6e78c0000, 0x000001f6e8000000, 0x000001f6eedf0000]
CodeHeap 'profiled nmethods': size=120000Kb used=23284Kb max_used=25371Kb free=96716Kb
 bounds [0x000001f6dfdf0000, 0x000001f6e16c0000, 0x000001f6e7320000]
CodeHeap 'non-nmethods': size=5760Kb used=2444Kb max_used=2505Kb free=3315Kb
 bounds [0x000001f6e7320000, 0x000001f6e75a0000, 0x000001f6e78c0000]
 total_blobs=12738 nmethods=11754 adapters=896
 compilation: enabled
              stopped_count=0, restarted_count=0
 full_count=0

Compilation events (20 events):
Event: 246.497 Thread 0x000001f6f6227030 nmethod 13788 0x000001f6e7e34e10 code [0x000001f6e7e34f80, 0x000001f6e7e35058]
Event: 246.497 Thread 0x000001f6f6227030 13874       4       org.objectweb.asm.MethodWriter::visitLineNumber (50 bytes)
Event: 246.504 Thread 0x000001f6f6227030 nmethod 13874 0x000001f6e790c610 code [0x000001f6e790c7c0, 0x000001f6e790cd58]
Event: 246.504 Thread 0x000001f6f6227030 13872       4       org.objectweb.asm.Label::addLineNumber (106 bytes)
Event: 246.512 Thread 0x000001f6f6227030 nmethod 13872 0x000001f6e7a87210 code [0x000001f6e7a873a0, 0x000001f6e7a879b8]
Event: 246.512 Thread 0x000001f6f6227030 13772       4       org.objectweb.asm.MethodVisitor::visitJumpInsn (17 bytes)
Event: 246.513 Thread 0x000001f6f6227030 nmethod 13772 0x000001f6e7ac4610 code [0x000001f6e7ac4780, 0x000001f6e7ac4838]
Event: 246.513 Thread 0x000001f6f6227030 13703       4       org.objectweb.asm.ClassVisitor::visitMethod (24 bytes)
Event: 246.514 Thread 0x000001f6f6227030 nmethod 13703 0x000001f6e7e0aa90 code [0x000001f6e7e0ac00, 0x000001f6e7e0acd8]
Event: 246.514 Thread 0x000001f6f6227030 13882       4       org.gradle.internal.classpath.InstrumentingBackwardsCompatibilityVisitor$BackwardCompatibilityMethodVisitor::visitMethodInsn (26 bytes)
Event: 246.532 Thread 0x000001f6f6227030 nmethod 13882 0x000001f6e7d3c310 code [0x000001f6e7d3c4e0, 0x000001f6e7d3cd48]
Event: 246.533 Thread 0x000001f6f6227030 13913       4       org.objectweb.asm.MethodVisitor::visitFrame (22 bytes)
Event: 246.534 Thread 0x000001f6f6227030 nmethod 13913 0x000001f6e7a3d090 code [0x000001f6e7a3d200, 0x000001f6e7a3d2d8]
Event: 246.534 Thread 0x000001f6f6227030 13905       4       org.gradle.internal.classpath.generated.InterceptorDeclaration_ConfigCacheJvmBytecode::visitMethodInsn (4766 bytes)
Event: 246.727 Thread 0x000001f6f6234f10 14110 %     3       org.objectweb.asm.tree.MethodNode::getLabelNodes @ 12 (55 bytes)
Event: 246.728 Thread 0x000001f6f6234f10 nmethod 14110% 0x000001f6dfe3cf10 code [0x000001f6dfe3d120, 0x000001f6dfe3dcb8]
Event: 246.730 Thread 0x000001f6f6234f10 14112       2       org.objectweb.asm.MethodWriter::visitTableSwitchInsn (120 bytes)
Event: 246.731 Thread 0x000001f6f6234f10 nmethod 14112 0x000001f6e0210b10 code [0x000001f6e0210d00, 0x000001f6e0211068]
Event: 246.902 Thread 0x000001f6f6227030 nmethod 13905 0x000001f6e7d1dc10 code [0x000001f6e7d1edc0, 0x000001f6e7d269a0]
Event: 246.903 Thread 0x000001f6f6227030 14113       4       org.objectweb.asm.SymbolTable::addConstant (330 bytes)

GC Heap History (20 events):
Event: 208.867 GC heap before
{Heap before GC invocations=41 (full 0):
 garbage-first heap   total 233472K, used 192038K [0x0000000080000000, 0x0000000100000000)
  region size 1024K, 88 young (90112K), 2 survivors (2048K)
 Metaspace       used 91102K, committed 92032K, reserved 557056K
  class space    used 12870K, committed 13312K, reserved 425984K
}
Event: 208.880 GC heap after
{Heap after GC invocations=42 (full 0):
 garbage-first heap   total 233472K, used 117530K [0x0000000080000000, 0x0000000100000000)
  region size 1024K, 11 young (11264K), 11 survivors (11264K)
 Metaspace       used 91102K, committed 92032K, reserved 557056K
  class space    used 12870K, committed 13312K, reserved 425984K
}
Event: 212.860 GC heap before
{Heap before GC invocations=42 (full 0):
 garbage-first heap   total 233472K, used 187162K [0x0000000080000000, 0x0000000100000000)
  region size 1024K, 79 young (80896K), 11 survivors (11264K)
 Metaspace       used 97153K, committed 98176K, reserved 557056K
  class space    used 13654K, committed 14144K, reserved 425984K
}
Event: 212.880 GC heap after
{Heap after GC invocations=43 (full 0):
 garbage-first heap   total 233472K, used 125819K [0x0000000080000000, 0x0000000100000000)
  region size 1024K, 9 young (9216K), 9 survivors (9216K)
 Metaspace       used 97153K, committed 98176K, reserved 557056K
  class space    used 13654K, committed 14144K, reserved 425984K
}
Event: 240.574 GC heap before
{Heap before GC invocations=43 (full 0):
 garbage-first heap   total 233472K, used 179067K [0x0000000080000000, 0x0000000100000000)
  region size 1024K, 62 young (63488K), 9 survivors (9216K)
 Metaspace       used 98181K, committed 99264K, reserved 557056K
  class space    used 13778K, committed 14272K, reserved 425984K
}
Event: 240.592 GC heap after
{Heap after GC invocations=44 (full 0):
 garbage-first heap   total 233472K, used 133759K [0x0000000080000000, 0x0000000100000000)
  region size 1024K, 9 young (9216K), 9 survivors (9216K)
 Metaspace       used 98181K, committed 99264K, reserved 557056K
  class space    used 13778K, committed 14272K, reserved 425984K
}
Event: 243.809 GC heap before
{Heap before GC invocations=45 (full 0):
 garbage-first heap   total 239616K, used 194175K [0x0000000080000000, 0x0000000100000000)
  region size 1024K, 63 young (64512K), 9 survivors (9216K)
 Metaspace       used 99700K, committed 100800K, reserved 557056K
  class space    used 13922K, committed 14400K, reserved 425984K
}
Event: 243.826 GC heap after
{Heap after GC invocations=46 (full 0):
 garbage-first heap   total 239616K, used 148660K [0x0000000080000000, 0x0000000100000000)
  region size 1024K, 8 young (8192K), 8 survivors (8192K)
 Metaspace       used 99700K, committed 100800K, reserved 557056K
  class space    used 13922K, committed 14400K, reserved 425984K
}
Event: 243.835 GC heap before
{Heap before GC invocations=46 (full 0):
 garbage-first heap   total 239616K, used 151732K [0x0000000080000000, 0x0000000100000000)
  region size 1024K, 11 young (11264K), 8 survivors (8192K)
 Metaspace       used 99708K, committed 100800K, reserved 557056K
  class space    used 13922K, committed 14400K, reserved 425984K
}
Event: 243.844 GC heap after
{Heap after GC invocations=47 (full 0):
 garbage-first heap   total 239616K, used 150116K [0x0000000080000000, 0x0000000100000000)
  region size 1024K, 2 young (2048K), 2 survivors (2048K)
 Metaspace       used 99708K, committed 100800K, reserved 557056K
  class space    used 13922K, committed 14400K, reserved 425984K
}
Event: 244.013 GC heap before
{Heap before GC invocations=47 (full 0):
 garbage-first heap   total 239616K, used 196196K [0x0000000080000000, 0x0000000100000000)
  region size 1024K, 48 young (49152K), 2 survivors (2048K)
 Metaspace       used 99813K, committed 100992K, reserved 557056K
  class space    used 13922K, committed 14400K, reserved 425984K
}
Event: 244.017 GC heap after
{Heap after GC invocations=48 (full 0):
 garbage-first heap   total 239616K, used 149740K [0x0000000080000000, 0x0000000100000000)
  region size 1024K, 2 young (2048K), 2 survivors (2048K)
 Metaspace       used 99813K, committed 100992K, reserved 557056K
  class space    used 13922K, committed 14400K, reserved 425984K
}
Event: 244.207 GC heap before
{Heap before GC invocations=48 (full 0):
 garbage-first heap   total 239616K, used 197868K [0x0000000080000000, 0x0000000100000000)
  region size 1024K, 50 young (51200K), 2 survivors (2048K)
 Metaspace       used 99823K, committed 100992K, reserved 557056K
  class space    used 13922K, committed 14400K, reserved 425984K
}
Event: 244.211 GC heap after
{Heap after GC invocations=49 (full 0):
 garbage-first heap   total 239616K, used 149646K [0x0000000080000000, 0x0000000100000000)
  region size 1024K, 2 young (2048K), 2 survivors (2048K)
 Metaspace       used 99823K, committed 100992K, reserved 557056K
  class space    used 13922K, committed 14400K, reserved 425984K
}
Event: 244.775 GC heap before
{Heap before GC invocations=50 (full 0):
 garbage-first heap   total 260096K, used 199822K [0x0000000080000000, 0x0000000100000000)
  region size 1024K, 52 young (53248K), 2 survivors (2048K)
 Metaspace       used 99839K, committed 100992K, reserved 557056K
  class space    used 13923K, committed 14400K, reserved 425984K
}
Event: 244.779 GC heap after
{Heap after GC invocations=51 (full 0):
 garbage-first heap   total 260096K, used 150272K [0x0000000080000000, 0x0000000100000000)
  region size 1024K, 2 young (2048K), 2 survivors (2048K)
 Metaspace       used 99839K, committed 100992K, reserved 557056K
  class space    used 13923K, committed 14400K, reserved 425984K
}
Event: 244.811 GC heap before
{Heap before GC invocations=51 (full 0):
 garbage-first heap   total 260096K, used 160512K [0x0000000080000000, 0x0000000100000000)
  region size 1024K, 12 young (12288K), 2 survivors (2048K)
 Metaspace       used 99840K, committed 100992K, reserved 557056K
  class space    used 13923K, committed 14400K, reserved 425984K
}
Event: 244.816 GC heap after
{Heap after GC invocations=52 (full 0):
 garbage-first heap   total 260096K, used 149672K [0x0000000080000000, 0x0000000100000000)
  region size 1024K, 2 young (2048K), 2 survivors (2048K)
 Metaspace       used 99840K, committed 100992K, reserved 557056K
  class space    used 13923K, committed 14400K, reserved 425984K
}
Event: 245.105 GC heap before
{Heap before GC invocations=52 (full 0):
 garbage-first heap   total 260096K, used 213160K [0x0000000080000000, 0x0000000100000000)
  region size 1024K, 65 young (66560K), 2 survivors (2048K)
 Metaspace       used 99860K, committed 100992K, reserved 557056K
  class space    used 13923K, committed 14400K, reserved 425984K
}
Event: 245.108 GC heap after
{Heap after GC invocations=53 (full 0):
 garbage-first heap   total 260096K, used 150124K [0x0000000080000000, 0x0000000100000000)
  region size 1024K, 2 young (2048K), 2 survivors (2048K)
 Metaspace       used 99860K, committed 100992K, reserved 557056K
  class space    used 13923K, committed 14400K, reserved 425984K
}

Dll operation events (15 events):
Event: 0.029 Loaded shared library C:\Program Files\Microsoft\jdk-17.0.10.7-hotspot\bin\java.dll
Event: 0.060 Loaded shared library C:\Program Files\Microsoft\jdk-17.0.10.7-hotspot\bin\jsvml.dll
Event: 0.179 Loaded shared library C:\Program Files\Microsoft\jdk-17.0.10.7-hotspot\bin\zip.dll
Event: 0.185 Loaded shared library C:\Program Files\Microsoft\jdk-17.0.10.7-hotspot\bin\instrument.dll
Event: 0.198 Loaded shared library C:\Program Files\Microsoft\jdk-17.0.10.7-hotspot\bin\net.dll
Event: 0.202 Loaded shared library C:\Program Files\Microsoft\jdk-17.0.10.7-hotspot\bin\nio.dll
Event: 0.210 Loaded shared library C:\Program Files\Microsoft\jdk-17.0.10.7-hotspot\bin\zip.dll
Event: 0.751 Loaded shared library C:\Program Files\Microsoft\jdk-17.0.10.7-hotspot\bin\jimage.dll
Event: 0.949 Loaded shared library C:\Program Files\Microsoft\jdk-17.0.10.7-hotspot\bin\verify.dll
Event: 1.374 Loaded shared library C:\Users\abhinav dhanala\.gradle\native\68d5fa5c4cc2d200863cafc0d521ce42e7d3e7ee720ec0a83991735586a16f82\windows-amd64\native-platform.dll
Event: 1.390 Loaded shared library C:\Users\abhinav dhanala\.gradle\native\e376f236ea51e6404a007f0833ffe2c6e607c4080706a723a18a27aeea778392\windows-amd64\native-platform-file-events.dll
Event: 5.340 Loaded shared library C:\Program Files\Microsoft\jdk-17.0.10.7-hotspot\bin\management.dll
Event: 5.351 Loaded shared library C:\Program Files\Microsoft\jdk-17.0.10.7-hotspot\bin\management_ext.dll
Event: 6.288 Loaded shared library C:\Program Files\Microsoft\jdk-17.0.10.7-hotspot\bin\extnet.dll
Event: 7.216 Loaded shared library C:\Program Files\Microsoft\jdk-17.0.10.7-hotspot\bin\sunmscapi.dll

Deoptimization events (20 events):
Event: 243.790 Thread 0x000001f6fb866d80 Uncommon trap: trap_request=0xffffff45 fr.pc=0x000001f6e7dd1988 relative=0x0000000000000428
Event: 243.790 Thread 0x000001f6fb866d80 Uncommon trap: reason=unstable_if action=reinterpret pc=0x000001f6e7dd1988 method=org.objectweb.asm.MethodWriter.visitVarInsn(II)V @ 230 c2
Event: 243.790 Thread 0x000001f6fb866d80 DEOPT PACKING pc=0x000001f6e7dd1988 sp=0x000000685f1fdec0
Event: 243.790 Thread 0x000001f6fb866d80 DEOPT UNPACKING pc=0x000001f6e73769a3 sp=0x000000685f1fde68 mode 2
Event: 244.214 Thread 0x000001f6fb864a10 Uncommon trap: trap_request=0xffffffbe fr.pc=0x000001f6e7f31470 relative=0x0000000000000250
Event: 244.214 Thread 0x000001f6fb864a10 Uncommon trap: reason=profile_predicate action=maybe_recompile pc=0x000001f6e7f31470 method=java.util.Collections.indexedBinarySearch(Ljava/util/List;Ljava/lang/Object;)I @ 13 c2
Event: 244.214 Thread 0x000001f6fb864a10 DEOPT PACKING pc=0x000001f6e7f31470 sp=0x000000685ebfe880
Event: 244.214 Thread 0x000001f6fb864a10 DEOPT UNPACKING pc=0x000001f6e73769a3 sp=0x000000685ebfe800 mode 2
Event: 244.825 Thread 0x000001f6fbb34250 Uncommon trap: trap_request=0xffffff45 fr.pc=0x000001f6e78e5c9c relative=0x0000000000000b9c
Event: 244.825 Thread 0x000001f6fbb34250 Uncommon trap: reason=unstable_if action=reinterpret pc=0x000001f6e78e5c9c method=org.objectweb.asm.SymbolTable.addConstantUtf8Reference(ILjava/lang/String;)Lorg/objectweb/asm/Symbol; @ 45 c2
Event: 244.825 Thread 0x000001f6fbb34250 DEOPT PACKING pc=0x000001f6e78e5c9c sp=0x000000685fdfd710
Event: 244.825 Thread 0x000001f6fbb34250 DEOPT UNPACKING pc=0x000001f6e73769a3 sp=0x000000685fdfd6d8 mode 2
Event: 244.825 Thread 0x000001f6fbb34250 Uncommon trap: trap_request=0xffffff45 fr.pc=0x000001f6e7d9def8 relative=0x00000000000013d8
Event: 244.825 Thread 0x000001f6fbb34250 Uncommon trap: reason=unstable_if action=reinterpret pc=0x000001f6e7d9def8 method=org.objectweb.asm.SymbolTable.addConstantUtf8(Ljava/lang/String;)I @ 40 c2
Event: 244.825 Thread 0x000001f6fbb34250 DEOPT PACKING pc=0x000001f6e7d9def8 sp=0x000000685fdfd630
Event: 244.825 Thread 0x000001f6fbb34250 DEOPT UNPACKING pc=0x000001f6e73769a3 sp=0x000000685fdfd640 mode 2
Event: 246.612 Thread 0x000001f6fb866d80 DEOPT PACKING pc=0x000001f6e0e780d0 sp=0x000000685f1fe7a0
Event: 246.612 Thread 0x000001f6fb866d80 DEOPT UNPACKING pc=0x000001f6e7377143 sp=0x000000685f1fdc80 mode 0
Event: 247.010 Thread 0x000001f6fb866d80 DEOPT PACKING pc=0x000001f6e0e780d0 sp=0x000000685f1fe7a0
Event: 247.010 Thread 0x000001f6fb866d80 DEOPT UNPACKING pc=0x000001f6e7377143 sp=0x000000685f1fdc80 mode 0

Classes unloaded (0 events):
No events

Classes redefined (0 events):
No events

Internal exceptions (20 events):
Event: 244.934 Thread 0x000001f6fbb360b0 Exception <a 'sun/nio/fs/WindowsException'{0x000000008f7b13e8}> (0x000000008f7b13e8) 
thrown [s\src\hotspot\share\prims\jni.cpp, line 516]
Event: 244.951 Thread 0x000001f6fbb374f0 Exception <a 'sun/nio/fs/WindowsException'{0x000000008e1cb6b8}> (0x000000008e1cb6b8) 
thrown [s\src\hotspot\share\prims\jni.cpp, line 516]
Event: 244.983 Thread 0x000001f6fbb374f0 Exception <a 'sun/nio/fs/WindowsException'{0x000000008e1cb870}> (0x000000008e1cb870) 
thrown [s\src\hotspot\share\prims\jni.cpp, line 516]
Event: 245.001 Thread 0x000001f6fbb360b0 Exception <a 'sun/nio/fs/WindowsException'{0x000000008d76ce18}> (0x000000008d76ce18) 
thrown [s\src\hotspot\share\prims\jni.cpp, line 516]
Event: 245.031 Thread 0x000001f6fbb360b0 Exception <a 'sun/nio/fs/WindowsException'{0x000000008d76d000}> (0x000000008d76d000) 
thrown [s\src\hotspot\share\prims\jni.cpp, line 516]
Event: 245.035 Thread 0x000001f6fbb374f0 Exception <a 'sun/nio/fs/WindowsException'{0x000000008e1d0ba8}> (0x000000008e1d0ba8) 
thrown [s\src\hotspot\share\prims\jni.cpp, line 516]
Event: 245.087 Thread 0x000001f6fbb360b0 Exception <a 'sun/nio/fs/WindowsException'{0x000000008c1ba800}> (0x000000008c1ba800) 
thrown [s\src\hotspot\share\prims\jni.cpp, line 516]
Event: 245.194 Thread 0x000001f6fbb35690 Exception <a 'sun/nio/fs/WindowsException'{0x000000008f186da8}> (0x000000008f186da8) 
thrown [s\src\hotspot\share\prims\jni.cpp, line 516]
Event: 245.196 Thread 0x000001f6fbb35690 Exception <a 'sun/nio/fs/WindowsException'{0x000000008f186f70}> (0x000000008f186f70) 
thrown [s\src\hotspot\share\prims\jni.cpp, line 516]
Event: 245.307 Thread 0x000001f6fbb360b0 Exception <a 'sun/nio/fs/WindowsException'{0x000000008ed78d60}> (0x000000008ed78d60) 
thrown [s\src\hotspot\share\prims\jni.cpp, line 516]
Event: 245.310 Thread 0x000001f6fbb360b0 Exception <a 'sun/nio/fs/WindowsException'{0x000000008ed78f40}> (0x000000008ed78f40) 
thrown [s\src\hotspot\share\prims\jni.cpp, line 516]
Event: 245.318 Thread 0x000001f6fbb34250 Exception <a 'sun/nio/fs/WindowsException'{0x000000008edca030}> (0x000000008edca030) 
thrown [s\src\hotspot\share\prims\jni.cpp, line 516]
Event: 245.321 Thread 0x000001f6fbb34250 Exception <a 'sun/nio/fs/WindowsException'{0x000000008edca1e8}> (0x000000008edca1e8) 
thrown [s\src\hotspot\share\prims\jni.cpp, line 516]
Event: 245.364 Thread 0x000001f6fbb360b0 Exception <a 'sun/nio/fs/WindowsException'{0x000000008ed7de50}> (0x000000008ed7de50) 
thrown [s\src\hotspot\share\prims\jni.cpp, line 516]
Event: 245.374 Thread 0x000001f6fbb35690 Exception <a 'sun/nio/fs/WindowsException'{0x000000008f18bea8}> (0x000000008f18bea8) 
thrown [s\src\hotspot\share\prims\jni.cpp, line 516]
Event: 245.552 Thread 0x000001f6fbb34250 Exception <a 'sun/nio/fs/WindowsException'{0x000000008e6c7470}> (0x000000008e6c7470) 
thrown [s\src\hotspot\share\prims\jni.cpp, line 516]
Event: 246.180 Thread 0x000001f6fbb34250 Exception <a 'sun/nio/fs/WindowsException'{0x000000008df43290}> (0x000000008df43290) 
thrown [s\src\hotspot\share\prims\jni.cpp, line 516]
Event: 246.786 Thread 0x000001f6fbb34250 Exception <a 'sun/nio/fs/WindowsException'{0x000000008df434b8}> (0x000000008df434b8) 
thrown [s\src\hotspot\share\prims\jni.cpp, line 516]
Event: 246.787 Thread 0x000001f6fbb360b0 Exception <a 'sun/nio/fs/WindowsException'{0x000000008dc76a10}> (0x000000008dc76a10) 
thrown [s\src\hotspot\share\prims\jni.cpp, line 516]
Event: 246.790 Thread 0x000001f6fbb360b0 Exception <a 'sun/nio/fs/WindowsException'{0x000000008dc76bd8}> (0x000000008dc76bd8) 
thrown [s\src\hotspot\share\prims\jni.cpp, line 516]

VM Operations (20 events):
Event: 244.207 Executing VM operation: G1CollectForAllocation
Event: 244.211 Executing VM operation: G1CollectForAllocation done
Event: 244.246 Executing VM operation: G1PauseRemark
Event: 244.281 Executing VM operation: G1PauseRemark done
Event: 244.362 Executing VM operation: G1PauseCleanup
Event: 244.362 Executing VM operation: G1PauseCleanup done
Event: 244.775 Executing VM operation: G1CollectForAllocation
Event: 244.781 Executing VM operation: G1CollectForAllocation done
Event: 244.811 Executing VM operation: G1CollectForAllocation
Event: 244.816 Executing VM operation: G1CollectForAllocation done
Event: 244.825 Executing VM operation: HandshakeAllThreads
Event: 244.847 Executing VM operation: HandshakeAllThreads done
Event: 245.105 Executing VM operation: G1CollectForAllocation
Event: 245.109 Executing VM operation: G1CollectForAllocation done
Event: 246.121 Executing VM operation: HandshakeAllThreads
Event: 246.121 Executing VM operation: HandshakeAllThreads done
Event: 246.121 Executing VM operation: Cleanup
Event: 246.121 Executing VM operation: Cleanup done
Event: 246.902 Executing VM operation: HandshakeAllThreads
Event: 246.902 Executing VM operation: HandshakeAllThreads done

Events (20 events):
Event: 247.036 Thread 0x000001f6f623bc50 flushing nmethod 0x000001f6e164bb90
Event: 247.036 Thread 0x000001f6f623bc50 flushing nmethod 0x000001f6e164d510
Event: 247.036 Thread 0x000001f6f623bc50 flushing nmethod 0x000001f6e164dd10
Event: 247.036 Thread 0x000001f6f623bc50 flushing nmethod 0x000001f6e1650610
Event: 247.036 Thread 0x000001f6f623bc50 flushing nmethod 0x000001f6e1650c90
Event: 247.036 Thread 0x000001f6f623bc50 flushing nmethod 0x000001f6e1651290
Event: 247.036 Thread 0x000001f6f623bc50 flushing nmethod 0x000001f6e1651710
Event: 247.036 Thread 0x000001f6f623bc50 flushing nmethod 0x000001f6e1652210
Event: 247.036 Thread 0x000001f6f623bc50 flushing nmethod 0x000001f6e1652810
Event: 247.036 Thread 0x000001f6f623bc50 flushing nmethod 0x000001f6e1653190
Event: 247.036 Thread 0x000001f6f623bc50 flushing nmethod 0x000001f6e1653c90
Event: 247.036 Thread 0x000001f6f623bc50 flushing nmethod 0x000001f6e1654090
Event: 247.036 Thread 0x000001f6f623bc50 flushing nmethod 0x000001f6e1654710
Event: 247.036 Thread 0x000001f6f623bc50 flushing nmethod 0x000001f6e1654b10
Event: 247.036 Thread 0x000001f6f623bc50 flushing nmethod 0x000001f6e1654f90
Event: 247.036 Thread 0x000001f6f623bc50 flushing nmethod 0x000001f6e1655810
Event: 247.036 Thread 0x000001f6f623bc50 flushing nmethod 0x000001f6e1655c10
Event: 247.036 Thread 0x000001f6f623bc50 flushing nmethod 0x000001f6e1656090
Event: 247.036 Thread 0x000001f6f623bc50 flushing nmethod 0x000001f6e1656790
Event: 247.037 Thread 0x000001f6f623bc50 flushing nmethod 0x000001f6e1658690


Dynamic libraries:
0x00007ff70c070000 - 0x00007ff70c07e000 	C:\Program Files\Microsoft\jdk-17.0.10.7-hotspot\bin\java.exe
0x00007ffef9450000 - 0x00007ffef9667000 	C:\WINDOWS\SYSTEM32\ntdll.dll
0x00007ffef8b80000 - 0x00007ffef8c44000 	C:\WINDOWS\System32\KERNEL32.DLL
0x00007ffef6c60000 - 0x00007ffef700d000 	C:\WINDOWS\System32\KERNELBASE.dll
0x00000000772d0000 - 0x0000000077601000 	C:\Program Files\Norton Security\NortonData\22.22.6.10\Definitions\IPSDefs\20230210.001\IPSEng64.dll
0x00007ffef85a0000 - 0x00007ffef8652000 	C:\WINDOWS\System32\ADVAPI32.dll
0x00007ffef9360000 - 0x00007ffef9407000 	C:\WINDOWS\System32\msvcrt.dll
0x00007ffef9000000 - 0x00007ffef90a9000 	C:\WINDOWS\System32\sechost.dll
0x00007ffef6c00000 - 0x00007ffef6c28000 	C:\WINDOWS\System32\bcrypt.dll
0x00007ffef7340000 - 0x00007ffef7454000 	C:\WINDOWS\System32\RPCRT4.dll
0x00007ffef8520000 - 0x00007ffef8528000 	C:\WINDOWS\System32\PSAPI.DLL
0x00007ffef6860000 - 0x00007ffef6971000 	C:\WINDOWS\System32\ucrtbase.dll
0x00007ffede390000 - 0x00007ffede3a7000 	C:\Program Files\Microsoft\jdk-17.0.10.7-hotspot\bin\jli.dll
0x00007ffedb720000 - 0x00007ffedb73b000 	C:\Program Files\Microsoft\jdk-17.0.10.7-hotspot\bin\VCRUNTIME140.dll
0x00007ffef91b0000 - 0x00007ffef935e000 	C:\WINDOWS\System32\USER32.dll
0x00007ffee35d0000 - 0x00007ffee3863000 	C:\WINDOWS\WinSxS\amd64_microsoft.windows.common-controls_6595b64144ccf1df_6.0.22621.3672_none_2713b9d173822955\COMCTL32.dll
0x00007ffef6c30000 - 0x00007ffef6c56000 	C:\WINDOWS\System32\win32u.dll
0x00007ffef75c0000 - 0x00007ffef75e9000 	C:\WINDOWS\System32\GDI32.dll
0x00007ffef6ae0000 - 0x00007ffef6bf9000 	C:\WINDOWS\System32\gdi32full.dll
0x00007ffef6a40000 - 0x00007ffef6ada000 	C:\WINDOWS\System32\msvcp_win.dll
0x00007ffef75f0000 - 0x00007ffef7621000 	C:\WINDOWS\System32\IMM32.DLL
0x00007ffee1dc0000 - 0x00007ffee1dcc000 	C:\Program Files\Microsoft\jdk-17.0.10.7-hotspot\bin\vcruntime140_1.dll
0x00007ffecd900000 - 0x00007ffecd98d000 	C:\Program Files\Microsoft\jdk-17.0.10.7-hotspot\bin\msvcp140.dll
0x00007ffea6a90000 - 0x00007ffea76f5000 	C:\Program Files\Microsoft\jdk-17.0.10.7-hotspot\bin\server\jvm.dll
0x00007ffeea680000 - 0x00007ffeea6b4000 	C:\WINDOWS\SYSTEM32\WINMM.dll
0x00007ffef0830000 - 0x00007ffef083a000 	C:\WINDOWS\SYSTEM32\VERSION.dll
0x00007ffef6630000 - 0x00007ffef667d000 	C:\WINDOWS\SYSTEM32\POWRPROF.dll
0x00007ffeebb20000 - 0x00007ffeebb29000 	C:\WINDOWS\SYSTEM32\WSOCK32.dll
0x00007ffef8c50000 - 0x00007ffef8cc1000 	C:\WINDOWS\System32\WS2_32.dll
0x00007ffef6610000 - 0x00007ffef6623000 	C:\WINDOWS\SYSTEM32\UMPDC.dll
0x00007ffef5770000 - 0x00007ffef5788000 	C:\WINDOWS\SYSTEM32\kernel.appcore.dll
0x00007ffee1d50000 - 0x00007ffee1d5a000 	C:\Program Files\Microsoft\jdk-17.0.10.7-hotspot\bin\jimage.dll
0x00007ffef2860000 - 0x00007ffef2a92000 	C:\WINDOWS\SYSTEM32\DBGHELP.DLL
0x00007ffef7ea0000 - 0x00007ffef822d000 	C:\WINDOWS\System32\combase.dll
0x00007ffef8f20000 - 0x00007ffef8ff7000 	C:\WINDOWS\System32\OLEAUT32.dll
0x00007ffee14c0000 - 0x00007ffee14f2000 	C:\WINDOWS\SYSTEM32\dbgcore.DLL
0x00007ffef6770000 - 0x00007ffef67eb000 	C:\WINDOWS\System32\bcryptPrimitives.dll
0x00007ffee1710000 - 0x00007ffee171e000 	C:\Program Files\Microsoft\jdk-17.0.10.7-hotspot\bin\instrument.dll
0x00007ffed2670000 - 0x00007ffed2695000 	C:\Program Files\Microsoft\jdk-17.0.10.7-hotspot\bin\java.dll
0x00007ffecd480000 - 0x00007ffecd557000 	C:\Program Files\Microsoft\jdk-17.0.10.7-hotspot\bin\jsvml.dll
0x00007ffef7630000 - 0x00007ffef7e98000 	C:\WINDOWS\System32\SHELL32.dll
0x00007ffef4670000 - 0x00007ffef4f6e000 	C:\WINDOWS\SYSTEM32\windows.storage.dll
0x00007ffef4530000 - 0x00007ffef466f000 	C:\WINDOWS\SYSTEM32\wintypes.dll
0x00007ffef90b0000 - 0x00007ffef91a9000 	C:\WINDOWS\System32\SHCORE.dll
0x00007ffef8cf0000 - 0x00007ffef8d4e000 	C:\WINDOWS\System32\shlwapi.dll
0x00007ffef66a0000 - 0x00007ffef66c1000 	C:\WINDOWS\SYSTEM32\profapi.dll
0x00007ffedb6e0000 - 0x00007ffedb6f8000 	C:\Program Files\Microsoft\jdk-17.0.10.7-hotspot\bin\zip.dll
0x00007ffed0850000 - 0x00007ffed0869000 	C:\Program Files\Microsoft\jdk-17.0.10.7-hotspot\bin\net.dll
0x00007ffef1b80000 - 0x00007ffef1cb6000 	C:\WINDOWS\SYSTEM32\WINHTTP.dll
0x00007ffef5bd0000 - 0x00007ffef5c39000 	C:\WINDOWS\system32\mswsock.dll
0x00007ffed07c0000 - 0x00007ffed07d6000 	C:\Program Files\Microsoft\jdk-17.0.10.7-hotspot\bin\nio.dll
0x00007ffee0f50000 - 0x00007ffee0f60000 	C:\Program Files\Microsoft\jdk-17.0.10.7-hotspot\bin\verify.dll
0x00007ffede450000 - 0x00007ffede477000 	C:\Users\abhinav dhanala\.gradle\native\68d5fa5c4cc2d200863cafc0d521ce42e7d3e7ee720ec0a83991735586a16f82\windows-amd64\native-platform.dll
0x00007ffeb1af0000 - 0x00007ffeb1c34000 	C:\Users\abhinav dhanala\.gradle\native\e376f236ea51e6404a007f0833ffe2c6e607c4080706a723a18a27aeea778392\windows-amd64\native-platform-file-events.dll
0x00007ffee1e10000 - 0x00007ffee1e19000 	C:\Program Files\Microsoft\jdk-17.0.10.7-hotspot\bin\management.dll
0x00007ffee1d70000 - 0x00007ffee1d7b000 	C:\Program Files\Microsoft\jdk-17.0.10.7-hotspot\bin\management_ext.dll
0x00007ffef5e60000 - 0x00007ffef5e7b000 	C:\WINDOWS\SYSTEM32\CRYPTSP.dll
0x00007ffef56c0000 - 0x00007ffef56f5000 	C:\WINDOWS\system32\rsaenh.dll
0x00007ffef5cf0000 - 0x00007ffef5d18000 	C:\WINDOWS\SYSTEM32\USERENV.dll
0x00007ffef5e50000 - 0x00007ffef5e5c000 	C:\WINDOWS\SYSTEM32\CRYPTBASE.dll
0x00007ffef5210000 - 0x00007ffef523d000 	C:\WINDOWS\SYSTEM32\IPHLPAPI.DLL
0x00007ffef8660000 - 0x00007ffef8669000 	C:\WINDOWS\System32\NSI.dll
0x00007ffef21e0000 - 0x00007ffef21f9000 	C:\WINDOWS\SYSTEM32\dhcpcsvc6.DLL
0x00007ffef2030000 - 0x00007ffef204f000 	C:\WINDOWS\SYSTEM32\dhcpcsvc.DLL
0x00007ffef5290000 - 0x00007ffef5388000 	C:\WINDOWS\SYSTEM32\DNSAPI.dll
0x00007ffee1d60000 - 0x00007ffee1d69000 	C:\Program Files\Microsoft\jdk-17.0.10.7-hotspot\bin\extnet.dll
0x00007ffee0e50000 - 0x00007ffee0e5e000 	C:\Program Files\Microsoft\jdk-17.0.10.7-hotspot\bin\sunmscapi.dll
0x00007ffef7010000 - 0x00007ffef7177000 	C:\WINDOWS\System32\CRYPT32.dll
0x00007ffef6010000 - 0x00007ffef603e000 	C:\WINDOWS\SYSTEM32\ncrypt.dll
0x00007ffef5fd0000 - 0x00007ffef6007000 	C:\WINDOWS\SYSTEM32\NTASN1.dll
0x00007ffee22b0000 - 0x00007ffee22b8000 	C:\WINDOWS\system32\wshunix.dll
0x00007ffed7990000 - 0x00007ffed79a7000 	C:\WINDOWS\system32\napinsp.dll
0x00007ffed7870000 - 0x00007ffed788b000 	C:\WINDOWS\system32\pnrpnsp.dll
0x00007ffed79c0000 - 0x00007ffed79d1000 	C:\WINDOWS\System32\winrnr.dll
0x00007ffef1590000 - 0x00007ffef15a5000 	C:\WINDOWS\system32\wshbth.dll
0x00007ffed7740000 - 0x00007ffed7767000 	C:\WINDOWS\system32\nlansp_c.dll
0x00007ffeee2d0000 - 0x00007ffeee2da000 	C:\Windows\System32\rasadhlp.dll
0x00007ffef1270000 - 0x00007ffef12f3000 	C:\WINDOWS\System32\fwpuclnt.dll
0x00007ffef5790000 - 0x00007ffef57c4000 	C:\WINDOWS\SYSTEM32\ntmarta.dll

dbghelp: loaded successfully - version: 4.0.5 - missing functions: none
symbol engine: initialized successfully - sym options: 0x614 - pdb path: .;C:\Program Files\Microsoft\jdk-17.0.10.7-hotspot\bin;C:\WINDOWS\SYSTEM32;C:\Program Files\Norton Security\NortonData\22.22.6.10\Definitions\IPSDefs\20230210.001;C:\WINDOWS\WinSxS\amd64_microsoft.windows.common-controls_6595b64144ccf1df_6.0.22621.3672_none_2713b9d173822955;C:\Program Files\Microsoft\jdk-17.0.10.7-hotspot\bin\server;C:\Users\abhinav dhanala\.gradle\native\68d5fa5c4cc2d200863cafc0d521ce42e7d3e7ee720ec0a83991735586a16f82\windows-amd64;C:\Users\abhinav dhanala\.gradle\native\e376f236ea51e6404a007f0833ffe2c6e607c4080706a723a18a27aeea778392\windows-amd64

VM Arguments:
jvm_args: -XX:MaxMetaspaceSize=512m --add-opens=java.base/java.util=ALL-UNNAMED --add-opens=java.base/java.lang=ALL-UNNAMED --add-opens=java.base/java.lang.invoke=ALL-UNNAMED --add-opens=java.prefs/java.util.prefs=ALL-UNNAMED --add-opens=java.base/java.nio.charset=ALL-UNNAMED --add-opens=java.base/java.net=ALL-UNNAMED --add-opens=java.base/java.util.concurrent.atomic=ALL-UNNAMED -Xmx2048m -Dfile.encoding=utf8 -Duser.country=IN -Duser.language=en -Duser.variant -javaagent:C:\Users\abhinav dhanala\.gradle\wrapper\dists\gradle-8.3-all\6en3ugtfdg5xnpx44z4qbwgas\gradle-8.3\lib\agents\gradle-instrumentation-agent-8.3.jar 
java_command: org.gradle.launcher.daemon.bootstrap.GradleDaemon 8.3
java_class_path (initial): C:\Users\abhinav dhanala\.gradle\wrapper\dists\gradle-8.3-all\6en3ugtfdg5xnpx44z4qbwgas\gradle-8.3\lib\gradle-launcher-8.3.jar
Launcher Type: SUN_STANDARD

[Global flags]
     intx CICompilerCount                          = 4                                         {product} {ergonomic}
   size_t CompressedClassSpaceSize                 = 436207616                                 {product} {ergonomic}
     uint ConcGCThreads                            = 2                                         {product} {ergonomic}
     uint G1ConcRefinementThreads                  = 8                                         {product} {ergonomic}
   size_t G1HeapRegionSize                         = 1048576                                   {product} {ergonomic}
    uintx GCDrainStackTargetSize                   = 64                                        {product} {ergonomic}
   size_t InitialHeapSize                          = 100663296                                 {product} {ergonomic}
   size_t MarkStackSize                            = 4194304                                   {product} {ergonomic}
   size_t MaxHeapSize                              = 2147483648                                {product} {command line}
   size_t MaxMetaspaceSize                         = 536870912                                 {product} {command line}
   size_t MaxNewSize                               = 1287651328                                {product} {ergonomic}
   size_t MinHeapDeltaBytes                        = 1048576                                   {product} {ergonomic}
   size_t MinHeapSize                              = 8388608                                   {product} {ergonomic}
    uintx NonNMethodCodeHeapSize                   = 5839372                                {pd product} {ergonomic}
    uintx NonProfiledCodeHeapSize                  = 122909434                              {pd product} {ergonomic}
    uintx ProfiledCodeHeapSize                     = 122909434                              {pd product} {ergonomic}
    uintx ReservedCodeCacheSize                    = 251658240                              {pd product} {ergonomic}
     bool SegmentedCodeCache                       = true                                      {product} {ergonomic}
   size_t SoftMaxHeapSize                          = 2147483648                             {manageable} {ergonomic}
     bool UseCompressedClassPointers               = true                           {product lp64_product} {ergonomic}
     bool UseCompressedOops                        = true                           {product lp64_product} {ergonomic}
     bool UseG1GC                                  = true                                      {product} {ergonomic}
     bool UseLargePagesIndividualAllocation        = false                                  {pd product} {ergonomic}

Logging:
Log output configuration:
 #0: stdout all=warning uptime,level,tags
 #1: stderr all=off uptime,level,tags

Environment Variables:
JAVA_HOME=C:\Program Files\Microsoft\jdk-17.0.10.7-hotspot
CLASSPATH=C:\Users\abhinav dhanala\Dropbox\My PC (LAPTOP-M9MKNU9G)\Desktop\mysql-connector-java-5.1.48-bin.jar;.;
PATH=C:\Program Files\Microsoft\jdk-17.0.10.7-hotspot\bin;C:\Program Files\Java\jdk-17\bin;C:\Program Files\Common Files\Oracle\Java\javapath;C:\Windows\system32;C:\Windows;C:\Windows\System32\Wbem;C:\Windows\System32\WindowsPowerShell\v1.0\;C:\Windows\System32\OpenSSH\;C:\Program Files (x86)\NVIDIA Corporation\PhysX\Common;C:\Program Files\NVIDIA Corporation\NVIDIA NvDLISR;C:\WINDOWS\system32;C:\WINDOWS;C:\WINDOWS\System32\Wbem;C:\WINDOWS\System32\WindowsPowerShell\v1.0\;C:\WINDOWS\System32\OpenSSH\;C:\Program Files\Android\gradle-8.0.2\bin;C:\Users\abhinav dhanala\python\Scripts;C:\ProgramData\chocolatey\bin;C:\Users\apache-maven-3.9.5-bin\apache-maven-3.9.5\bin;C:\Program Files\Docker\Docker\resources\bin;C:\Program Files\MongoDB\mongosh-2.1.1-win32-x64\bin;C:\Program Files\Git\cmd;C:\Program Files\Git\bin;C:\Program Files\nodejs\;C:\Users\abhinav dhanala\Dropbox\My PC (LAPTOP-M9MKNU9G)\Desktop\New folder\cmdline-tools\bin;C:\Users\abhinav dhanala\AppData\Local\Android\Sdk\emulator;C:\Program Files\Android\Android Studio\jbr\bin\;C:\Program Files\Android\Android Studio\jre\bin;C:\Users\abhinav dhanala\AppData\Roaming\npm;C:\flutter\bin;C:\Program Files\MongoDB\mongosh-2.2.4-win32-x64\bin;C:\Users\abhinav dhanala\AppData\Local\Programs\Python\Python312;C:\Users\abhinav dhanala\AppData\Local\Programs\Python\Python312\Scripts;C:\Program Files\Microsoft\jdk-17.0.10.7-hotspot\bin;C:\Program Files\Microsoft\jdk-17.0.10.7-hotspot\bin;C:\Program Files\Java\jdk-17\bin;C:\Program Files\Java\jdk-20\bin;C:\Program Files\Common Files\Oracle\Java\javapath;C:\Windows\system32;C:\Windows;C:\Windows\System32\Wbem;C:\Windows\System32\WindowsPowerShell\v1.0\;C:\Windows\System32\OpenSSH\;C:\Program Files (x86)\NVIDIA Corporation\PhysX\Common;C:\Program Files\NVIDIA Corporation\NVIDIA NvDLISR;C:\WINDOWS\system32;C:\WINDOWS;C:\WINDOWS\System32\Wbem;C:\WINDOWS\System32\WindowsPowerShell\v1.0\;C:\WINDOWS\System32\OpenSSH\;C:\Program Files\Android\gradle-8.0.2\bin;C:\Users\abhinav dhanala\p
USERNAME=abhinav dhanala
OS=Windows_NT
PROCESSOR_IDENTIFIER=AMD64 Family 23 Model 24 Stepping 1, AuthenticAMD
TMP=C:\Users\ABHINA~1\AppData\Local\Temp
TEMP=C:\Users\ABHINA~1\AppData\Local\Temp



Periodic native trim disabled


---------------  S Y S T E M  ---------------

OS:
 Windows 11 , 64 bit Build 22621 (10.0.22621.3958)
OS uptime: 1 days 2:22 hours
Hyper-V role detected

CPU: total 8 (initial active 8) (8 cores per cpu, 2 threads per core) family 23 model 24 stepping 1 microcode 0x0, cx8, cmov, fxsr, ht, mmx, 3dnowpref, sse, sse2, sse3, ssse3, sse4a, sse4.1, sse4.2, popcnt, lzcnt, tsc, tscinvbit, avx, avx2, aes, clmul, bmi1, bmi2, adx, sha, fma, vzeroupper, clflush, clflushopt, hv
Processor Information for all 8 processors :
  Max Mhz: 2100, Current Mhz: 1400, Mhz Limit: 2100

Memory: 4k page, system-wide physical 6081M (173M free)
TotalPageFile size 17121M (AvailPageFile size 15M)
current process WorkingSet (physical memory assigned to process): 511M, peak: 521M
current process commit charge ("private bytes"): 589M, peak: 649M

vm_info: OpenJDK 64-Bit Server VM (17.0.10+7-LTS) for windows-amd64 JRE (17.0.10+7-LTS), built on Jan 10 2024 19:47:12 by "MicrosoftCorporation" with MS VC++ 16.10 / 16.11 (VS2019)

END.
