#
# There is insufficient memory for the Java Runtime Environment to continue.
# Native memory allocation (mmap) failed to map 439353344 bytes for G1 virtual space
# Possible reasons:
#   The system is out of physical RAM or swap space
#   The process is running with CompressedOops enabled, and the Java Heap may be blocking the growth of the native heap
# Possible solutions:
#   Reduce memory load on the system
#   Increase physical memory or swap space
#   Check if swap backing store is full
#   Decrease Java heap size (-Xmx/-Xms)
#   Decrease number of Java threads
#   Decrease Java thread stack sizes (-Xss)
#   Set larger code cache with -XX:ReservedCodeCacheSize=
#   JVM is running with Unscaled Compressed Oops mode in which the Java heap is
#     placed in the first 4GB address space. The Java Heap base address is the
#     maximum limit for the native heap growth. Please use -XX:HeapBaseMinAddress
#     to set the Java Heap base and to place the Java Heap above 4GB virtual address.
# This output file may be truncated or incomplete.
#
#  Out of Memory Error (os_windows.cpp:3613), pid=62388, tid=62432
#
# JRE version: OpenJDK Runtime Environment Microsoft-8902769 (17.0.10+7) (build 17.0.10+7-LTS)
# Java VM: OpenJDK 64-Bit Server VM Microsoft-8902769 (17.0.10+7-LTS, mixed mode, sharing, tiered, compressed oops, compressed class ptrs, g1 gc, windows-amd64)
# No core dump will be written. Minidumps are not enabled by default on client versions of Windows
#

---------------  S U M M A R Y ------------

Command Line: -XX:MaxMetaspaceSize=512m --add-opens=java.base/java.util=ALL-UNNAMED --add-opens=java.base/java.lang=ALL-UNNAMED --add-opens=java.base/java.lang.invoke=ALL-UNNAMED --add-opens=java.prefs/java.util.prefs=ALL-UNNAMED --add-opens=java.base/java.nio.charset=ALL-UNNAMED --add-opens=java.base/java.net=ALL-UNNAMED --add-opens=java.base/java.util.concurrent.atomic=ALL-UNNAMED -Xmx2048m -Dfile.encoding=windows-1252 -Duser.country=IN -Duser.language=en -Duser.variant -javaagent:C:\Users\abhinav dhanala\.gradle\wrapper\dists\gradle-8.3-all\6en3ugtfdg5xnpx44z4qbwgas\gradle-8.3\lib\agents\gradle-instrumentation-agent-8.3.jar org.gradle.launcher.daemon.bootstrap.GradleDaemon 8.3

Host: AMD Ryzen 5 3550H with Radeon Vega Mobile Gfx  , 8 cores, 5G,  Windows 11 , 64 bit Build 22621 (10.0.22621.3958)
Time: Sat Sep 14 15:16:04 2024 India Standard Time elapsed time: 214.773843 seconds (0d 0h 3m 34s)

---------------  T H R E A D  ---------------

Current thread (0x0000025dac72fab0):  VMThread "VM Thread" [stack: 0x000000cb04c00000,0x000000cb04d00000] [id=62432]

Stack: [0x000000cb04c00000,0x000000cb04d00000]
Native frames: (J=compiled Java code, j=interpreted, Vv=VM code, C=native code)
V  [jvm.dll+0x67f829]
V  [jvm.dll+0x83750a]
V  [jvm.dll+0x838fce]
V  [jvm.dll+0x839633]
V  [jvm.dll+0x247cbf]
V  [jvm.dll+0x67c669]
V  [jvm.dll+0x6710da]
V  [jvm.dll+0x309b8b]
V  [jvm.dll+0x311036]
V  [jvm.dll+0x360d5e]
V  [jvm.dll+0x360f8f]
V  [jvm.dll+0x2e0798]
V  [jvm.dll+0x2de974]
V  [jvm.dll+0x2ddf7c]
V  [jvm.dll+0x32200b]
V  [jvm.dll+0x83db2b]
V  [jvm.dll+0x83e871]
V  [jvm.dll+0x83ed8d]
V  [jvm.dll+0x83f164]
V  [jvm.dll+0x83f230]
V  [jvm.dll+0x7e69da]
V  [jvm.dll+0x67e715]
C  [ucrtbase.dll+0x29333]
C  [KERNEL32.DLL+0x1257d]
C  [ntdll.dll+0x5af28]

VM_Operation (0x000000cb064f8ee0): G1CollectForAllocation, mode: safepoint, requested by thread 0x0000025dcd4a7ba0


---------------  P R O C E S S  ---------------

Threads class SMR info:
_java_thread_list=0x0000025dce817700, length=129, elements={
0x0000025d8ea2d700, 0x0000025dac735000, 0x0000025dac7364b0, 0x0000025dcc00db20,
0x0000025dcc00e200, 0x0000025dcc00e9d0, 0x0000025dcc01b630, 0x0000025dcc02e270,
0x0000025dcc02fbb0, 0x0000025dcc0420c0, 0x0000025dac722cc0, 0x0000025dcc2a6080,
0x0000025dcd7564c0, 0x0000025dcdb41ad0, 0x0000025dcd456b20, 0x0000025dcccdf4f0,
0x0000025dcccdf9d0, 0x0000025dcd36acd0, 0x0000025dcd4a7ba0, 0x0000025dcc29ba00,
0x0000025dcc29bf10, 0x0000025dcc29b4f0, 0x0000025dcc29ce40, 0x0000025dcc29d350,
0x0000025dcc29a0b0, 0x0000025dcc29a5c0, 0x0000025dcc29afe0, 0x0000025dcd1646f0,
0x0000025dcd166040, 0x0000025dcd163cd0, 0x0000025dcd1641e0, 0x0000025dcd165620,
0x0000025dcd165b30, 0x0000025dcd166a60, 0x0000025dcd166550, 0x0000025dce4d09a0,
0x0000025dce4d3730, 0x0000025dce4d5590, 0x0000025dce4d18d0, 0x0000025dce4cff80,
0x0000025dce4d2d10, 0x0000025dce4d5aa0, 0x0000025dce4d1de0, 0x0000025dce4d3c40,
0x0000025dce4d2800, 0x0000025dce4ceb40, 0x0000025dce4d4150, 0x0000025dce4d3220,
0x0000025dce4d0490, 0x0000025dce4d64c0, 0x0000025dce4d4660, 0x0000025dce4d4b70,
0x0000025dce4cfa70, 0x0000025dce4cf050, 0x0000025dce4d0eb0, 0x0000025dcfda1310,
0x0000025dcfda3b90, 0x0000025dcfda3170, 0x0000025dcfda03e0, 0x0000025dcfda2c60,
0x0000025dcdf7fb30, 0x0000025dcdf823b0, 0x0000025dcdf81990, 0x0000025dcdf80a60,
0x0000025dcdf80550, 0x0000025dcdf82dd0, 0x0000025dcdf81ea0, 0x0000025dcdf828c0,
0x0000025dcdf7f620, 0x0000025dcdf80040, 0x0000025dcdf80f70, 0x0000025dce76db70,
0x0000025dce76a3c0, 0x0000025dce76e080, 0x0000025dce76d150, 0x0000025dce76eaa0,
0x0000025dce76efb0, 0x0000025dce76cc40, 0x0000025dce76c220, 0x0000025dce76ade0,
0x0000025dce76a8d0, 0x0000025dce76f9d0, 0x0000025dce76c730, 0x0000025dce76b2f0,
0x0000025dce76f4c0, 0x0000025dce76d660, 0x0000025dce76e590, 0x0000025dce768560,
0x0000025dce76fee0, 0x0000025dce768a70, 0x0000025dce768f80, 0x0000025dcfda3680,
0x0000025dcfda1d30, 0x0000025dcfda2240, 0x0000025dcfda08f0, 0x0000025dcfda2750,
0x0000025dcc29c930, 0x0000025dcc29d860, 0x0000025dce4d13c0, 0x0000025dd21f5df0,
0x0000025dd21f3570, 0x0000025dd21f6810, 0x0000025dd21f53d0, 0x0000025dd21f3a80,
0x0000025dd21f3f90, 0x0000025dd21f3060, 0x0000025dd21f58e0, 0x0000025dd21f44a0,
0x0000025dd21f6300, 0x0000025dd7b01ad0, 0x0000025dd7b03930, 0x0000025dd7b024f0,
0x0000025dd7b04860, 0x0000025dd7b02a00, 0x0000025dd7b070e0, 0x0000025dd7b03e40,
0x0000025dd7b03420, 0x0000025dd7b075f0, 0x0000025dd7b04350, 0x0000025dd7b04d70,
0x0000025dd7b02f10, 0x0000025dd7b05790, 0x0000025dd7b05ca0, 0x0000025dd7b061b0,
0x0000025dd7b066c0, 0x0000025dd7b07b00, 0x0000025dd7b06bd0, 0x0000025dd7b00ba0,
0x0000025dd7b08520
}

Java Threads: ( => current thread )
  0x0000025d8ea2d700 JavaThread "main" [_thread_blocked, id=61920, stack(0x000000cb04600000,0x000000cb04700000)]
  0x0000025dac735000 JavaThread "Reference Handler" daemon [_thread_blocked, id=47724, stack(0x000000cb04d00000,0x000000cb04e00000)]
  0x0000025dac7364b0 JavaThread "Finalizer" daemon [_thread_blocked, id=57940, stack(0x000000cb04e00000,0x000000cb04f00000)]
  0x0000025dcc00db20 JavaThread "Signal Dispatcher" daemon [_thread_blocked, id=49312, stack(0x000000cb04f00000,0x000000cb05000000)]
  0x0000025dcc00e200 JavaThread "Attach Listener" daemon [_thread_blocked, id=61496, stack(0x000000cb05000000,0x000000cb05100000)]
  0x0000025dcc00e9d0 JavaThread "Service Thread" daemon [_thread_blocked, id=51224, stack(0x000000cb05100000,0x000000cb05200000)]
  0x0000025dcc01b630 JavaThread "Monitor Deflation Thread" daemon [_thread_blocked, id=61080, stack(0x000000cb05200000,0x000000cb05300000)]
  0x0000025dcc02e270 JavaThread "C2 CompilerThread0" daemon [_thread_blocked, id=53768, stack(0x000000cb05300000,0x000000cb05400000)]
  0x0000025dcc02fbb0 JavaThread "C1 CompilerThread0" daemon [_thread_blocked, id=60524, stack(0x000000cb05400000,0x000000cb05500000)]
  0x0000025dcc0420c0 JavaThread "Sweeper thread" daemon [_thread_blocked, id=30016, stack(0x000000cb05500000,0x000000cb05600000)]
  0x0000025dac722cc0 JavaThread "Common-Cleaner" daemon [_thread_blocked, id=62132, stack(0x000000cb05600000,0x000000cb05700000)]
  0x0000025dcc2a6080 JavaThread "Notification Thread" daemon [_thread_blocked, id=55744, stack(0x000000cb05700000,0x000000cb05800000)]
  0x0000025dcd7564c0 JavaThread "Daemon health stats" [_thread_blocked, id=51032, stack(0x000000cb05e00000,0x000000cb05f00000)]
  0x0000025dcdb41ad0 JavaThread "Incoming local TCP Connector on port 52037" [_thread_in_native, id=61760, stack(0x000000cb05f00000,0x000000cb06000000)]
  0x0000025dcd456b20 JavaThread "Daemon periodic checks" [_thread_blocked, id=55132, stack(0x000000cb06000000,0x000000cb06100000)]
  0x0000025dcccdf4f0 JavaThread "Daemon" [_thread_blocked, id=48136, stack(0x000000cb06100000,0x000000cb06200000)]
  0x0000025dcccdf9d0 JavaThread "Handler for socket connection from /127.0.0.1:52037 to /127.0.0.1:52038" [_thread_in_native, id=56576, stack(0x000000cb06200000,0x000000cb06300000)]
  0x0000025dcd36acd0 JavaThread "Cancel handler" [_thread_blocked, id=61740, stack(0x000000cb06300000,0x000000cb06400000)]
  0x0000025dcd4a7ba0 JavaThread "Daemon worker" [_thread_blocked, id=60752, stack(0x000000cb06400000,0x000000cb06500000)]
  0x0000025dcc29ba00 JavaThread "Asynchronous log dispatcher for DefaultDaemonConnection: socket connection from /127.0.0.1:52037 to /127.0.0.1:52038" [_thread_blocked, id=51832, stack(0x000000cb06500000,0x000000cb06600000)]
  0x0000025dcc29bf10 JavaThread "Stdin handler" [_thread_blocked, id=54032, stack(0x000000cb06600000,0x000000cb06700000)]
  0x0000025dcc29b4f0 JavaThread "Daemon client event forwarder" [_thread_blocked, id=54128, stack(0x000000cb06700000,0x000000cb06800000)]
  0x0000025dcc29ce40 JavaThread "Cache worker for journal cache (C:\Users\abhinav dhanala\.gradle\caches\journal-1)" [_thread_blocked, id=62344, stack(0x000000cb06b00000,0x000000cb06c00000)]
  0x0000025dcc29d350 JavaThread "File lock request listener" [_thread_in_native, id=60960, stack(0x000000cb06c00000,0x000000cb06d00000)]
  0x0000025dcc29a0b0 JavaThread "Cache worker for file hash cache (C:\Users\abhinav dhanala\.gradle\caches\8.3\fileHashes)" [_thread_blocked, id=58952, stack(0x000000cb06d00000,0x000000cb06e00000)]
  0x0000025dcc29a5c0 JavaThread "File watcher server" daemon [_thread_blocked, id=60480, stack(0x000000cb06e00000,0x000000cb06f00000)]
  0x0000025dcc29afe0 JavaThread "File watcher consumer" daemon [_thread_blocked, id=55044, stack(0x000000cb06f00000,0x000000cb07000000)]
  0x0000025dcd1646f0 JavaThread "Cache worker for checksums cache (C:\Users\abhinav dhanala\StartUp-main\android\.gradle\8.3\checksums)" [_thread_blocked, id=30512, stack(0x000000cb07000000,0x000000cb07100000)]
  0x0000025dcd166040 JavaThread "Cache worker for file hash cache (C:\Users\abhinav dhanala\StartUp-main\android\.gradle\8.3\fileHashes)" [_thread_blocked, id=60896, stack(0x000000cb07100000,0x000000cb07200000)]
  0x0000025dcd163cd0 JavaThread "Cache worker for cache directory md-supplier (C:\Users\abhinav dhanala\.gradle\caches\8.3\md-supplier)" [_thread_blocked, id=25928, stack(0x000000cb07200000,0x000000cb07300000)]
  0x0000025dcd1641e0 JavaThread "Cache worker for file content cache (C:\Users\abhinav dhanala\.gradle\caches\8.3\fileContent)" [_thread_blocked, id=43796, stack(0x000000cb07300000,0x000000cb07400000)]
  0x0000025dcd165620 JavaThread "Cache worker for cache directory md-rule (C:\Users\abhinav dhanala\.gradle\caches\8.3\md-rule)" [_thread_blocked, id=52716, stack(0x000000cb07500000,0x000000cb07600000)]
  0x0000025dcd165b30 JavaThread "Cache worker for execution history cache (C:\Users\abhinav dhanala\.gradle\caches\8.3\executionHistory)" [_thread_blocked, id=60848, stack(0x000000cb07600000,0x000000cb07700000)]
  0x0000025dcd166a60 JavaThread "jar transforms" [_thread_blocked, id=39764, stack(0x000000cb07800000,0x000000cb07900000)]
  0x0000025dcd166550 JavaThread "jar transforms Thread 2" [_thread_blocked, id=32336, stack(0x000000cb07900000,0x000000cb07a00000)]
  0x0000025dce4d09a0 JavaThread "jar transforms Thread 3" [_thread_blocked, id=51280, stack(0x000000cb07a00000,0x000000cb07b00000)]
  0x0000025dce4d3730 JavaThread "jar transforms Thread 4" [_thread_blocked, id=50384, stack(0x000000cb07b00000,0x000000cb07c00000)]
  0x0000025dce4d5590 JavaThread "Cache worker for kotlin-dsl (C:\Users\abhinav dhanala\.gradle\caches\8.3\kotlin-dsl)" [_thread_blocked, id=62276, stack(0x000000cb07e00000,0x000000cb07f00000)]
  0x0000025dce4d18d0 JavaThread "jar transforms Thread 5" [_thread_blocked, id=61204, stack(0x000000cb07f00000,0x000000cb08000000)]
  0x0000025dce4cff80 JavaThread "jar transforms Thread 6" [_thread_blocked, id=50180, stack(0x000000cb08000000,0x000000cb08100000)]
  0x0000025dce4d2d10 JavaThread "Unconstrained build operations" [_thread_blocked, id=61564, stack(0x000000cb08100000,0x000000cb08200000)]
  0x0000025dce4d5aa0 JavaThread "Unconstrained build operations Thread 2" [_thread_blocked, id=54600, stack(0x000000cb08200000,0x000000cb08300000)]
  0x0000025dce4d1de0 JavaThread "jar transforms Thread 7" [_thread_blocked, id=31512, stack(0x000000cb08300000,0x000000cb08400000)]
  0x0000025dce4d3c40 JavaThread "jar transforms Thread 8" [_thread_blocked, id=54048, stack(0x000000cb08400000,0x000000cb08500000)]
  0x0000025dce4d2800 JavaThread "Cache worker for dependencies-accessors (C:\Users\abhinav dhanala\StartUp-main\android\.gradle\8.3\dependencies-accessors)" [_thread_blocked, id=62248, stack(0x000000cb08500000,0x000000cb08600000)]
  0x0000025dce4ceb40 JavaThread "Cache worker for Build Output Cleanup Cache (C:\Users\abhinav dhanala\StartUp-main\node_modules\@react-native\gradle-plugin\.gradle\buildOutputCleanup)" [_thread_blocked, id=62300, stack(0x000000cb08600000,0x000000cb08700000)]
  0x0000025dce4d4150 JavaThread "Unconstrained build operations Thread 3" [_thread_blocked, id=60380, stack(0x000000cb08700000,0x000000cb08800000)]
  0x0000025dce4d3220 JavaThread "Unconstrained build operations Thread 4" [_thread_blocked, id=60464, stack(0x000000cb08800000,0x000000cb08900000)]
  0x0000025dce4d0490 JavaThread "Unconstrained build operations Thread 5" [_thread_blocked, id=57432, stack(0x000000cb08900000,0x000000cb08a00000)]
  0x0000025dce4d64c0 JavaThread "Unconstrained build operations Thread 6" [_thread_blocked, id=61908, stack(0x000000cb08a00000,0x000000cb08b00000)]
  0x0000025dce4d4660 JavaThread "Unconstrained build operations Thread 7" [_thread_blocked, id=55808, stack(0x000000cb08b00000,0x000000cb08c00000)]
  0x0000025dce4d4b70 JavaThread "Unconstrained build operations Thread 8" [_thread_blocked, id=53532, stack(0x000000cb08c00000,0x000000cb08d00000)]
  0x0000025dce4cfa70 JavaThread "Unconstrained build operations Thread 9" [_thread_blocked, id=11544, stack(0x000000cb08d00000,0x000000cb08e00000)]
  0x0000025dce4cf050 JavaThread "Memory manager" [_thread_blocked, id=26284, stack(0x000000cb08e00000,0x000000cb08f00000)]
  0x0000025dce4d0eb0 JavaThread "Cache worker for Build Output Cleanup Cache (C:\Users\abhinav dhanala\StartUp-main\android\.gradle\buildOutputCleanup)" [_thread_blocked, id=54380, stack(0x000000cb08f00000,0x000000cb09000000)]
  0x0000025dcfda1310 JavaThread "ForkJoinPool.commonPool-worker-1" daemon [_thread_blocked, id=29428, stack(0x000000cb09000000,0x000000cb09100000)]
  0x0000025dcfda3b90 JavaThread "ForkJoinPool.commonPool-worker-3" daemon [_thread_blocked, id=62412, stack(0x000000cb09200000,0x000000cb09300000)]
  0x0000025dcfda3170 JavaThread "ForkJoinPool.commonPool-worker-4" daemon [_thread_blocked, id=55216, stack(0x000000cb09300000,0x000000cb09400000)]
  0x0000025dcfda03e0 JavaThread "ForkJoinPool.commonPool-worker-5" daemon [_thread_blocked, id=62232, stack(0x000000cb09400000,0x000000cb09500000)]
  0x0000025dcfda2c60 JavaThread "ForkJoinPool.commonPool-worker-6" daemon [_thread_blocked, id=62104, stack(0x000000cb09500000,0x000000cb09600000)]
  0x0000025dcdf7fb30 JavaThread "Execution worker" [_thread_blocked, id=62076, stack(0x000000cb09b00000,0x000000cb09c00000)]
  0x0000025dcdf823b0 JavaThread "Execution worker Thread 2" [_thread_blocked, id=52296, stack(0x000000cb09c00000,0x000000cb09d00000)]
  0x0000025dcdf81990 JavaThread "Execution worker Thread 3" [_thread_blocked, id=56536, stack(0x000000cb09d00000,0x000000cb09e00000)]
  0x0000025dcdf80a60 JavaThread "Execution worker Thread 4" [_thread_blocked, id=4816, stack(0x000000cb09e00000,0x000000cb09f00000)]
  0x0000025dcdf80550 JavaThread "Execution worker Thread 5" [_thread_blocked, id=55288, stack(0x000000cb09f00000,0x000000cb0a000000)]
  0x0000025dcdf82dd0 JavaThread "Execution worker Thread 6" [_thread_blocked, id=57368, stack(0x000000cb0a000000,0x000000cb0a100000)]
  0x0000025dcdf81ea0 JavaThread "Execution worker Thread 7" [_thread_blocked, id=53324, stack(0x000000cb0a100000,0x000000cb0a200000)]
  0x0000025dcdf828c0 JavaThread "Cache worker for execution history cache (C:\Users\abhinav dhanala\StartUp-main\node_modules\@react-native\gradle-plugin\.gradle\8.3\executionHistory)" [_thread_blocked, id=61800, stack(0x000000cb0a200000,0x000000cb0a300000)]
  0x0000025dcdf7f620 JavaThread "Unconstrained build operations Thread 10" [_thread_blocked, id=49892, stack(0x000000cb0a300000,0x000000cb0a400000)]
  0x0000025dcdf80040 JavaThread "Unconstrained build operations Thread 11" [_thread_blocked, id=59268, stack(0x000000cb0a400000,0x000000cb0a500000)]
  0x0000025dcdf80f70 JavaThread "Unconstrained build operations Thread 12" [_thread_blocked, id=56756, stack(0x000000cb0a500000,0x000000cb0a600000)]
  0x0000025dce76db70 JavaThread "Unconstrained build operations Thread 13" [_thread_blocked, id=58196, stack(0x000000cb0a600000,0x000000cb0a700000)]
  0x0000025dce76a3c0 JavaThread "Unconstrained build operations Thread 14" [_thread_blocked, id=55724, stack(0x000000cb0a700000,0x000000cb0a800000)]
  0x0000025dce76e080 JavaThread "Unconstrained build operations Thread 15" [_thread_blocked, id=48796, stack(0x000000cb0a800000,0x000000cb0a900000)]
  0x0000025dce76d150 JavaThread "Unconstrained build operations Thread 16" [_thread_blocked, id=48512, stack(0x000000cb0a900000,0x000000cb0aa00000)]
  0x0000025dce76eaa0 JavaThread "Unconstrained build operations Thread 17" [_thread_blocked, id=47996, stack(0x000000cb0aa00000,0x000000cb0ab00000)]
  0x0000025dce76efb0 JavaThread "Unconstrained build operations Thread 18" [_thread_blocked, id=57700, stack(0x000000cb0ab00000,0x000000cb0ac00000)]
  0x0000025dce76cc40 JavaThread "Unconstrained build operations Thread 19" [_thread_blocked, id=28960, stack(0x000000cb0ac00000,0x000000cb0ad00000)]
  0x0000025dce76c220 JavaThread "Unconstrained build operations Thread 20" [_thread_blocked, id=56288, stack(0x000000cb0ad00000,0x000000cb0ae00000)]
  0x0000025dce76ade0 JavaThread "Unconstrained build operations Thread 21" [_thread_blocked, id=53472, stack(0x000000cb0ae00000,0x000000cb0af00000)]
  0x0000025dce76a8d0 JavaThread "Unconstrained build operations Thread 22" [_thread_blocked, id=52424, stack(0x000000cb0af00000,0x000000cb0b000000)]
  0x0000025dce76f9d0 JavaThread "Unconstrained build operations Thread 23" [_thread_blocked, id=61852, stack(0x000000cb0b000000,0x000000cb0b100000)]
  0x0000025dce76c730 JavaThread "Unconstrained build operations Thread 24" [_thread_blocked, id=55816, stack(0x000000cb0b100000,0x000000cb0b200000)]
  0x0000025dce76b2f0 JavaThread "Unconstrained build operations Thread 25" [_thread_blocked, id=57644, stack(0x000000cb0b200000,0x000000cb0b300000)]
  0x0000025dce76f4c0 JavaThread "Unconstrained build operations Thread 26" [_thread_blocked, id=61796, stack(0x000000cb04200000,0x000000cb04300000)]
  0x0000025dce76d660 JavaThread "Unconstrained build operations Thread 27" [_thread_blocked, id=56680, stack(0x000000cb04300000,0x000000cb04400000)]
  0x0000025dce76e590 JavaThread "Unconstrained build operations Thread 28" [_thread_blocked, id=61016, stack(0x000000cb04400000,0x000000cb04500000)]
  0x0000025dce768560 JavaThread "Unconstrained build operations Thread 29" [_thread_blocked, id=60504, stack(0x000000cb09600000,0x000000cb09700000)]
  0x0000025dce76fee0 JavaThread "Unconstrained build operations Thread 30" [_thread_blocked, id=60312, stack(0x000000cb09700000,0x000000cb09800000)]
  0x0000025dce768a70 JavaThread "Unconstrained build operations Thread 31" [_thread_blocked, id=51960, stack(0x000000cb09800000,0x000000cb09900000)]
  0x0000025dce768f80 JavaThread "Unconstrained build operations Thread 32" [_thread_blocked, id=59888, stack(0x000000cb09900000,0x000000cb09a00000)]
  0x0000025dcfda3680 JavaThread "Unconstrained build operations Thread 33" [_thread_blocked, id=58572, stack(0x000000cb09100000,0x000000cb09200000)]
  0x0000025dcfda1d30 JavaThread "Unconstrained build operations Thread 34" [_thread_blocked, id=68676, stack(0x000000cb09a00000,0x000000cb09b00000)]
  0x0000025dcfda2240 JavaThread "Unconstrained build operations Thread 35" [_thread_blocked, id=68772, stack(0x000000cb0b300000,0x000000cb0b400000)]
  0x0000025dcfda08f0 JavaThread "Unconstrained build operations Thread 36" [_thread_blocked, id=68776, stack(0x000000cb0b400000,0x000000cb0b500000)]
  0x0000025dcfda2750 JavaThread "Unconstrained build operations Thread 37" [_thread_blocked, id=68780, stack(0x000000cb0b500000,0x000000cb0b600000)]
  0x0000025dcc29c930 JavaThread "Unconstrained build operations Thread 38" [_thread_blocked, id=68784, stack(0x000000cb0b600000,0x000000cb0b700000)]
  0x0000025dcc29d860 JavaThread "Unconstrained build operations Thread 39" [_thread_blocked, id=69100, stack(0x000000cb0b700000,0x000000cb0b800000)]
  0x0000025dce4d13c0 JavaThread "Unconstrained build operations Thread 40" [_thread_blocked, id=69088, stack(0x000000cb0b800000,0x000000cb0b900000)]
  0x0000025dd21f5df0 JavaThread "Unconstrained build operations Thread 41" [_thread_blocked, id=69092, stack(0x000000cb0b900000,0x000000cb0ba00000)]
  0x0000025dd21f3570 JavaThread "Unconstrained build operations Thread 42" [_thread_blocked, id=68644, stack(0x000000cb0ba00000,0x000000cb0bb00000)]
  0x0000025dd21f6810 JavaThread "Unconstrained build operations Thread 43" [_thread_blocked, id=68640, stack(0x000000cb0bb00000,0x000000cb0bc00000)]
  0x0000025dd21f53d0 JavaThread "Unconstrained build operations Thread 44" [_thread_blocked, id=69520, stack(0x000000cb0bc00000,0x000000cb0bd00000)]
  0x0000025dd21f3a80 JavaThread "Unconstrained build operations Thread 45" [_thread_blocked, id=35624, stack(0x000000cb0bd00000,0x000000cb0be00000)]
  0x0000025dd21f3f90 JavaThread "Unconstrained build operations Thread 46" [_thread_blocked, id=68336, stack(0x000000cb0be00000,0x000000cb0bf00000)]
  0x0000025dd21f3060 JavaThread "Unconstrained build operations Thread 47" [_thread_blocked, id=68332, stack(0x000000cb0bf00000,0x000000cb0c000000)]
  0x0000025dd21f58e0 JavaThread "Unconstrained build operations Thread 48" [_thread_blocked, id=68416, stack(0x000000cb0c000000,0x000000cb0c100000)]
  0x0000025dd21f44a0 JavaThread "Unconstrained build operations Thread 49" [_thread_blocked, id=68360, stack(0x000000cb0c100000,0x000000cb0c200000)]
  0x0000025dd21f6300 JavaThread "Unconstrained build operations Thread 50" [_thread_blocked, id=68176, stack(0x000000cb0c200000,0x000000cb0c300000)]
  0x0000025dd7b01ad0 JavaThread "Unconstrained build operations Thread 51" [_thread_blocked, id=68292, stack(0x000000cb0c300000,0x000000cb0c400000)]
  0x0000025dd7b03930 JavaThread "Unconstrained build operations Thread 52" [_thread_blocked, id=68312, stack(0x000000cb0c400000,0x000000cb0c500000)]
  0x0000025dd7b024f0 JavaThread "Unconstrained build operations Thread 53" [_thread_blocked, id=68284, stack(0x000000cb0c500000,0x000000cb0c600000)]
  0x0000025dd7b04860 JavaThread "Unconstrained build operations Thread 54" [_thread_blocked, id=68220, stack(0x000000cb0c600000,0x000000cb0c700000)]
  0x0000025dd7b02a00 JavaThread "Unconstrained build operations Thread 55" [_thread_blocked, id=62584, stack(0x000000cb0c700000,0x000000cb0c800000)]
  0x0000025dd7b070e0 JavaThread "Unconstrained build operations Thread 56" [_thread_blocked, id=60696, stack(0x000000cb0c800000,0x000000cb0c900000)]
  0x0000025dd7b03e40 JavaThread "Unconstrained build operations Thread 57" [_thread_blocked, id=53828, stack(0x000000cb0c900000,0x000000cb0ca00000)]
  0x0000025dd7b03420 JavaThread "Unconstrained build operations Thread 58" [_thread_blocked, id=62080, stack(0x000000cb0ca00000,0x000000cb0cb00000)]
  0x0000025dd7b075f0 JavaThread "Unconstrained build operations Thread 59" [_thread_blocked, id=60796, stack(0x000000cb0cb00000,0x000000cb0cc00000)]
  0x0000025dd7b04350 JavaThread "Unconstrained build operations Thread 60" [_thread_blocked, id=64592, stack(0x000000cb0cc00000,0x000000cb0cd00000)]
  0x0000025dd7b04d70 JavaThread "Unconstrained build operations Thread 61" [_thread_blocked, id=61024, stack(0x000000cb0cd00000,0x000000cb0ce00000)]
  0x0000025dd7b02f10 JavaThread "Unconstrained build operations Thread 62" [_thread_blocked, id=58240, stack(0x000000cb0ce00000,0x000000cb0cf00000)]
  0x0000025dd7b05790 JavaThread "Unconstrained build operations Thread 63" [_thread_blocked, id=52732, stack(0x000000cb0cf00000,0x000000cb0d000000)]
  0x0000025dd7b05ca0 JavaThread "Unconstrained build operations Thread 64" [_thread_blocked, id=58788, stack(0x000000cb0d000000,0x000000cb0d100000)]
  0x0000025dd7b061b0 JavaThread "Unconstrained build operations Thread 65" [_thread_blocked, id=58424, stack(0x000000cb0d100000,0x000000cb0d200000)]
  0x0000025dd7b066c0 JavaThread "Unconstrained build operations Thread 66" [_thread_blocked, id=57864, stack(0x000000cb0d200000,0x000000cb0d300000)]
  0x0000025dd7b07b00 JavaThread "Unconstrained build operations Thread 67" [_thread_blocked, id=55676, stack(0x000000cb0d300000,0x000000cb0d400000)]
  0x0000025dd7b06bd0 JavaThread "Unconstrained build operations Thread 68" [_thread_blocked, id=52484, stack(0x000000cb0d400000,0x000000cb0d500000)]
  0x0000025dd7b00ba0 JavaThread "ForkJoinPool.commonPool-worker-8" daemon [_thread_blocked, id=69096, stack(0x000000cb0d500000,0x000000cb0d600000)]
  0x0000025dd7b08520 JavaThread "ForkJoinPool.commonPool-worker-9" daemon [_thread_blocked, id=68508, stack(0x000000cb0d600000,0x000000cb0d700000)]

Other Threads:
=>0x0000025dac72fab0 VMThread "VM Thread" [stack: 0x000000cb04c00000,0x000000cb04d00000] [id=62432]
  0x0000025dcc2a6770 WatcherThread [stack: 0x000000cb05800000,0x000000cb05900000] [id=54004]
  0x0000025d8c83e830 GCTaskThread "GC Thread#0" [stack: 0x000000cb04700000,0x000000cb04800000] [id=60428]
  0x0000025dcc9edcd0 GCTaskThread "GC Thread#1" [stack: 0x000000cb05900000,0x000000cb05a00000] [id=53684]
  0x0000025dcca26d10 GCTaskThread "GC Thread#2" [stack: 0x000000cb05a00000,0x000000cb05b00000] [id=55732]
  0x0000025dccaa7180 GCTaskThread "GC Thread#3" [stack: 0x000000cb05b00000,0x000000cb05c00000] [id=33020]
  0x0000025dcd1b1970 GCTaskThread "GC Thread#4" [stack: 0x000000cb05d00000,0x000000cb05e00000] [id=59944]
  0x0000025dcde584e0 GCTaskThread "GC Thread#5" [stack: 0x000000cb06800000,0x000000cb06900000] [id=54432]
  0x0000025dcda8e700 GCTaskThread "GC Thread#6" [stack: 0x000000cb06900000,0x000000cb06a00000] [id=59036]
  0x0000025dcda8e9c0 GCTaskThread "GC Thread#7" [stack: 0x000000cb06a00000,0x000000cb06b00000] [id=52036]
  0x0000025d8ea95760 ConcurrentGCThread "G1 Main Marker" [stack: 0x000000cb04800000,0x000000cb04900000] [id=60612]
  0x0000025d8ea96180 ConcurrentGCThread "G1 Conc#0" [stack: 0x000000cb04900000,0x000000cb04a00000] [id=60588]
  0x0000025dce343610 ConcurrentGCThread "G1 Conc#1" [stack: 0x000000cb07400000,0x000000cb07500000] [id=61424]
  0x0000025dac5f0f90 ConcurrentGCThread "G1 Refine#0" [stack: 0x000000cb04a00000,0x000000cb04b00000] [id=50500]
  0x0000025dcca7d180 ConcurrentGCThread "G1 Refine#1" [stack: 0x000000cb05c00000,0x000000cb05d00000] [id=59596]
  0x0000025dcf5d9b00 ConcurrentGCThread "G1 Refine#2" [stack: 0x000000cb07700000,0x000000cb07800000] [id=59540]
  0x0000025dac5f15d0 ConcurrentGCThread "G1 Service" [stack: 0x000000cb04b00000,0x000000cb04c00000] [id=57916]

Threads with active compile tasks:
C2 CompilerThread0   214991 15622       4       org.gradle.api.internal.artifacts.ivyservice.resolveengine.graph.builder.DependencyState::<init> (16 bytes)

VM state: at safepoint (normal execution)

VM Mutex/Monitor currently owned by a thread:  ([mutex/lock_event])
[0x0000025d8ea2a4f0] Threads_lock - owner thread: 0x0000025dac72fab0
[0x0000025d8ea2a220] Heap_lock - owner thread: 0x0000025dcd4a7ba0

Heap address: 0x0000000080000000, size: 2048 MB, Compressed Oops mode: 32-bit

CDS archive(s) mapped at: [0x0000025dad000000-0x0000025dadbb0000-0x0000025dadbb0000), size 12255232, SharedBaseAddress: 0x0000025dad000000, ArchiveRelocationMode: 1.
Compressed class space mapped at: 0x0000025dae000000-0x0000025dc8000000, reserved size: 436207616
Narrow klass base: 0x0000025dad000000, Narrow klass shift: 0, Narrow klass range: 0x100000000

GC Precious Log:
 CPUs: 8 total, 8 available
 Memory: 6081M
 Large Page Support: Disabled
 NUMA Support: Disabled
 Compressed Oops: Enabled (32-bit)
 Heap Region Size: 1M
 Heap Min Capacity: 8M
 Heap Initial Capacity: 96M
 Heap Max Capacity: 2G
 Pre-touch: Disabled
 Parallel Workers: 8
 Concurrent Workers: 2
 Concurrent Refinement Workers: 8
 Periodic GC: Disabled

Heap:
 garbage-first heap   total 249856K, used 198227K [0x0000000080000000, 0x0000000100000000)
  region size 1024K, 2 young (2048K), 2 survivors (2048K)
 Metaspace       used 102141K, committed 103488K, reserved 557056K
  class space    used 14245K, committed 14848K, reserved 425984K

Heap Regions: E=young(eden), S=young(survivor), O=old, HS=humongous(starts), HC=humongous(continues), CS=collection set, F=free, OA=open archive, CA=closed archive, TAMS=top-at-mark-start (previous, next)
|   0|0x0000000080000000, 0x0000000080100000, 0x0000000080100000|100%|HS|  |TAMS 0x0000000080100000, 0x0000000080000000| Complete 
|   1|0x0000000080100000, 0x0000000080200000, 0x0000000080200000|100%|HC|  |TAMS 0x0000000080200000, 0x0000000080100000| Complete 
|   2|0x0000000080200000, 0x0000000080300000, 0x0000000080300000|100%|HC|  |TAMS 0x0000000080300000, 0x0000000080200000| Complete 
|   3|0x0000000080300000, 0x0000000080400000, 0x0000000080400000|100%|HC|  |TAMS 0x0000000080400000, 0x0000000080300000| Complete 
|   4|0x0000000080400000, 0x0000000080500000, 0x0000000080500000|100%| O|  |TAMS 0x0000000080500000, 0x0000000080400000| Untracked 
|   5|0x0000000080500000, 0x0000000080600000, 0x0000000080600000|100%| O|  |TAMS 0x0000000080600000, 0x0000000080500000| Untracked 
|   6|0x0000000080600000, 0x0000000080700000, 0x0000000080700000|100%| O|  |TAMS 0x0000000080700000, 0x0000000080600000| Untracked 
|   7|0x0000000080700000, 0x0000000080800000, 0x0000000080800000|100%| O|  |TAMS 0x0000000080800000, 0x0000000080700000| Untracked 
|   8|0x0000000080800000, 0x0000000080900000, 0x0000000080900000|100%| O|  |TAMS 0x0000000080900000, 0x0000000080800000| Untracked 
|   9|0x0000000080900000, 0x0000000080a00000, 0x0000000080a00000|100%| O|  |TAMS 0x0000000080a00000, 0x0000000080900000| Untracked 
|  10|0x0000000080a00000, 0x0000000080b00000, 0x0000000080b00000|100%|HS|  |TAMS 0x0000000080b00000, 0x0000000080a00000| Complete 
|  11|0x0000000080b00000, 0x0000000080c00000, 0x0000000080c00000|100%| O|  |TAMS 0x0000000080c00000, 0x0000000080b00000| Untracked 
|  12|0x0000000080c00000, 0x0000000080d00000, 0x0000000080d00000|100%| O|  |TAMS 0x0000000080d00000, 0x0000000080c00000| Untracked 
|  13|0x0000000080d00000, 0x0000000080e00000, 0x0000000080e00000|100%| O|  |TAMS 0x0000000080e00000, 0x0000000080d00000| Untracked 
|  14|0x0000000080e00000, 0x0000000080f00000, 0x0000000080f00000|100%| O|  |TAMS 0x0000000080f00000, 0x0000000080e00000| Untracked 
|  15|0x0000000080f00000, 0x0000000081000000, 0x0000000081000000|100%| O|  |TAMS 0x0000000081000000, 0x0000000080f00000| Untracked 
|  16|0x0000000081000000, 0x0000000081100000, 0x0000000081100000|100%| O|  |TAMS 0x0000000081100000, 0x0000000081000000| Untracked 
|  17|0x0000000081100000, 0x0000000081200000, 0x0000000081200000|100%| O|  |TAMS 0x0000000081200000, 0x0000000081100000| Untracked 
|  18|0x0000000081200000, 0x0000000081300000, 0x0000000081300000|100%| O|  |TAMS 0x0000000081300000, 0x0000000081200000| Untracked 
|  19|0x0000000081300000, 0x0000000081400000, 0x0000000081400000|100%| O|  |TAMS 0x0000000081400000, 0x0000000081300000| Untracked 
|  20|0x0000000081400000, 0x0000000081500000, 0x0000000081500000|100%| O|  |TAMS 0x0000000081500000, 0x0000000081400000| Untracked 
|  21|0x0000000081500000, 0x0000000081600000, 0x0000000081600000|100%| O|  |TAMS 0x0000000081600000, 0x0000000081500000| Untracked 
|  22|0x0000000081600000, 0x0000000081700000, 0x0000000081700000|100%| O|  |TAMS 0x0000000081700000, 0x0000000081600000| Untracked 
|  23|0x0000000081700000, 0x0000000081800000, 0x0000000081800000|100%| O|  |TAMS 0x0000000081800000, 0x0000000081700000| Untracked 
|  24|0x0000000081800000, 0x0000000081900000, 0x0000000081900000|100%| O|  |TAMS 0x0000000081900000, 0x0000000081800000| Untracked 
|  25|0x0000000081900000, 0x0000000081a00000, 0x0000000081a00000|100%| O|  |TAMS 0x0000000081a00000, 0x0000000081900000| Untracked 
|  26|0x0000000081a00000, 0x0000000081b00000, 0x0000000081b00000|100%| O|  |TAMS 0x0000000081b00000, 0x0000000081a00000| Untracked 
|  27|0x0000000081b00000, 0x0000000081c00000, 0x0000000081c00000|100%| O|  |TAMS 0x0000000081c00000, 0x0000000081b00000| Untracked 
|  28|0x0000000081c00000, 0x0000000081d00000, 0x0000000081d00000|100%| O|  |TAMS 0x0000000081d00000, 0x0000000081c00000| Untracked 
|  29|0x0000000081d00000, 0x0000000081e00000, 0x0000000081e00000|100%| O|  |TAMS 0x0000000081e00000, 0x0000000081d00000| Untracked 
|  30|0x0000000081e00000, 0x0000000081f00000, 0x0000000081f00000|100%| O|  |TAMS 0x0000000081f00000, 0x0000000081e00000| Untracked 
|  31|0x0000000081f00000, 0x0000000082000000, 0x0000000082000000|100%| O|  |TAMS 0x0000000082000000, 0x0000000081f00000| Untracked 
|  32|0x0000000082000000, 0x0000000082100000, 0x0000000082100000|100%| O|  |TAMS 0x0000000082100000, 0x0000000082000000| Untracked 
|  33|0x0000000082100000, 0x0000000082200000, 0x0000000082200000|100%| O|  |TAMS 0x0000000082200000, 0x0000000082100000| Untracked 
|  34|0x0000000082200000, 0x0000000082300000, 0x0000000082300000|100%| O|  |TAMS 0x0000000082300000, 0x0000000082200000| Untracked 
|  35|0x0000000082300000, 0x0000000082400000, 0x0000000082400000|100%| O|  |TAMS 0x0000000082400000, 0x0000000082300000| Untracked 
|  36|0x0000000082400000, 0x0000000082500000, 0x0000000082500000|100%| O|  |TAMS 0x0000000082500000, 0x0000000082400000| Untracked 
|  37|0x0000000082500000, 0x0000000082600000, 0x0000000082600000|100%|HS|  |TAMS 0x0000000082600000, 0x0000000082500000| Complete 
|  38|0x0000000082600000, 0x0000000082700000, 0x0000000082700000|100%|HC|  |TAMS 0x0000000082700000, 0x0000000082600000| Complete 
|  39|0x0000000082700000, 0x0000000082800000, 0x0000000082800000|100%|HS|  |TAMS 0x0000000082800000, 0x0000000082700000| Complete 
|  40|0x0000000082800000, 0x0000000082900000, 0x0000000082900000|100%|HC|  |TAMS 0x0000000082900000, 0x0000000082800000| Complete 
|  41|0x0000000082900000, 0x0000000082a00000, 0x0000000082a00000|100%|HS|  |TAMS 0x0000000082a00000, 0x0000000082900000| Complete 
|  42|0x0000000082a00000, 0x0000000082b00000, 0x0000000082b00000|100%|HC|  |TAMS 0x0000000082b00000, 0x0000000082a00000| Complete 
|  43|0x0000000082b00000, 0x0000000082c00000, 0x0000000082c00000|100%|HC|  |TAMS 0x0000000082c00000, 0x0000000082b00000| Complete 
|  44|0x0000000082c00000, 0x0000000082d00000, 0x0000000082d00000|100%|HC|  |TAMS 0x0000000082d00000, 0x0000000082c00000| Complete 
|  45|0x0000000082d00000, 0x0000000082e00000, 0x0000000082e00000|100%| O|  |TAMS 0x0000000082e00000, 0x0000000082d00000| Untracked 
|  46|0x0000000082e00000, 0x0000000082f00000, 0x0000000082f00000|100%| O|  |TAMS 0x0000000082f00000, 0x0000000082e00000| Untracked 
|  47|0x0000000082f00000, 0x0000000083000000, 0x0000000083000000|100%|HS|  |TAMS 0x0000000083000000, 0x0000000082f00000| Complete 
|  48|0x0000000083000000, 0x0000000083100000, 0x0000000083100000|100%|HC|  |TAMS 0x0000000083100000, 0x0000000083000000| Complete 
|  49|0x0000000083100000, 0x0000000083200000, 0x0000000083200000|100%|HC|  |TAMS 0x0000000083200000, 0x0000000083100000| Complete 
|  50|0x0000000083200000, 0x0000000083300000, 0x0000000083300000|100%|HC|  |TAMS 0x0000000083300000, 0x0000000083200000| Complete 
|  51|0x0000000083300000, 0x0000000083400000, 0x0000000083400000|100%| O|  |TAMS 0x0000000083400000, 0x0000000083300000| Untracked 
|  52|0x0000000083400000, 0x0000000083500000, 0x0000000083500000|100%| O|  |TAMS 0x0000000083500000, 0x0000000083400000| Untracked 
|  53|0x0000000083500000, 0x0000000083600000, 0x0000000083600000|100%| O|  |TAMS 0x0000000083600000, 0x0000000083500000| Untracked 
|  54|0x0000000083600000, 0x0000000083700000, 0x0000000083700000|100%| O|  |TAMS 0x0000000083700000, 0x0000000083600000| Untracked 
|  55|0x0000000083700000, 0x0000000083800000, 0x0000000083800000|100%| O|  |TAMS 0x0000000083800000, 0x0000000083700000| Untracked 
|  56|0x0000000083800000, 0x0000000083900000, 0x0000000083900000|100%| O|  |TAMS 0x0000000083900000, 0x0000000083800000| Untracked 
|  57|0x0000000083900000, 0x0000000083a00000, 0x0000000083a00000|100%| O|  |TAMS 0x0000000083a00000, 0x0000000083900000| Untracked 
|  58|0x0000000083a00000, 0x0000000083b00000, 0x0000000083b00000|100%|HS|  |TAMS 0x0000000083b00000, 0x0000000083a00000| Complete 
|  59|0x0000000083b00000, 0x0000000083c00000, 0x0000000083c00000|100%|HS|  |TAMS 0x0000000083c00000, 0x0000000083b00000| Complete 
|  60|0x0000000083c00000, 0x0000000083d00000, 0x0000000083d00000|100%| O|  |TAMS 0x0000000083d00000, 0x0000000083c00000| Untracked 
|  61|0x0000000083d00000, 0x0000000083e00000, 0x0000000083e00000|100%|HS|  |TAMS 0x0000000083e00000, 0x0000000083d00000| Complete 
|  62|0x0000000083e00000, 0x0000000083f00000, 0x0000000083f00000|100%| O|  |TAMS 0x0000000083f00000, 0x0000000083e00000| Untracked 
|  63|0x0000000083f00000, 0x0000000084000000, 0x0000000084000000|100%| O|  |TAMS 0x0000000084000000, 0x0000000083f00000| Untracked 
|  64|0x0000000084000000, 0x0000000084100000, 0x0000000084100000|100%| O|  |TAMS 0x0000000084100000, 0x0000000084000000| Untracked 
|  65|0x0000000084100000, 0x0000000084200000, 0x0000000084200000|100%| O|  |TAMS 0x0000000084200000, 0x0000000084100000| Untracked 
|  66|0x0000000084200000, 0x0000000084300000, 0x0000000084300000|100%| O|  |TAMS 0x0000000084300000, 0x0000000084200000| Untracked 
|  67|0x0000000084300000, 0x0000000084400000, 0x0000000084400000|100%| O|  |TAMS 0x0000000084400000, 0x0000000084300000| Untracked 
|  68|0x0000000084400000, 0x0000000084500000, 0x0000000084500000|100%| O|  |TAMS 0x0000000084500000, 0x0000000084400000| Untracked 
|  69|0x0000000084500000, 0x0000000084600000, 0x0000000084600000|100%| O|  |TAMS 0x0000000084600000, 0x0000000084500000| Untracked 
|  70|0x0000000084600000, 0x0000000084700000, 0x0000000084700000|100%| O|  |TAMS 0x0000000084700000, 0x0000000084600000| Untracked 
|  71|0x0000000084700000, 0x0000000084800000, 0x0000000084800000|100%| O|  |TAMS 0x0000000084800000, 0x0000000084700000| Untracked 
|  72|0x0000000084800000, 0x0000000084900000, 0x0000000084900000|100%| O|  |TAMS 0x0000000084900000, 0x0000000084800000| Untracked 
|  73|0x0000000084900000, 0x0000000084a00000, 0x0000000084a00000|100%| O|  |TAMS 0x0000000084a00000, 0x0000000084900000| Untracked 
|  74|0x0000000084a00000, 0x0000000084b00000, 0x0000000084b00000|100%| O|  |TAMS 0x0000000084b00000, 0x0000000084a00000| Untracked 
|  75|0x0000000084b00000, 0x0000000084c00000, 0x0000000084c00000|100%| O|  |TAMS 0x0000000084c00000, 0x0000000084b00000| Untracked 
|  76|0x0000000084c00000, 0x0000000084d00000, 0x0000000084d00000|100%| O|  |TAMS 0x0000000084d00000, 0x0000000084c00000| Untracked 
|  77|0x0000000084d00000, 0x0000000084e00000, 0x0000000084e00000|100%| O|  |TAMS 0x0000000084e00000, 0x0000000084d00000| Untracked 
|  78|0x0000000084e00000, 0x0000000084f00000, 0x0000000084f00000|100%| O|  |TAMS 0x0000000084f00000, 0x0000000084e00000| Untracked 
|  79|0x0000000084f00000, 0x0000000085000000, 0x0000000085000000|100%| O|  |TAMS 0x0000000085000000, 0x0000000084f00000| Untracked 
|  80|0x0000000085000000, 0x0000000085100000, 0x0000000085100000|100%| O|  |TAMS 0x0000000085100000, 0x0000000085000000| Untracked 
|  81|0x0000000085100000, 0x0000000085200000, 0x0000000085200000|100%|HS|  |TAMS 0x0000000085200000, 0x0000000085100000| Complete 
|  82|0x0000000085200000, 0x0000000085300000, 0x0000000085300000|100%| O|  |TAMS 0x0000000085300000, 0x0000000085200000| Untracked 
|  83|0x0000000085300000, 0x0000000085400000, 0x0000000085400000|100%| O|  |TAMS 0x0000000085400000, 0x0000000085300000| Untracked 
|  84|0x0000000085400000, 0x0000000085500000, 0x0000000085500000|100%| O|  |TAMS 0x0000000085500000, 0x0000000085400000| Untracked 
|  85|0x0000000085500000, 0x0000000085600000, 0x0000000085600000|100%| O|  |TAMS 0x0000000085600000, 0x0000000085500000| Untracked 
|  86|0x0000000085600000, 0x0000000085700000, 0x0000000085700000|100%| O|  |TAMS 0x0000000085700000, 0x0000000085600000| Untracked 
|  87|0x0000000085700000, 0x0000000085800000, 0x0000000085800000|100%| O|  |TAMS 0x0000000085800000, 0x0000000085700000| Untracked 
|  88|0x0000000085800000, 0x0000000085900000, 0x0000000085900000|100%| O|  |TAMS 0x0000000085900000, 0x0000000085800000| Untracked 
|  89|0x0000000085900000, 0x0000000085a00000, 0x0000000085a00000|100%|HS|  |TAMS 0x0000000085a00000, 0x0000000085900000| Complete 
|  90|0x0000000085a00000, 0x0000000085b00000, 0x0000000085b00000|100%|HS|  |TAMS 0x0000000085b00000, 0x0000000085a00000| Complete 
|  91|0x0000000085b00000, 0x0000000085c00000, 0x0000000085c00000|100%| O|  |TAMS 0x0000000085c00000, 0x0000000085b00000| Untracked 
|  92|0x0000000085c00000, 0x0000000085d00000, 0x0000000085d00000|100%| O|  |TAMS 0x0000000085d00000, 0x0000000085c00000| Untracked 
|  93|0x0000000085d00000, 0x0000000085e00000, 0x0000000085e00000|100%| O|  |TAMS 0x0000000085e00000, 0x0000000085d00000| Untracked 
|  94|0x0000000085e00000, 0x0000000085f00000, 0x0000000085f00000|100%| O|  |TAMS 0x0000000085f00000, 0x0000000085e00000| Untracked 
|  95|0x0000000085f00000, 0x0000000086000000, 0x0000000086000000|100%| O|  |TAMS 0x0000000086000000, 0x0000000085f00000| Untracked 
|  96|0x0000000086000000, 0x0000000086100000, 0x0000000086100000|100%|HS|  |TAMS 0x0000000086100000, 0x0000000086000000| Complete 
|  97|0x0000000086100000, 0x0000000086200000, 0x0000000086200000|100%|HC|  |TAMS 0x0000000086200000, 0x0000000086100000| Complete 
|  98|0x0000000086200000, 0x0000000086300000, 0x0000000086300000|100%| O|  |TAMS 0x0000000086300000, 0x0000000086200000| Untracked 
|  99|0x0000000086300000, 0x0000000086400000, 0x0000000086400000|100%| O|  |TAMS 0x0000000086400000, 0x0000000086300000| Untracked 
| 100|0x0000000086400000, 0x0000000086500000, 0x0000000086500000|100%| O|  |TAMS 0x0000000086500000, 0x0000000086400000| Untracked 
| 101|0x0000000086500000, 0x0000000086600000, 0x0000000086600000|100%| O|  |TAMS 0x0000000086600000, 0x0000000086500000| Untracked 
| 102|0x0000000086600000, 0x0000000086700000, 0x0000000086700000|100%| O|  |TAMS 0x0000000086700000, 0x0000000086600000| Untracked 
| 103|0x0000000086700000, 0x0000000086800000, 0x0000000086800000|100%| O|  |TAMS 0x0000000086800000, 0x0000000086700000| Untracked 
| 104|0x0000000086800000, 0x0000000086900000, 0x0000000086900000|100%| O|  |TAMS 0x0000000086900000, 0x0000000086800000| Untracked 
| 105|0x0000000086900000, 0x0000000086a00000, 0x0000000086a00000|100%| O|  |TAMS 0x0000000086a00000, 0x0000000086900000| Untracked 
| 106|0x0000000086a00000, 0x0000000086b00000, 0x0000000086b00000|100%| O|  |TAMS 0x0000000086b00000, 0x0000000086a00000| Untracked 
| 107|0x0000000086b00000, 0x0000000086c00000, 0x0000000086c00000|100%| O|  |TAMS 0x0000000086c00000, 0x0000000086b00000| Untracked 
| 108|0x0000000086c00000, 0x0000000086d00000, 0x0000000086d00000|100%|HS|  |TAMS 0x0000000086d00000, 0x0000000086c00000| Complete 
| 109|0x0000000086d00000, 0x0000000086e00000, 0x0000000086e00000|100%|HC|  |TAMS 0x0000000086e00000, 0x0000000086d00000| Complete 
| 110|0x0000000086e00000, 0x0000000086f00000, 0x0000000086f00000|100%|HC|  |TAMS 0x0000000086f00000, 0x0000000086e00000| Complete 
| 111|0x0000000086f00000, 0x0000000087000000, 0x0000000087000000|100%|HS|  |TAMS 0x0000000087000000, 0x0000000086f00000| Complete 
| 112|0x0000000087000000, 0x0000000087100000, 0x0000000087100000|100%|HC|  |TAMS 0x0000000087100000, 0x0000000087000000| Complete 
| 113|0x0000000087100000, 0x0000000087200000, 0x0000000087200000|100%| O|  |TAMS 0x0000000087200000, 0x0000000087100000| Untracked 
| 114|0x0000000087200000, 0x0000000087300000, 0x0000000087300000|100%| O|  |TAMS 0x0000000087300000, 0x0000000087200000| Untracked 
| 115|0x0000000087300000, 0x0000000087400000, 0x0000000087400000|100%| O|  |TAMS 0x0000000087400000, 0x0000000087300000| Untracked 
| 116|0x0000000087400000, 0x0000000087500000, 0x0000000087500000|100%| O|  |TAMS 0x0000000087500000, 0x0000000087400000| Untracked 
| 117|0x0000000087500000, 0x0000000087600000, 0x0000000087600000|100%| O|  |TAMS 0x0000000087600000, 0x0000000087500000| Untracked 
| 118|0x0000000087600000, 0x0000000087700000, 0x0000000087700000|100%| O|  |TAMS 0x0000000087700000, 0x0000000087600000| Untracked 
| 119|0x0000000087700000, 0x0000000087800000, 0x0000000087800000|100%| O|  |TAMS 0x0000000087800000, 0x0000000087700000| Untracked 
| 120|0x0000000087800000, 0x0000000087900000, 0x0000000087900000|100%| O|  |TAMS 0x0000000087900000, 0x0000000087800000| Untracked 
| 121|0x0000000087900000, 0x0000000087a00000, 0x0000000087a00000|100%| O|  |TAMS 0x0000000087a00000, 0x0000000087900000| Untracked 
| 122|0x0000000087a00000, 0x0000000087b00000, 0x0000000087b00000|100%|HS|  |TAMS 0x0000000087a00000, 0x0000000087a00000| Complete 
| 123|0x0000000087b00000, 0x0000000087c00000, 0x0000000087c00000|100%| O|  |TAMS 0x0000000087c00000, 0x0000000087b00000| Untracked 
| 124|0x0000000087c00000, 0x0000000087d00000, 0x0000000087d00000|100%| O|  |TAMS 0x0000000087d00000, 0x0000000087c00000| Untracked 
| 125|0x0000000087d00000, 0x0000000087e00000, 0x0000000087e00000|100%| O|  |TAMS 0x0000000087e00000, 0x0000000087d00000| Untracked 
| 126|0x0000000087e00000, 0x0000000087f00000, 0x0000000087f00000|100%| O|  |TAMS 0x0000000087f00000, 0x0000000087e00000| Untracked 
| 127|0x0000000087f00000, 0x0000000088000000, 0x0000000088000000|100%| O|  |TAMS 0x0000000088000000, 0x0000000087f00000| Untracked 
| 128|0x0000000088000000, 0x0000000088100000, 0x0000000088100000|100%| O|  |TAMS 0x0000000088100000, 0x0000000088000000| Untracked 
| 129|0x0000000088100000, 0x0000000088200000, 0x0000000088200000|100%| O|  |TAMS 0x0000000088200000, 0x0000000088100000| Untracked 
| 130|0x0000000088200000, 0x0000000088300000, 0x0000000088300000|100%| O|  |TAMS 0x0000000088300000, 0x0000000088200000| Untracked 
| 131|0x0000000088300000, 0x0000000088400000, 0x0000000088400000|100%| O|  |TAMS 0x0000000088300000, 0x0000000088300000| Untracked 
| 132|0x0000000088400000, 0x0000000088500000, 0x0000000088500000|100%| O|  |TAMS 0x0000000088400000, 0x0000000088400000| Untracked 
| 133|0x0000000088500000, 0x0000000088600000, 0x0000000088600000|100%| O|  |TAMS 0x0000000088500000, 0x0000000088500000| Untracked 
| 134|0x0000000088600000, 0x0000000088700000, 0x0000000088700000|100%| O|  |TAMS 0x0000000088600000, 0x0000000088600000| Untracked 
| 135|0x0000000088700000, 0x0000000088800000, 0x0000000088800000|100%| O|  |TAMS 0x0000000088700000, 0x0000000088700000| Untracked 
| 136|0x0000000088800000, 0x0000000088900000, 0x0000000088900000|100%| O|  |TAMS 0x0000000088800000, 0x0000000088800000| Untracked 
| 137|0x0000000088900000, 0x0000000088a00000, 0x0000000088a00000|100%|HS|  |TAMS 0x0000000088900000, 0x0000000088900000| Complete 
| 138|0x0000000088a00000, 0x0000000088b00000, 0x0000000088b00000|100%|HS|  |TAMS 0x0000000088a00000, 0x0000000088a00000| Complete 
| 139|0x0000000088b00000, 0x0000000088c00000, 0x0000000088c00000|100%| O|  |TAMS 0x0000000088b00000, 0x0000000088b00000| Untracked 
| 140|0x0000000088c00000, 0x0000000088d00000, 0x0000000088d00000|100%| O|  |TAMS 0x0000000088c00000, 0x0000000088c00000| Untracked 
| 141|0x0000000088d00000, 0x0000000088e00000, 0x0000000088e00000|100%| O|  |TAMS 0x0000000088d00000, 0x0000000088d00000| Untracked 
| 142|0x0000000088e00000, 0x0000000088f00000, 0x0000000088f00000|100%| O|  |TAMS 0x0000000088e00000, 0x0000000088e00000| Untracked 
| 143|0x0000000088f00000, 0x0000000089000000, 0x0000000089000000|100%| O|  |TAMS 0x0000000088f00000, 0x0000000088f00000| Untracked 
| 144|0x0000000089000000, 0x0000000089100000, 0x0000000089100000|100%| O|  |TAMS 0x0000000089000000, 0x0000000089000000| Untracked 
| 145|0x0000000089100000, 0x0000000089200000, 0x0000000089200000|100%| O|  |TAMS 0x0000000089100000, 0x0000000089100000| Untracked 
| 146|0x0000000089200000, 0x0000000089300000, 0x0000000089300000|100%| O|  |TAMS 0x0000000089200000, 0x0000000089200000| Untracked 
| 147|0x0000000089300000, 0x0000000089400000, 0x0000000089400000|100%| O|  |TAMS 0x0000000089300000, 0x0000000089300000| Untracked 
| 148|0x0000000089400000, 0x0000000089500000, 0x0000000089500000|100%| O|  |TAMS 0x0000000089400000, 0x0000000089400000| Untracked 
| 149|0x0000000089500000, 0x0000000089600000, 0x0000000089600000|100%| O|  |TAMS 0x0000000089500000, 0x0000000089500000| Untracked 
| 150|0x0000000089600000, 0x0000000089700000, 0x0000000089700000|100%| O|  |TAMS 0x0000000089600000, 0x0000000089600000| Untracked 
| 151|0x0000000089700000, 0x0000000089800000, 0x0000000089800000|100%| O|  |TAMS 0x0000000089700000, 0x0000000089700000| Untracked 
| 152|0x0000000089800000, 0x0000000089900000, 0x0000000089900000|100%| O|  |TAMS 0x0000000089800000, 0x0000000089800000| Untracked 
| 153|0x0000000089900000, 0x0000000089a00000, 0x0000000089a00000|100%| O|  |TAMS 0x0000000089900000, 0x0000000089900000| Untracked 
| 154|0x0000000089a00000, 0x0000000089b00000, 0x0000000089b00000|100%| O|  |TAMS 0x0000000089a00000, 0x0000000089a00000| Untracked 
| 155|0x0000000089b00000, 0x0000000089c00000, 0x0000000089c00000|100%|HS|  |TAMS 0x0000000089b00000, 0x0000000089b00000| Complete 
| 156|0x0000000089c00000, 0x0000000089d00000, 0x0000000089d00000|100%|HS|  |TAMS 0x0000000089c00000, 0x0000000089c00000| Complete 
| 157|0x0000000089d00000, 0x0000000089e00000, 0x0000000089e00000|100%| O|  |TAMS 0x0000000089d00000, 0x0000000089d00000| Untracked 
| 158|0x0000000089e00000, 0x0000000089f00000, 0x0000000089f00000|100%| O|  |TAMS 0x0000000089e00000, 0x0000000089e00000| Untracked 
| 159|0x0000000089f00000, 0x000000008a000000, 0x000000008a000000|100%| O|  |TAMS 0x0000000089f00000, 0x0000000089f00000| Untracked 
| 160|0x000000008a000000, 0x000000008a100000, 0x000000008a100000|100%| O|  |TAMS 0x000000008a000000, 0x000000008a000000| Untracked 
| 161|0x000000008a100000, 0x000000008a200000, 0x000000008a200000|100%| O|  |TAMS 0x000000008a100000, 0x000000008a100000| Untracked 
| 162|0x000000008a200000, 0x000000008a300000, 0x000000008a300000|100%| O|  |TAMS 0x000000008a200000, 0x000000008a200000| Untracked 
| 163|0x000000008a300000, 0x000000008a400000, 0x000000008a400000|100%| O|  |TAMS 0x000000008a300000, 0x000000008a300000| Untracked 
| 164|0x000000008a400000, 0x000000008a500000, 0x000000008a500000|100%| O|  |TAMS 0x000000008a400000, 0x000000008a400000| Untracked 
| 165|0x000000008a500000, 0x000000008a600000, 0x000000008a600000|100%| O|  |TAMS 0x000000008a500000, 0x000000008a500000| Untracked 
| 166|0x000000008a600000, 0x000000008a700000, 0x000000008a700000|100%| O|  |TAMS 0x000000008a600000, 0x000000008a600000| Untracked 
| 167|0x000000008a700000, 0x000000008a800000, 0x000000008a800000|100%| O|  |TAMS 0x000000008a700000, 0x000000008a700000| Untracked 
| 168|0x000000008a800000, 0x000000008a900000, 0x000000008a900000|100%| O|  |TAMS 0x000000008a800000, 0x000000008a800000| Untracked 
| 169|0x000000008a900000, 0x000000008aa00000, 0x000000008aa00000|100%| O|  |TAMS 0x000000008a900000, 0x000000008a900000| Untracked 
| 170|0x000000008aa00000, 0x000000008ab00000, 0x000000008ab00000|100%| O|  |TAMS 0x000000008aa00000, 0x000000008aa00000| Untracked 
| 171|0x000000008ab00000, 0x000000008ac00000, 0x000000008ac00000|100%| O|  |TAMS 0x000000008ab00000, 0x000000008ab00000| Untracked 
| 172|0x000000008ac00000, 0x000000008ad00000, 0x000000008ad00000|100%| O|  |TAMS 0x000000008ac00000, 0x000000008ac00000| Untracked 
| 173|0x000000008ad00000, 0x000000008ae00000, 0x000000008ae00000|100%| O|  |TAMS 0x000000008ad00000, 0x000000008ad00000| Untracked 
| 174|0x000000008ae00000, 0x000000008af00000, 0x000000008af00000|100%| O|  |TAMS 0x000000008ae00000, 0x000000008ae00000| Untracked 
| 175|0x000000008af00000, 0x000000008b000000, 0x000000008b000000|100%| O|  |TAMS 0x000000008af00000, 0x000000008af00000| Untracked 
| 176|0x000000008b000000, 0x000000008b100000, 0x000000008b100000|100%| O|  |TAMS 0x000000008b000000, 0x000000008b000000| Untracked 
| 177|0x000000008b100000, 0x000000008b200000, 0x000000008b200000|100%| O|  |TAMS 0x000000008b100000, 0x000000008b100000| Untracked 
| 178|0x000000008b200000, 0x000000008b300000, 0x000000008b300000|100%| O|  |TAMS 0x000000008b200000, 0x000000008b200000| Untracked 
| 179|0x000000008b300000, 0x000000008b400000, 0x000000008b400000|100%| O|  |TAMS 0x000000008b300000, 0x000000008b300000| Untracked 
| 180|0x000000008b400000, 0x000000008b500000, 0x000000008b500000|100%| O|  |TAMS 0x000000008b400000, 0x000000008b400000| Untracked 
| 181|0x000000008b500000, 0x000000008b600000, 0x000000008b600000|100%| O|  |TAMS 0x000000008b500000, 0x000000008b500000| Untracked 
| 182|0x000000008b600000, 0x000000008b700000, 0x000000008b700000|100%| O|  |TAMS 0x000000008b600000, 0x000000008b600000| Untracked 
| 183|0x000000008b700000, 0x000000008b800000, 0x000000008b800000|100%| O|  |TAMS 0x000000008b700000, 0x000000008b700000| Untracked 
| 184|0x000000008b800000, 0x000000008b900000, 0x000000008b900000|100%| O|  |TAMS 0x000000008b800000, 0x000000008b800000| Untracked 
| 185|0x000000008b900000, 0x000000008ba00000, 0x000000008ba00000|100%| O|  |TAMS 0x000000008b900000, 0x000000008b900000| Untracked 
| 186|0x000000008ba00000, 0x000000008bb00000, 0x000000008bb00000|100%| O|  |TAMS 0x000000008ba00000, 0x000000008ba00000| Untracked 
| 187|0x000000008bb00000, 0x000000008bc00000, 0x000000008bc00000|100%| O|  |TAMS 0x000000008bb00000, 0x000000008bb00000| Untracked 
| 188|0x000000008bc00000, 0x000000008bd00000, 0x000000008bd00000|100%| O|  |TAMS 0x000000008bc00000, 0x000000008bc00000| Untracked 
| 189|0x000000008bd00000, 0x000000008be00000, 0x000000008be00000|100%| O|  |TAMS 0x000000008bd00000, 0x000000008bd00000| Untracked 
| 190|0x000000008be00000, 0x000000008bf00000, 0x000000008bf00000|100%| O|  |TAMS 0x000000008be00000, 0x000000008be00000| Untracked 
| 191|0x000000008bf00000, 0x000000008bfc1800, 0x000000008c000000| 75%| O|  |TAMS 0x000000008bf00000, 0x000000008bf00000| Untracked 
| 192|0x000000008c000000, 0x000000008c000000, 0x000000008c100000|  0%| F|  |TAMS 0x000000008c000000, 0x000000008c000000| Untracked 
| 193|0x000000008c100000, 0x000000008c100000, 0x000000008c200000|  0%| F|  |TAMS 0x000000008c100000, 0x000000008c100000| Untracked 
| 194|0x000000008c200000, 0x000000008c200000, 0x000000008c300000|  0%| F|  |TAMS 0x000000008c200000, 0x000000008c200000| Untracked 
| 195|0x000000008c300000, 0x000000008c300000, 0x000000008c400000|  0%| F|  |TAMS 0x000000008c300000, 0x000000008c300000| Untracked 
| 196|0x000000008c400000, 0x000000008c400000, 0x000000008c500000|  0%| F|  |TAMS 0x000000008c400000, 0x000000008c400000| Untracked 
| 197|0x000000008c500000, 0x000000008c500000, 0x000000008c600000|  0%| F|  |TAMS 0x000000008c500000, 0x000000008c500000| Untracked 
| 198|0x000000008c600000, 0x000000008c600000, 0x000000008c700000|  0%| F|  |TAMS 0x000000008c600000, 0x000000008c600000| Untracked 
| 199|0x000000008c700000, 0x000000008c700000, 0x000000008c800000|  0%| F|  |TAMS 0x000000008c700000, 0x000000008c700000| Untracked 
| 200|0x000000008c800000, 0x000000008c800000, 0x000000008c900000|  0%| F|  |TAMS 0x000000008c800000, 0x000000008c800000| Untracked 
| 201|0x000000008c900000, 0x000000008c900000, 0x000000008ca00000|  0%| F|  |TAMS 0x000000008c900000, 0x000000008c900000| Untracked 
| 202|0x000000008ca00000, 0x000000008ca00000, 0x000000008cb00000|  0%| F|  |TAMS 0x000000008ca00000, 0x000000008ca00000| Untracked 
| 203|0x000000008cb00000, 0x000000008cb00000, 0x000000008cc00000|  0%| F|  |TAMS 0x000000008cb00000, 0x000000008cb00000| Untracked 
| 204|0x000000008cc00000, 0x000000008cc00000, 0x000000008cd00000|  0%| F|  |TAMS 0x000000008cc00000, 0x000000008cc00000| Untracked 
| 205|0x000000008cd00000, 0x000000008cd00000, 0x000000008ce00000|  0%| F|  |TAMS 0x000000008cd00000, 0x000000008cd00000| Untracked 
| 206|0x000000008ce00000, 0x000000008ce00000, 0x000000008cf00000|  0%| F|  |TAMS 0x000000008ce00000, 0x000000008ce00000| Untracked 
| 207|0x000000008cf00000, 0x000000008cf00000, 0x000000008d000000|  0%| F|  |TAMS 0x000000008cf00000, 0x000000008cf00000| Untracked 
| 208|0x000000008d000000, 0x000000008d000000, 0x000000008d100000|  0%| F|  |TAMS 0x000000008d000000, 0x000000008d000000| Untracked 
| 209|0x000000008d100000, 0x000000008d100000, 0x000000008d200000|  0%| F|  |TAMS 0x000000008d100000, 0x000000008d100000| Untracked 
| 210|0x000000008d200000, 0x000000008d200000, 0x000000008d300000|  0%| F|  |TAMS 0x000000008d200000, 0x000000008d200000| Untracked 
| 211|0x000000008d300000, 0x000000008d300000, 0x000000008d400000|  0%| F|  |TAMS 0x000000008d300000, 0x000000008d300000| Untracked 
| 212|0x000000008d400000, 0x000000008d400000, 0x000000008d500000|  0%| F|  |TAMS 0x000000008d400000, 0x000000008d400000| Untracked 
| 213|0x000000008d500000, 0x000000008d500000, 0x000000008d600000|  0%| F|  |TAMS 0x000000008d500000, 0x000000008d500000| Untracked 
| 214|0x000000008d600000, 0x000000008d600000, 0x000000008d700000|  0%| F|  |TAMS 0x000000008d600000, 0x000000008d600000| Untracked 
| 215|0x000000008d700000, 0x000000008d700000, 0x000000008d800000|  0%| F|  |TAMS 0x000000008d700000, 0x000000008d700000| Untracked 
| 216|0x000000008d800000, 0x000000008d800000, 0x000000008d900000|  0%| F|  |TAMS 0x000000008d800000, 0x000000008d800000| Untracked 
| 217|0x000000008d900000, 0x000000008d900000, 0x000000008da00000|  0%| F|  |TAMS 0x000000008d900000, 0x000000008d900000| Untracked 
| 218|0x000000008da00000, 0x000000008da00000, 0x000000008db00000|  0%| F|  |TAMS 0x000000008da00000, 0x000000008da00000| Untracked 
| 219|0x000000008db00000, 0x000000008db00000, 0x000000008dc00000|  0%| F|  |TAMS 0x000000008db00000, 0x000000008db00000| Untracked 
| 220|0x000000008dc00000, 0x000000008dc00000, 0x000000008dd00000|  0%| F|  |TAMS 0x000000008dc00000, 0x000000008dc00000| Untracked 
| 221|0x000000008dd00000, 0x000000008dd00000, 0x000000008de00000|  0%| F|  |TAMS 0x000000008dd00000, 0x000000008dd00000| Untracked 
| 222|0x000000008de00000, 0x000000008ded3608, 0x000000008df00000| 82%| S|CS|TAMS 0x000000008de00000, 0x000000008de00000| Complete 
| 223|0x000000008df00000, 0x000000008df00000, 0x000000008e000000|  0%| F|  |TAMS 0x000000008df00000, 0x000000008df00000| Untracked 
| 224|0x000000008e000000, 0x000000008e000000, 0x000000008e100000|  0%| F|  |TAMS 0x000000008e000000, 0x000000008e000000| Untracked 
| 225|0x000000008e100000, 0x000000008e200000, 0x000000008e200000|100%| S|CS|TAMS 0x000000008e100000, 0x000000008e100000| Complete 
| 226|0x000000008e200000, 0x000000008e200000, 0x000000008e300000|  0%| F|  |TAMS 0x000000008e200000, 0x000000008e200000| Untracked 
| 227|0x000000008e300000, 0x000000008e300000, 0x000000008e400000|  0%| F|  |TAMS 0x000000008e300000, 0x000000008e300000| Untracked 
| 228|0x000000008e400000, 0x000000008e400000, 0x000000008e500000|  0%| F|  |TAMS 0x000000008e400000, 0x000000008e400000| Untracked 
| 229|0x000000008e500000, 0x000000008e500000, 0x000000008e600000|  0%| F|  |TAMS 0x000000008e500000, 0x000000008e500000| Untracked 
| 230|0x000000008e600000, 0x000000008e600000, 0x000000008e700000|  0%| F|  |TAMS 0x000000008e600000, 0x000000008e600000| Untracked 
| 231|0x000000008e700000, 0x000000008e700000, 0x000000008e800000|  0%| F|  |TAMS 0x000000008e700000, 0x000000008e700000| Untracked 
| 232|0x000000008e800000, 0x000000008e800000, 0x000000008e900000|  0%| F|  |TAMS 0x000000008e800000, 0x000000008e800000| Untracked 
| 233|0x000000008e900000, 0x000000008e900000, 0x000000008ea00000|  0%| F|  |TAMS 0x000000008e900000, 0x000000008e900000| Untracked 
| 234|0x000000008ea00000, 0x000000008ea00000, 0x000000008eb00000|  0%| F|  |TAMS 0x000000008ea00000, 0x000000008ea00000| Untracked 
| 235|0x000000008eb00000, 0x000000008eb00000, 0x000000008ec00000|  0%| F|  |TAMS 0x000000008eb00000, 0x000000008eb00000| Untracked 
| 236|0x000000008ec00000, 0x000000008ec00000, 0x000000008ed00000|  0%| F|  |TAMS 0x000000008ec00000, 0x000000008ec00000| Untracked 
| 237|0x000000008ed00000, 0x000000008ed00000, 0x000000008ee00000|  0%| F|  |TAMS 0x000000008ed00000, 0x000000008ed00000| Untracked 
| 238|0x000000008ee00000, 0x000000008ee00000, 0x000000008ef00000|  0%| F|  |TAMS 0x000000008ee00000, 0x000000008ee00000| Untracked 
| 239|0x000000008ef00000, 0x000000008ef00000, 0x000000008f000000|  0%| F|  |TAMS 0x000000008ef00000, 0x000000008ef00000| Untracked 
| 240|0x000000008f000000, 0x000000008f000000, 0x000000008f100000|  0%| F|  |TAMS 0x000000008f000000, 0x000000008f000000| Untracked 
| 241|0x000000008f100000, 0x000000008f100000, 0x000000008f200000|  0%| F|  |TAMS 0x000000008f100000, 0x000000008f100000| Untracked 
| 242|0x000000008f200000, 0x000000008f200000, 0x000000008f300000|  0%| F|  |TAMS 0x000000008f200000, 0x000000008f200000| Untracked 
| 243|0x000000008f300000, 0x000000008f300000, 0x000000008f400000|  0%| F|  |TAMS 0x000000008f300000, 0x000000008f300000| Untracked 

Card table byte_map: [0x0000025da5c30000,0x0000025da6030000] _byte_map_base: 0x0000025da5830000

Marking Bits (Prev, Next): (CMBitMap*) 0x0000025d8ea84e70, (CMBitMap*) 0x0000025d8ea84e30
 Prev Bits: [0x0000025da8430000, 0x0000025daa430000)
 Next Bits: [0x0000025da6430000, 0x0000025da8430000)

Polling page: 0x0000025d8c900000

Metaspace:

Usage:
  Non-class:     85.84 MB used.
      Class:     13.91 MB used.
       Both:     99.75 MB used.

Virtual space:
  Non-class space:      128.00 MB reserved,      86.56 MB ( 68%) committed,  2 nodes.
      Class space:      416.00 MB reserved,      14.50 MB (  3%) committed,  1 nodes.
             Both:      544.00 MB reserved,     101.06 MB ( 19%) committed. 

Chunk freelists:
   Non-Class:  9.04 MB
       Class:  1.48 MB
        Both:  10.53 MB

MaxMetaspaceSize: 512.00 MB
CompressedClassSpaceSize: 416.00 MB
Initial GC threshold: 21.00 MB
Current GC threshold: 152.62 MB
CDS: on
MetaspaceReclaimPolicy: balanced
 - commit_granule_bytes: 65536.
 - commit_granule_words: 8192.
 - virtual_space_node_default_size: 8388608.
 - enlarge_chunks_in_place: 1.
 - new_chunks_are_fully_committed: 0.
 - uncommit_free_chunks: 1.
 - use_allocation_guard: 0.
 - handle_deallocations: 1.


Internal statistics:

num_allocs_failed_limit: 12.
num_arena_births: 1488.
num_arena_deaths: 0.
num_vsnodes_births: 3.
num_vsnodes_deaths: 0.
num_space_committed: 1617.
num_space_uncommitted: 0.
num_chunks_returned_to_freelist: 12.
num_chunks_taken_from_freelist: 6057.
num_chunk_merges: 12.
num_chunk_splits: 3900.
num_chunks_enlarged: 2462.
num_inconsistent_stats: 0.

CodeHeap 'non-profiled nmethods': size=120000Kb used=7920Kb max_used=8081Kb free=112079Kb
 bounds [0x0000025d9dfd0000, 0x0000025d9e7c0000, 0x0000025da5500000]
CodeHeap 'profiled nmethods': size=120000Kb used=26027Kb max_used=27050Kb free=93972Kb
 bounds [0x0000025d96500000, 0x0000025d97f80000, 0x0000025d9da30000]
CodeHeap 'non-nmethods': size=5760Kb used=2420Kb max_used=2481Kb free=3339Kb
 bounds [0x0000025d9da30000, 0x0000025d9dcb0000, 0x0000025d9dfd0000]
 total_blobs=14065 nmethods=13111 adapters=866
 compilation: enabled
              stopped_count=0, restarted_count=0
 full_count=0

Compilation events (20 events):
Event: 214.640 Thread 0x0000025dcc02e270 nmethod 15624 0x0000025d9e4d3a90 code [0x0000025d9e4d3c20, 0x0000025d9e4d3dd8]
Event: 214.640 Thread 0x0000025dcc02e270 15626   !   4       org.gradle.internal.serialize.kryo.StringDeduplicatingKryoBackedDecoder::readBoolean (15 bytes)
Event: 214.642 Thread 0x0000025dcc02fbb0 15628       3       org.gradle.api.internal.attributes.DefaultAttributesSchema$DefaultAttributeSelectionSchema::disambiguate (141 bytes)
Event: 214.643 Thread 0x0000025dcc02fbb0 nmethod 15628 0x0000025d971fa890 code [0x0000025d971fab60, 0x0000025d971fbb28]
Event: 214.644 Thread 0x0000025dcc02e270 nmethod 15626 0x0000025d9e4d3110 code [0x0000025d9e4d32c0, 0x0000025d9e4d36c8]
Event: 214.644 Thread 0x0000025dcc02e270 15621       4       org.gradle.api.internal.artifacts.ivyservice.resolveengine.graph.builder.NodeState$$Lambda$717/0x0000025dae59a8b0::apply (12 bytes)
Event: 214.645 Thread 0x0000025dcc02fbb0 15630       3       org.gradle.api.internal.artifacts.ivyservice.ivyresolve.strategy.CachingVersionSelectorScheme::complementForRejection (11 bytes)
Event: 214.645 Thread 0x0000025dcc02fbb0 nmethod 15630 0x0000025d96d77d90 code [0x0000025d96d77f40, 0x0000025d96d78108]
Event: 214.645 Thread 0x0000025dcc02fbb0 15631       3       org.gradle.api.internal.artifacts.ivyservice.ivyresolve.strategy.DefaultVersionSelectorScheme::complementForRejection (9 bytes)
Event: 214.645 Thread 0x0000025dcc02fbb0 nmethod 15631 0x0000025d96d77890 code [0x0000025d96d77a40, 0x0000025d96d77cb8]
Event: 214.649 Thread 0x0000025dcc02fbb0 15632       3       org.gradle.api.internal.attributes.DefaultAttributesSchema::disambiguationRules (39 bytes)
Event: 214.649 Thread 0x0000025dcc02fbb0 nmethod 15632 0x0000025d96fd1190 code [0x0000025d96fd1380, 0x0000025d96fd19f8]
Event: 214.649 Thread 0x0000025dcc02fbb0 15633       3       org.gradle.api.internal.attributes.DefaultDisambiguationRuleChain::doesSomething (18 bytes)
Event: 214.649 Thread 0x0000025dcc02fbb0 nmethod 15633 0x0000025d96fd0a90 code [0x0000025d96fd0c40, 0x0000025d96fd0e68]
Event: 214.650 Thread 0x0000025dcc02fbb0 15634       3       org.gradle.api.internal.provider.AbstractProperty$NonFinalizedValue::finalState (10 bytes)
Event: 214.650 Thread 0x0000025dcc02e270 nmethod 15621 0x0000025d9e4d2690 code [0x0000025d9e4d2840, 0x0000025d9e4d2e58]
Event: 214.650 Thread 0x0000025dcc02fbb0 nmethod 15634 0x0000025d96d77410 code [0x0000025d96d775c0, 0x0000025d96d77798]
Event: 214.650 Thread 0x0000025dcc02fbb0 15635       3       org.gradle.api.internal.provider.AbstractProperty::access$200 (4 bytes)
Event: 214.650 Thread 0x0000025dcc02e270 15622       4       org.gradle.api.internal.artifacts.ivyservice.resolveengine.graph.builder.DependencyState::<init> (16 bytes)
Event: 214.650 Thread 0x0000025dcc02fbb0 nmethod 15635 0x0000025d96a85010 code [0x0000025d96a851a0, 0x0000025d96a85298]

GC Heap History (20 events):
Event: 182.410 GC heap after
{Heap after GC invocations=44 (full 0):
 garbage-first heap   total 249856K, used 155431K [0x0000000080000000, 0x0000000100000000)
  region size 1024K, 2 young (2048K), 2 survivors (2048K)
 Metaspace       used 92905K, committed 94016K, reserved 557056K
  class space    used 13035K, committed 13504K, reserved 425984K
}
Event: 190.659 GC heap before
{Heap before GC invocations=44 (full 0):
 garbage-first heap   total 249856K, used 197415K [0x0000000080000000, 0x0000000100000000)
  region size 1024K, 43 young (44032K), 2 survivors (2048K)
 Metaspace       used 94413K, committed 95552K, reserved 557056K
  class space    used 13230K, committed 13760K, reserved 425984K
}
Event: 190.692 GC heap after
{Heap after GC invocations=45 (full 0):
 garbage-first heap   total 249856K, used 163919K [0x0000000080000000, 0x0000000100000000)
  region size 1024K, 6 young (6144K), 6 survivors (6144K)
 Metaspace       used 94413K, committed 95552K, reserved 557056K
  class space    used 13230K, committed 13760K, reserved 425984K
}
Event: 192.938 GC heap before
{Heap before GC invocations=45 (full 0):
 garbage-first heap   total 249856K, used 201807K [0x0000000080000000, 0x0000000100000000)
  region size 1024K, 42 young (43008K), 6 survivors (6144K)
 Metaspace       used 95070K, committed 96256K, reserved 557056K
  class space    used 13309K, committed 13824K, reserved 425984K
}
Event: 192.948 GC heap after
{Heap after GC invocations=46 (full 0):
 garbage-first heap   total 249856K, used 172861K [0x0000000080000000, 0x0000000100000000)
  region size 1024K, 6 young (6144K), 6 survivors (6144K)
 Metaspace       used 95070K, committed 96256K, reserved 557056K
  class space    used 13309K, committed 13824K, reserved 425984K
}
Event: 193.647 GC heap before
{Heap before GC invocations=46 (full 0):
 garbage-first heap   total 249856K, used 204605K [0x0000000080000000, 0x0000000100000000)
  region size 1024K, 37 young (37888K), 6 survivors (6144K)
 Metaspace       used 96131K, committed 97344K, reserved 557056K
  class space    used 13445K, committed 13952K, reserved 425984K
}
Event: 193.666 GC heap after
{Heap after GC invocations=47 (full 0):
 garbage-first heap   total 249856K, used 177039K [0x0000000080000000, 0x0000000100000000)
  region size 1024K, 4 young (4096K), 4 survivors (4096K)
 Metaspace       used 96131K, committed 97344K, reserved 557056K
  class space    used 13445K, committed 13952K, reserved 425984K
}
Event: 202.297 GC heap before
{Heap before GC invocations=47 (full 0):
 garbage-first heap   total 249856K, used 206735K [0x0000000080000000, 0x0000000100000000)
  region size 1024K, 33 young (33792K), 4 survivors (4096K)
 Metaspace       used 98538K, committed 99840K, reserved 557056K
  class space    used 13829K, committed 14400K, reserved 425984K
}
Event: 202.420 GC heap after
{Heap after GC invocations=48 (full 0):
 garbage-first heap   total 249856K, used 178563K [0x0000000080000000, 0x0000000100000000)
  region size 1024K, 2 young (2048K), 2 survivors (2048K)
 Metaspace       used 98538K, committed 99840K, reserved 557056K
  class space    used 13829K, committed 14400K, reserved 425984K
}
Event: 210.258 GC heap before
{Heap before GC invocations=48 (full 0):
 garbage-first heap   total 249856K, used 209283K [0x0000000080000000, 0x0000000100000000)
  region size 1024K, 32 young (32768K), 2 survivors (2048K)
 Metaspace       used 100154K, committed 101440K, reserved 557056K
  class space    used 14026K, committed 14592K, reserved 425984K
}
Event: 210.353 GC heap after
{Heap after GC invocations=49 (full 0):
 garbage-first heap   total 249856K, used 181916K [0x0000000080000000, 0x0000000100000000)
  region size 1024K, 4 young (4096K), 4 survivors (4096K)
 Metaspace       used 100154K, committed 101440K, reserved 557056K
  class space    used 14026K, committed 14592K, reserved 425984K
}
Event: 212.920 GC heap before
{Heap before GC invocations=49 (full 0):
 garbage-first heap   total 249856K, used 211612K [0x0000000080000000, 0x0000000100000000)
  region size 1024K, 33 young (33792K), 4 survivors (4096K)
 Metaspace       used 101138K, committed 102400K, reserved 557056K
  class space    used 14149K, committed 14720K, reserved 425984K
}
Event: 213.085 GC heap after
{Heap after GC invocations=50 (full 0):
 garbage-first heap   total 249856K, used 187707K [0x0000000080000000, 0x0000000100000000)
  region size 1024K, 5 young (5120K), 5 survivors (5120K)
 Metaspace       used 101138K, committed 102400K, reserved 557056K
  class space    used 14149K, committed 14720K, reserved 425984K
}
Event: 213.481 GC heap before
{Heap before GC invocations=50 (full 0):
 garbage-first heap   total 249856K, used 211259K [0x0000000080000000, 0x0000000100000000)
  region size 1024K, 28 young (28672K), 5 survivors (5120K)
 Metaspace       used 101840K, committed 103104K, reserved 557056K
  class space    used 14238K, committed 14784K, reserved 425984K
}
Event: 213.664 GC heap after
{Heap after GC invocations=51 (full 0):
 garbage-first heap   total 249856K, used 191715K [0x0000000080000000, 0x0000000100000000)
  region size 1024K, 4 young (4096K), 4 survivors (4096K)
 Metaspace       used 101840K, committed 103104K, reserved 557056K
  class space    used 14238K, committed 14784K, reserved 425984K
}
Event: 213.987 GC heap before
{Heap before GC invocations=51 (full 0):
 garbage-first heap   total 249856K, used 213219K [0x0000000080000000, 0x0000000100000000)
  region size 1024K, 25 young (25600K), 4 survivors (4096K)
 Metaspace       used 101995K, committed 103360K, reserved 557056K
  class space    used 14245K, committed 14848K, reserved 425984K
}
Event: 214.120 GC heap after
{Heap after GC invocations=52 (full 0):
 garbage-first heap   total 249856K, used 194217K [0x0000000080000000, 0x0000000100000000)
  region size 1024K, 3 young (3072K), 3 survivors (3072K)
 Metaspace       used 101995K, committed 103360K, reserved 557056K
  class space    used 14245K, committed 14848K, reserved 425984K
}
Event: 214.350 GC heap before
{Heap before GC invocations=52 (full 0):
 garbage-first heap   total 249856K, used 213673K [0x0000000080000000, 0x0000000100000000)
  region size 1024K, 22 young (22528K), 3 survivors (3072K)
 Metaspace       used 102084K, committed 103424K, reserved 557056K
  class space    used 14245K, committed 14848K, reserved 425984K
}
Event: 214.459 GC heap after
{Heap after GC invocations=53 (full 0):
 garbage-first heap   total 249856K, used 196648K [0x0000000080000000, 0x0000000100000000)
  region size 1024K, 3 young (3072K), 3 survivors (3072K)
 Metaspace       used 102084K, committed 103424K, reserved 557056K
  class space    used 14245K, committed 14848K, reserved 425984K
}
Event: 214.651 GC heap before
{Heap before GC invocations=53 (full 0):
 garbage-first heap   total 249856K, used 215080K [0x0000000080000000, 0x0000000100000000)
  region size 1024K, 21 young (21504K), 3 survivors (3072K)
 Metaspace       used 102141K, committed 103488K, reserved 557056K
  class space    used 14245K, committed 14848K, reserved 425984K
}

Dll operation events (15 events):
Event: 0.016 Loaded shared library C:\Program Files\Microsoft\jdk-17.0.10.7-hotspot\bin\java.dll
Event: 0.035 Loaded shared library C:\Program Files\Microsoft\jdk-17.0.10.7-hotspot\bin\jsvml.dll
Event: 0.090 Loaded shared library C:\Program Files\Microsoft\jdk-17.0.10.7-hotspot\bin\zip.dll
Event: 0.094 Loaded shared library C:\Program Files\Microsoft\jdk-17.0.10.7-hotspot\bin\instrument.dll
Event: 0.100 Loaded shared library C:\Program Files\Microsoft\jdk-17.0.10.7-hotspot\bin\net.dll
Event: 0.102 Loaded shared library C:\Program Files\Microsoft\jdk-17.0.10.7-hotspot\bin\nio.dll
Event: 0.107 Loaded shared library C:\Program Files\Microsoft\jdk-17.0.10.7-hotspot\bin\zip.dll
Event: 0.373 Loaded shared library C:\Program Files\Microsoft\jdk-17.0.10.7-hotspot\bin\jimage.dll
Event: 0.450 Loaded shared library C:\Program Files\Microsoft\jdk-17.0.10.7-hotspot\bin\verify.dll
Event: 0.606 Loaded shared library C:\Users\abhinav dhanala\.gradle\native\68d5fa5c4cc2d200863cafc0d521ce42e7d3e7ee720ec0a83991735586a16f82\windows-amd64\native-platform.dll
Event: 1.145 Loaded shared library C:\Users\abhinav dhanala\.gradle\native\e376f236ea51e6404a007f0833ffe2c6e607c4080706a723a18a27aeea778392\windows-amd64\native-platform-file-events.dll
Event: 2.426 Loaded shared library C:\Program Files\Microsoft\jdk-17.0.10.7-hotspot\bin\management.dll
Event: 2.429 Loaded shared library C:\Program Files\Microsoft\jdk-17.0.10.7-hotspot\bin\management_ext.dll
Event: 2.655 Loaded shared library C:\Program Files\Microsoft\jdk-17.0.10.7-hotspot\bin\extnet.dll
Event: 3.271 Loaded shared library C:\Program Files\Microsoft\jdk-17.0.10.7-hotspot\bin\sunmscapi.dll

Deoptimization events (20 events):
Event: 214.184 Thread 0x0000025dcd4a7ba0 Uncommon trap: trap_request=0xffffffd6 fr.pc=0x0000025d9e230fb8 relative=0x0000000000000378
Event: 214.184 Thread 0x0000025dcd4a7ba0 Uncommon trap: reason=array_check action=maybe_recompile pc=0x0000025d9e230fb8 method=java.util.AbstractCollection.toArray([Ljava/lang/Object;)[Ljava/lang/Object; @ 116 c2
Event: 214.184 Thread 0x0000025dcd4a7ba0 DEOPT PACKING pc=0x0000025d9e230fb8 sp=0x000000cb064f8cb0
Event: 214.184 Thread 0x0000025dcd4a7ba0 DEOPT UNPACKING pc=0x0000025d9da869a3 sp=0x000000cb064f8c50 mode 2
Event: 214.184 Thread 0x0000025dcd4a7ba0 Uncommon trap: trap_request=0xffffffd6 fr.pc=0x0000025d9e230fb8 relative=0x0000000000000378
Event: 214.184 Thread 0x0000025dcd4a7ba0 Uncommon trap: reason=array_check action=maybe_recompile pc=0x0000025d9e230fb8 method=java.util.AbstractCollection.toArray([Ljava/lang/Object;)[Ljava/lang/Object; @ 116 c2
Event: 214.184 Thread 0x0000025dcd4a7ba0 DEOPT PACKING pc=0x0000025d9e230fb8 sp=0x000000cb064f8cb0
Event: 214.184 Thread 0x0000025dcd4a7ba0 DEOPT UNPACKING pc=0x0000025d9da869a3 sp=0x000000cb064f8c50 mode 2
Event: 214.185 Thread 0x0000025dcd4a7ba0 Uncommon trap: trap_request=0xffffffd6 fr.pc=0x0000025d9e230fb8 relative=0x0000000000000378
Event: 214.185 Thread 0x0000025dcd4a7ba0 Uncommon trap: reason=array_check action=maybe_recompile pc=0x0000025d9e230fb8 method=java.util.AbstractCollection.toArray([Ljava/lang/Object;)[Ljava/lang/Object; @ 116 c2
Event: 214.185 Thread 0x0000025dcd4a7ba0 DEOPT PACKING pc=0x0000025d9e230fb8 sp=0x000000cb064f8cb0
Event: 214.185 Thread 0x0000025dcd4a7ba0 DEOPT UNPACKING pc=0x0000025d9da869a3 sp=0x000000cb064f8c50 mode 2
Event: 214.224 Thread 0x0000025dcd4a7ba0 DEOPT PACKING pc=0x0000025d96a758e0 sp=0x000000cb064f8ba0
Event: 214.224 Thread 0x0000025dcd4a7ba0 DEOPT UNPACKING pc=0x0000025d9da87143 sp=0x000000cb064f80a8 mode 0
Event: 214.470 Thread 0x0000025dcd4a7ba0 DEOPT PACKING pc=0x0000025d96a758e0 sp=0x000000cb064f9470
Event: 214.470 Thread 0x0000025dcd4a7ba0 DEOPT UNPACKING pc=0x0000025d9da87143 sp=0x000000cb064f8978 mode 0
Event: 214.562 Thread 0x0000025dcd4a7ba0 DEOPT PACKING pc=0x0000025d96a758e0 sp=0x000000cb064f8b90
Event: 214.562 Thread 0x0000025dcd4a7ba0 DEOPT UNPACKING pc=0x0000025d9da87143 sp=0x000000cb064f8098 mode 0
Event: 214.624 Thread 0x0000025dcd4a7ba0 DEOPT PACKING pc=0x0000025d97bf1d7b sp=0x000000cb064f81e0
Event: 214.624 Thread 0x0000025dcd4a7ba0 DEOPT UNPACKING pc=0x0000025d9da87143 sp=0x000000cb064f7700 mode 0

Classes unloaded (0 events):
No events

Classes redefined (0 events):
No events

Internal exceptions (20 events):
Event: 192.314 Thread 0x0000025dcd4a7ba0 Exception <a 'java/lang/ClassNotFoundException'{0x000000008e6f27a0}: build_csdxttio2sebgyvingo5dqz17$_run_closure1BeanInfo> (0x000000008e6f27a0) 
thrown [s\src\hotspot\share\classfile\systemDictionary.cpp, line 256]
Event: 192.315 Thread 0x0000025dcd4a7ba0 Exception <a 'java/lang/ClassNotFoundException'{0x000000008e6fc480}: build_csdxttio2sebgyvingo5dqz17$_run_closure1Customizer> (0x000000008e6fc480) 
thrown [s\src\hotspot\share\classfile\systemDictionary.cpp, line 256]
Event: 192.379 Thread 0x0000025dcd4a7ba0 Exception <a 'java/lang/ClassNotFoundException'{0x000000008e3cfc48}: build_735e8kpym7fshau2c11vqwgq7BeanInfo> (0x000000008e3cfc48) 
thrown [s\src\hotspot\share\classfile\systemDictionary.cpp, line 256]
Event: 192.379 Thread 0x0000025dcd4a7ba0 Exception <a 'java/lang/ClassNotFoundException'{0x000000008e3d6688}: build_735e8kpym7fshau2c11vqwgq7Customizer> (0x000000008e3d6688) 
thrown [s\src\hotspot\share\classfile\systemDictionary.cpp, line 256]
Event: 192.624 Thread 0x0000025dcd4a7ba0 Exception <a 'java/lang/ClassNotFoundException'{0x000000008d9bcb10}: build_735e8kpym7fshau2c11vqwgq7BeanInfo> (0x000000008d9bcb10) 
thrown [s\src\hotspot\share\classfile\systemDictionary.cpp, line 256]
Event: 192.624 Thread 0x0000025dcd4a7ba0 Exception <a 'java/lang/ClassNotFoundException'{0x000000008d9d8828}: build_735e8kpym7fshau2c11vqwgq7Customizer> (0x000000008d9d8828) 
thrown [s\src\hotspot\share\classfile\systemDictionary.cpp, line 256]
Event: 192.882 Thread 0x0000025dcd4a7ba0 Exception <a 'java/lang/ClassNotFoundException'{0x000000008d3cdc98}: build_735e8kpym7fshau2c11vqwgq7$_run_closure1BeanInfo> (0x000000008d3cdc98) 
thrown [s\src\hotspot\share\classfile\systemDictionary.cpp, line 256]
Event: 192.882 Thread 0x0000025dcd4a7ba0 Exception <a 'java/lang/ClassNotFoundException'{0x000000008d3d9738}: build_735e8kpym7fshau2c11vqwgq7$_run_closure1Customizer> (0x000000008d3d9738) 
thrown [s\src\hotspot\share\classfile\systemDictionary.cpp, line 256]
Event: 197.802 Thread 0x0000025dcd4a7ba0 Exception <a 'java/lang/NullPointerException'{0x000000008e6e9c80}> (0x000000008e6e9c80) 
thrown [s\src\hotspot\share\interpreter\linkResolver.cpp, line 1433]
Event: 199.032 Thread 0x0000025dcd4a7ba0 Implicit null exception at 0x0000025d9e0663bb to 0x0000025d9e068768
Event: 203.463 Thread 0x0000025dcd4a7ba0 Exception <a 'sun/nio/fs/WindowsException'{0x000000008ee97af0}> (0x000000008ee97af0) 
thrown [s\src\hotspot\share\prims\jni.cpp, line 516]
Event: 203.466 Thread 0x0000025dcd4a7ba0 Exception <a 'sun/nio/fs/WindowsException'{0x000000008ee99170}> (0x000000008ee99170) 
thrown [s\src\hotspot\share\prims\jni.cpp, line 516]
Event: 203.468 Thread 0x0000025dcd4a7ba0 Exception <a 'sun/nio/fs/WindowsException'{0x000000008ee9a840}> (0x000000008ee9a840) 
thrown [s\src\hotspot\share\prims\jni.cpp, line 516]
Event: 203.470 Thread 0x0000025dcd4a7ba0 Exception <a 'sun/nio/fs/WindowsException'{0x000000008ee9bf10}> (0x000000008ee9bf10) 
thrown [s\src\hotspot\share\prims\jni.cpp, line 516]
Event: 210.356 Thread 0x0000025dac7364b0 Implicit null exception at 0x0000025d9e3acbfd to 0x0000025d9e3ad208
Event: 213.413 Thread 0x0000025dcd4a7ba0 Exception <a 'java/lang/IncompatibleClassChangeError'{0x000000008e3d74c8}: Found class java.lang.Object, but interface was expected> (0x000000008e3d74c8) 
thrown [s\src\hotspot\share\interpreter\linkResolver.cpp, line 826]
Event: 213.725 Thread 0x0000025dcd4a7ba0 Exception <a 'sun/nio/fs/WindowsException'{0x000000008ef93f68}> (0x000000008ef93f68) 
thrown [s\src\hotspot\share\prims\jni.cpp, line 516]
Event: 213.725 Thread 0x0000025dcd4a7ba0 Exception <a 'sun/nio/fs/WindowsException'{0x000000008ef955e8}> (0x000000008ef955e8) 
thrown [s\src\hotspot\share\prims\jni.cpp, line 516]
Event: 213.725 Thread 0x0000025dcd4a7ba0 Exception <a 'sun/nio/fs/WindowsException'{0x000000008ef96cb8}> (0x000000008ef96cb8) 
thrown [s\src\hotspot\share\prims\jni.cpp, line 516]
Event: 213.725 Thread 0x0000025dcd4a7ba0 Exception <a 'sun/nio/fs/WindowsException'{0x000000008ef98388}> (0x000000008ef98388) 
thrown [s\src\hotspot\share\prims\jni.cpp, line 516]

VM Operations (20 events):
Event: 212.373 Executing VM operation: Cleanup done
Event: 212.785 Executing VM operation: HandshakeAllThreads
Event: 212.785 Executing VM operation: HandshakeAllThreads done
Event: 212.919 Executing VM operation: G1CollectForAllocation
Event: 213.085 Executing VM operation: G1CollectForAllocation done
Event: 213.223 Executing VM operation: ICBufferFull
Event: 213.224 Executing VM operation: ICBufferFull done
Event: 213.273 Executing VM operation: HandshakeAllThreads
Event: 213.274 Executing VM operation: HandshakeAllThreads done
Event: 213.330 Executing VM operation: HandshakeAllThreads
Event: 213.330 Executing VM operation: HandshakeAllThreads done
Event: 213.410 Executing VM operation: ICBufferFull
Event: 213.410 Executing VM operation: ICBufferFull done
Event: 213.481 Executing VM operation: G1CollectForAllocation
Event: 213.665 Executing VM operation: G1CollectForAllocation done
Event: 213.987 Executing VM operation: G1CollectForAllocation
Event: 214.120 Executing VM operation: G1CollectForAllocation done
Event: 214.350 Executing VM operation: G1CollectForAllocation
Event: 214.459 Executing VM operation: G1CollectForAllocation done
Event: 214.651 Executing VM operation: G1CollectForAllocation

Events (20 events):
Event: 213.352 Thread 0x0000025dcc0420c0 flushing nmethod 0x0000025d97a81110
Event: 213.352 Thread 0x0000025dcc0420c0 flushing nmethod 0x0000025d97ad7b10
Event: 213.353 Thread 0x0000025dcc0420c0 flushing nmethod 0x0000025d97bc2990
Event: 213.353 Thread 0x0000025dcc0420c0 flushing nmethod 0x0000025d97bd7a90
Event: 213.353 Thread 0x0000025dcc0420c0 flushing nmethod 0x0000025d97be4510
Event: 213.354 Thread 0x0000025dcc0420c0 flushing nmethod 0x0000025d97d0b110
Event: 213.354 Thread 0x0000025dcc0420c0 flushing nmethod 0x0000025d97d0c090
Event: 213.354 Thread 0x0000025dcc0420c0 flushing nmethod 0x0000025d97d13610
Event: 213.354 Thread 0x0000025dcc0420c0 flushing nmethod 0x0000025d97d35010
Event: 213.354 Thread 0x0000025dcc0420c0 flushing nmethod 0x0000025d97d92390
Event: 213.354 Thread 0x0000025dcc0420c0 flushing nmethod 0x0000025d97d92b10
Event: 213.354 Thread 0x0000025dcc0420c0 flushing nmethod 0x0000025d97d93410
Event: 213.354 Thread 0x0000025dcc0420c0 flushing nmethod 0x0000025d97d9f290
Event: 213.354 Thread 0x0000025dcc0420c0 flushing nmethod 0x0000025d97d9f610
Event: 213.355 Thread 0x0000025dcc0420c0 flushing nmethod 0x0000025d97e0b910
Event: 213.355 Thread 0x0000025dcc0420c0 flushing nmethod 0x0000025d97e0bd90
Event: 213.355 Thread 0x0000025dcc0420c0 flushing nmethod 0x0000025d97e0c510
Event: 213.355 Thread 0x0000025dcc0420c0 flushing nmethod 0x0000025d97e39e90
Event: 213.355 Thread 0x0000025dcc0420c0 flushing nmethod 0x0000025d97e3a510
Event: 213.355 Thread 0x0000025dcc0420c0 flushing nmethod 0x0000025d97e3b590


Dynamic libraries:
0x00007ff774980000 - 0x00007ff77498e000 	C:\Program Files\Microsoft\jdk-17.0.10.7-hotspot\bin\java.exe
0x00007ffdf8590000 - 0x00007ffdf87a7000 	C:\WINDOWS\SYSTEM32\ntdll.dll
0x00007ffdf6b00000 - 0x00007ffdf6bc4000 	C:\WINDOWS\System32\KERNEL32.DLL
0x00007ffdf5d00000 - 0x00007ffdf60ad000 	C:\WINDOWS\System32\KERNELBASE.dll
0x0000000052190000 - 0x00000000524c1000 	C:\Program Files\Norton Security\NortonData\22.22.6.10\Definitions\IPSDefs\20230210.001\IPSEng64.dll
0x00007ffdf62c0000 - 0x00007ffdf6372000 	C:\WINDOWS\System32\ADVAPI32.dll
0x00007ffdf6380000 - 0x00007ffdf6427000 	C:\WINDOWS\System32\msvcrt.dll
0x00007ffdf82f0000 - 0x00007ffdf8399000 	C:\WINDOWS\System32\sechost.dll
0x00007ffdf58b0000 - 0x00007ffdf58d8000 	C:\WINDOWS\System32\bcrypt.dll
0x00007ffdf6570000 - 0x00007ffdf6684000 	C:\WINDOWS\System32\RPCRT4.dll
0x00007ffdf7ce0000 - 0x00007ffdf7ce8000 	C:\WINDOWS\System32\PSAPI.DLL
0x00007ffdf5af0000 - 0x00007ffdf5c01000 	C:\WINDOWS\System32\ucrtbase.dll
0x00007ffdc4160000 - 0x00007ffdc417b000 	C:\Program Files\Microsoft\jdk-17.0.10.7-hotspot\bin\VCRUNTIME140.dll
0x00007ffdc47f0000 - 0x00007ffdc4807000 	C:\Program Files\Microsoft\jdk-17.0.10.7-hotspot\bin\jli.dll
0x00007ffdf83a0000 - 0x00007ffdf854e000 	C:\WINDOWS\System32\USER32.dll
0x00007ffdf6170000 - 0x00007ffdf6196000 	C:\WINDOWS\System32\win32u.dll
0x00007ffde2c90000 - 0x00007ffde2f23000 	C:\WINDOWS\WinSxS\amd64_microsoft.windows.common-controls_6595b64144ccf1df_6.0.22621.3672_none_2713b9d173822955\COMCTL32.dll
0x00007ffdf7cb0000 - 0x00007ffdf7cd9000 	C:\WINDOWS\System32\GDI32.dll
0x00007ffdf61a0000 - 0x00007ffdf62b9000 	C:\WINDOWS\System32\gdi32full.dll
0x00007ffdf5a50000 - 0x00007ffdf5aea000 	C:\WINDOWS\System32\msvcp_win.dll
0x00007ffdf6da0000 - 0x00007ffdf6dd1000 	C:\WINDOWS\System32\IMM32.DLL
0x00007ffdf0880000 - 0x00007ffdf088c000 	C:\Program Files\Microsoft\jdk-17.0.10.7-hotspot\bin\vcruntime140_1.dll
0x00007ffdb0940000 - 0x00007ffdb09cd000 	C:\Program Files\Microsoft\jdk-17.0.10.7-hotspot\bin\msvcp140.dll
0x00007ffd9e170000 - 0x00007ffd9edd5000 	C:\Program Files\Microsoft\jdk-17.0.10.7-hotspot\bin\server\jvm.dll
0x00007ffdea7b0000 - 0x00007ffdea7b9000 	C:\WINDOWS\SYSTEM32\WSOCK32.dll
0x00007ffdedb80000 - 0x00007ffdedb8a000 	C:\WINDOWS\SYSTEM32\VERSION.dll
0x00007ffdf07a0000 - 0x00007ffdf07d4000 	C:\WINDOWS\SYSTEM32\WINMM.dll
0x00007ffdf56d0000 - 0x00007ffdf571d000 	C:\WINDOWS\SYSTEM32\POWRPROF.dll
0x00007ffdf76e0000 - 0x00007ffdf7751000 	C:\WINDOWS\System32\WS2_32.dll
0x00007ffdf55b0000 - 0x00007ffdf55c3000 	C:\WINDOWS\SYSTEM32\UMPDC.dll
0x00007ffdf48d0000 - 0x00007ffdf48e8000 	C:\WINDOWS\SYSTEM32\kernel.appcore.dll
0x00007ffdcb350000 - 0x00007ffdcb35a000 	C:\Program Files\Microsoft\jdk-17.0.10.7-hotspot\bin\jimage.dll
0x00007ffdf32e0000 - 0x00007ffdf3512000 	C:\WINDOWS\SYSTEM32\DBGHELP.DLL
0x00007ffdf77b0000 - 0x00007ffdf7b3e000 	C:\WINDOWS\System32\combase.dll
0x00007ffdf6970000 - 0x00007ffdf6a47000 	C:\WINDOWS\System32\OLEAUT32.dll
0x00007ffddfee0000 - 0x00007ffddff12000 	C:\WINDOWS\SYSTEM32\dbgcore.DLL
0x00007ffdf5c80000 - 0x00007ffdf5cfb000 	C:\WINDOWS\System32\bcryptPrimitives.dll
0x00007ffdc4d20000 - 0x00007ffdc4d2e000 	C:\Program Files\Microsoft\jdk-17.0.10.7-hotspot\bin\instrument.dll
0x00007ffdbc640000 - 0x00007ffdbc665000 	C:\Program Files\Microsoft\jdk-17.0.10.7-hotspot\bin\java.dll
0x00007ffdb0860000 - 0x00007ffdb0937000 	C:\Program Files\Microsoft\jdk-17.0.10.7-hotspot\bin\jsvml.dll
0x00007ffdf6e70000 - 0x00007ffdf76d7000 	C:\WINDOWS\System32\SHELL32.dll
0x00007ffdf37e0000 - 0x00007ffdf40df000 	C:\WINDOWS\SYSTEM32\windows.storage.dll
0x00007ffdf36a0000 - 0x00007ffdf37df000 	C:\WINDOWS\SYSTEM32\wintypes.dll
0x00007ffdf81f0000 - 0x00007ffdf82e9000 	C:\WINDOWS\System32\SHCORE.dll
0x00007ffdf6510000 - 0x00007ffdf656e000 	C:\WINDOWS\System32\shlwapi.dll
0x00007ffdf57e0000 - 0x00007ffdf5807000 	C:\WINDOWS\SYSTEM32\profapi.dll
0x00007ffdbbee0000 - 0x00007ffdbbef8000 	C:\Program Files\Microsoft\jdk-17.0.10.7-hotspot\bin\zip.dll
0x00007ffdbc890000 - 0x00007ffdbc8a9000 	C:\Program Files\Microsoft\jdk-17.0.10.7-hotspot\bin\net.dll
0x00007ffdf0660000 - 0x00007ffdf0796000 	C:\WINDOWS\SYSTEM32\WINHTTP.dll
0x00007ffdf4d50000 - 0x00007ffdf4db9000 	C:\WINDOWS\system32\mswsock.dll
0x00007ffdbc300000 - 0x00007ffdbc316000 	C:\Program Files\Microsoft\jdk-17.0.10.7-hotspot\bin\nio.dll
0x00007ffdcb0d0000 - 0x00007ffdcb0e0000 	C:\Program Files\Microsoft\jdk-17.0.10.7-hotspot\bin\verify.dll
0x00007ffdb3b30000 - 0x00007ffdb3b57000 	C:\Users\abhinav dhanala\.gradle\native\68d5fa5c4cc2d200863cafc0d521ce42e7d3e7ee720ec0a83991735586a16f82\windows-amd64\native-platform.dll
0x00007ffdace10000 - 0x00007ffdacf54000 	C:\Users\abhinav dhanala\.gradle\native\e376f236ea51e6404a007f0833ffe2c6e607c4080706a723a18a27aeea778392\windows-amd64\native-platform-file-events.dll
0x00007ffdc6e20000 - 0x00007ffdc6e29000 	C:\Program Files\Microsoft\jdk-17.0.10.7-hotspot\bin\management.dll
0x00007ffdc58a0000 - 0x00007ffdc58ab000 	C:\Program Files\Microsoft\jdk-17.0.10.7-hotspot\bin\management_ext.dll
0x00007ffdf4fc0000 - 0x00007ffdf4fdb000 	C:\WINDOWS\SYSTEM32\CRYPTSP.dll
0x00007ffdf4830000 - 0x00007ffdf4865000 	C:\WINDOWS\system32\rsaenh.dll
0x00007ffdf4e60000 - 0x00007ffdf4e88000 	C:\WINDOWS\SYSTEM32\USERENV.dll
0x00007ffdf4fe0000 - 0x00007ffdf4fec000 	C:\WINDOWS\SYSTEM32\CRYPTBASE.dll
0x00007ffdf4340000 - 0x00007ffdf436d000 	C:\WINDOWS\SYSTEM32\IPHLPAPI.DLL
0x00007ffdf8180000 - 0x00007ffdf8189000 	C:\WINDOWS\System32\NSI.dll
0x00007ffdf0330000 - 0x00007ffdf0349000 	C:\WINDOWS\SYSTEM32\dhcpcsvc6.DLL
0x00007ffdf0310000 - 0x00007ffdf032f000 	C:\WINDOWS\SYSTEM32\dhcpcsvc.DLL
0x00007ffdf43b0000 - 0x00007ffdf44a8000 	C:\WINDOWS\SYSTEM32\DNSAPI.dll
0x00007ffdc54d0000 - 0x00007ffdc54d9000 	C:\Program Files\Microsoft\jdk-17.0.10.7-hotspot\bin\extnet.dll
0x00007ffdc47e0000 - 0x00007ffdc47ee000 	C:\Program Files\Microsoft\jdk-17.0.10.7-hotspot\bin\sunmscapi.dll
0x00007ffdf58e0000 - 0x00007ffdf5a46000 	C:\WINDOWS\System32\CRYPT32.dll
0x00007ffdf5160000 - 0x00007ffdf518e000 	C:\WINDOWS\SYSTEM32\ncrypt.dll
0x00007ffdf5120000 - 0x00007ffdf5157000 	C:\WINDOWS\SYSTEM32\NTASN1.dll
0x00007ffdcf600000 - 0x00007ffdcf608000 	C:\WINDOWS\system32\wshunix.dll
0x00007ffdd4910000 - 0x00007ffdd4927000 	C:\WINDOWS\system32\napinsp.dll
0x00007ffdd48f0000 - 0x00007ffdd490b000 	C:\WINDOWS\system32\pnrpnsp.dll
0x00007ffdd48d0000 - 0x00007ffdd48e1000 	C:\WINDOWS\System32\winrnr.dll
0x00007ffdefb80000 - 0x00007ffdefb95000 	C:\WINDOWS\system32\wshbth.dll
0x00007ffdd3e10000 - 0x00007ffdd3e37000 	C:\WINDOWS\system32\nlansp_c.dll
0x00007ffdeb8d0000 - 0x00007ffdeb8da000 	C:\Windows\System32\rasadhlp.dll
0x00007ffdedd40000 - 0x00007ffdeddc3000 	C:\WINDOWS\System32\fwpuclnt.dll
0x00007ffdf49e0000 - 0x00007ffdf4a14000 	C:\WINDOWS\SYSTEM32\ntmarta.dll

dbghelp: loaded successfully - version: 4.0.5 - missing functions: none
symbol engine: initialized successfully - sym options: 0x614 - pdb path: .;C:\Program Files\Microsoft\jdk-17.0.10.7-hotspot\bin;C:\WINDOWS\SYSTEM32;C:\Program Files\Norton Security\NortonData\22.22.6.10\Definitions\IPSDefs\20230210.001;C:\WINDOWS\WinSxS\amd64_microsoft.windows.common-controls_6595b64144ccf1df_6.0.22621.3672_none_2713b9d173822955;C:\Program Files\Microsoft\jdk-17.0.10.7-hotspot\bin\server;C:\Users\abhinav dhanala\.gradle\native\68d5fa5c4cc2d200863cafc0d521ce42e7d3e7ee720ec0a83991735586a16f82\windows-amd64;C:\Users\abhinav dhanala\.gradle\native\e376f236ea51e6404a007f0833ffe2c6e607c4080706a723a18a27aeea778392\windows-amd64

VM Arguments:
jvm_args: -XX:MaxMetaspaceSize=512m --add-opens=java.base/java.util=ALL-UNNAMED --add-opens=java.base/java.lang=ALL-UNNAMED --add-opens=java.base/java.lang.invoke=ALL-UNNAMED --add-opens=java.prefs/java.util.prefs=ALL-UNNAMED --add-opens=java.base/java.nio.charset=ALL-UNNAMED --add-opens=java.base/java.net=ALL-UNNAMED --add-opens=java.base/java.util.concurrent.atomic=ALL-UNNAMED -Xmx2048m -Dfile.encoding=windows-1252 -Duser.country=IN -Duser.language=en -Duser.variant -javaagent:C:\Users\abhinav dhanala\.gradle\wrapper\dists\gradle-8.3-all\6en3ugtfdg5xnpx44z4qbwgas\gradle-8.3\lib\agents\gradle-instrumentation-agent-8.3.jar 
java_command: org.gradle.launcher.daemon.bootstrap.GradleDaemon 8.3
java_class_path (initial): C:\Users\abhinav dhanala\.gradle\wrapper\dists\gradle-8.3-all\6en3ugtfdg5xnpx44z4qbwgas\gradle-8.3\lib\gradle-launcher-8.3.jar
Launcher Type: SUN_STANDARD

[Global flags]
     intx CICompilerCount                          = 4                                         {product} {ergonomic}
   size_t CompressedClassSpaceSize                 = 436207616                                 {product} {ergonomic}
     uint ConcGCThreads                            = 2                                         {product} {ergonomic}
     uint G1ConcRefinementThreads                  = 8                                         {product} {ergonomic}
   size_t G1HeapRegionSize                         = 1048576                                   {product} {ergonomic}
    uintx GCDrainStackTargetSize                   = 64                                        {product} {ergonomic}
   size_t InitialHeapSize                          = 100663296                                 {product} {ergonomic}
   size_t MarkStackSize                            = 4194304                                   {product} {ergonomic}
   size_t MaxHeapSize                              = 2147483648                                {product} {command line}
   size_t MaxMetaspaceSize                         = 536870912                                 {product} {command line}
   size_t MaxNewSize                               = 1287651328                                {product} {ergonomic}
   size_t MinHeapDeltaBytes                        = 1048576                                   {product} {ergonomic}
   size_t MinHeapSize                              = 8388608                                   {product} {ergonomic}
    uintx NonNMethodCodeHeapSize                   = 5839372                                {pd product} {ergonomic}
    uintx NonProfiledCodeHeapSize                  = 122909434                              {pd product} {ergonomic}
    uintx ProfiledCodeHeapSize                     = 122909434                              {pd product} {ergonomic}
    uintx ReservedCodeCacheSize                    = 251658240                              {pd product} {ergonomic}
     bool SegmentedCodeCache                       = true                                      {product} {ergonomic}
   size_t SoftMaxHeapSize                          = 2147483648                             {manageable} {ergonomic}
     bool UseCompressedClassPointers               = true                           {product lp64_product} {ergonomic}
     bool UseCompressedOops                        = true                           {product lp64_product} {ergonomic}
     bool UseG1GC                                  = true                                      {product} {ergonomic}
     bool UseLargePagesIndividualAllocation        = false                                  {pd product} {ergonomic}

Logging:
Log output configuration:
 #0: stdout all=warning uptime,level,tags
 #1: stderr all=off uptime,level,tags

Environment Variables:
JAVA_HOME=C:\Program Files\Microsoft\jdk-17.0.10.7-hotspot
CLASSPATH=C:\Users\abhinav dhanala\StartUp-main\android\\gradle\wrapper\gradle-wrapper.jar
PATH=C:\Users\abhinav dhanala\StartUp-main\node_modules\.bin;C:\Users\abhinav dhanala\StartUp-main\node_modules\.bin;C:\Users\abhinav dhanala\node_modules\.bin;C:\Users\node_modules\.bin;C:\node_modules\.bin;C:\Users\abhinav dhanala\AppData\Roaming\npm\node_modules\npm\node_modules\@npmcli\run-script\lib\node-gyp-bin;C:\Program Files\Microsoft\jdk-17.0.10.7-hotspot\bin;C:\Program Files\Java\jdk-17\bin;C:\Program Files\Common Files\Oracle\Java\javapath;C:\Windows\system32;C:\Windows;C:\Windows\System32\Wbem;C:\Windows\System32\WindowsPowerShell\v1.0\;C:\Windows\System32\OpenSSH\;C:\Program Files (x86)\NVIDIA Corporation\PhysX\Common;C:\Program Files\NVIDIA Corporation\NVIDIA NvDLISR;C:\WINDOWS\system32;C:\WINDOWS;C:\WINDOWS\System32\Wbem;C:\WINDOWS\System32\WindowsPowerShell\v1.0\;C:\WINDOWS\System32\OpenSSH\;C:\Program Files\Android\gradle-8.0.2\bin;C:\Users\abhinav dhanala\python\Scripts;C:\ProgramData\chocolatey\bin;C:\Users\apache-maven-3.9.5-bin\apache-maven-3.9.5\bin;C:\Program Files\Docker\Docker\resources\bin;C:\Program Files\MongoDB\mongosh-2.1.1-win32-x64\bin;C:\Program Files\Git\cmd;C:\Program Files\Git\bin;C:\Program Files\nodejs\;C:\Users\abhinav dhanala\Dropbox\My PC (LAPTOP-M9MKNU9G)\Desktop\New folder\cmdline-tools\bin;C:\Users\abhinav dhanala\AppData\Local\Android\Sdk\emulator;C:\Program Files\Android\Android Studio\jbr\bin\;C:\Program Files\Android\Android Studio\jre\bin;C:\Users\abhinav dhanala\AppData\Roaming\npm;C:\flutter\bin;C:\Program Files\MongoDB\mongosh-2.2.4-win32-x64\bin;C:\Users\abhinav dhanala\AppData\Local\Programs\Python\Python312;C:\Users\abhinav dhanala\AppData\Local\Programs\Python\Python312\Scripts;C:\Users\abhinav dhanala\Dropbox\My PC (LAPTOP-M9MKNU9G)\Downloads\platform-tools-latest-windows\platform-tools;C:\Program Files\Microsoft\jdk-17.0.10.7-hotspot\bin;C:\Program Files\Microsoft\jdk-17.0.10.7-hotspot\bin;C:\Program Files\Java\jdk-17\bin;C:\Program Files\Java\jdk-20\bin;C:\Program Files\Common Files\Oracle\Java\javapath;C:\Win
USERNAME=abhinav dhanala
LANG=en_US.UTF-8
OS=Windows_NT
PROCESSOR_IDENTIFIER=AMD64 Family 23 Model 24 Stepping 1, AuthenticAMD
TMP=C:\Users\ABHINA~1\AppData\Local\Temp
TEMP=C:\Users\ABHINA~1\AppData\Local\Temp



Periodic native trim disabled


---------------  S Y S T E M  ---------------

OS:
 Windows 11 , 64 bit Build 22621 (10.0.22621.3958)
OS uptime: 0 days 15:53 hours
Hyper-V role detected

CPU: total 8 (initial active 8) (8 cores per cpu, 2 threads per core) family 23 model 24 stepping 1 microcode 0x0, cx8, cmov, fxsr, ht, mmx, 3dnowpref, sse, sse2, sse3, ssse3, sse4a, sse4.1, sse4.2, popcnt, lzcnt, tsc, tscinvbit, avx, avx2, aes, clmul, bmi1, bmi2, adx, sha, fma, vzeroupper, clflush, clflushopt, hv
Processor Information for all 8 processors :
  Max Mhz: 2100, Current Mhz: 2100, Mhz Limit: 2100

Memory: 4k page, system-wide physical 6081M (52M free)
TotalPageFile size 17121M (AvailPageFile size 369M)
current process WorkingSet (physical memory assigned to process): 429M, peak: 436M
current process commit charge ("private bytes"): 595M, peak: 1014M

vm_info: OpenJDK 64-Bit Server VM (17.0.10+7-LTS) for windows-amd64 JRE (17.0.10+7-LTS), built on Jan 10 2024 19:47:12 by "MicrosoftCorporation" with MS VC++ 16.10 / 16.11 (VS2019)

END.
